running egg_info
creating ../../../../build/cg_teleop/cg_teleop.egg-info
writing ../../../../build/cg_teleop/cg_teleop.egg-info/PKG-INFO
writing dependency_links to ../../../../build/cg_teleop/cg_teleop.egg-info/dependency_links.txt
writing entry points to ../../../../build/cg_teleop/cg_teleop.egg-info/entry_points.txt
writing requirements to ../../../../build/cg_teleop/cg_teleop.egg-info/requires.txt
writing top-level names to ../../../../build/cg_teleop/cg_teleop.egg-info/top_level.txt
writing manifest file '../../../../build/cg_teleop/cg_teleop.egg-info/SOURCES.txt'
reading manifest file '../../../../build/cg_teleop/cg_teleop.egg-info/SOURCES.txt'
writing manifest file '../../../../build/cg_teleop/cg_teleop.egg-info/SOURCES.txt'
running build
running build_py
creating /home/inteli/ponderada_navegacao/build/cg_teleop/build
creating /home/inteli/ponderada_navegacao/build/cg_teleop/build/lib
creating /home/inteli/ponderada_navegacao/build/cg_teleop/build/lib/cg_teleop
copying cg_teleop/__init__.py -> /home/inteli/ponderada_navegacao/build/cg_teleop/build/lib/cg_teleop
copying cg_teleop/teleop_node.py -> /home/inteli/ponderada_navegacao/build/cg_teleop/build/lib/cg_teleop
running install
running install_lib
creating /home/inteli/ponderada_navegacao/install/cg_teleop/lib/python3.12/site-packages/cg_teleop
copying /home/inteli/ponderada_navegacao/build/cg_teleop/build/lib/cg_teleop/__init__.py -> /home/inteli/ponderada_navegacao/install/cg_teleop/lib/python3.12/site-packages/cg_teleop
copying /home/inteli/ponderada_navegacao/build/cg_teleop/build/lib/cg_teleop/teleop_node.py -> /home/inteli/ponderada_navegacao/install/cg_teleop/lib/python3.12/site-packages/cg_teleop
byte-compiling /home/inteli/ponderada_navegacao/install/cg_teleop/lib/python3.12/site-packages/cg_teleop/__init__.py to __init__.cpython-312.pyc
byte-compiling /home/inteli/ponderada_navegacao/install/cg_teleop/lib/python3.12/site-packages/cg_teleop/teleop_node.py to teleop_node.cpython-312.pyc
running install_data
creating /home/inteli/ponderada_navegacao/install/cg_teleop/share/ament_index
creating /home/inteli/ponderada_navegacao/install/cg_teleop/share/ament_index/resource_index
creating /home/inteli/ponderada_navegacao/install/cg_teleop/share/ament_index/resource_index/packages
copying resource/cg_teleop -> /home/inteli/ponderada_navegacao/install/cg_teleop/share/ament_index/resource_index/packages
copying package.xml -> /home/inteli/ponderada_navegacao/install/cg_teleop/share/cg_teleop
running install_egg_info
Copying ../../../../build/cg_teleop/cg_teleop.egg-info to /home/inteli/ponderada_navegacao/install/cg_teleop/lib/python3.12/site-packages/cg_teleop-0.0.0-py3.12.egg-info
running install_scripts
Installing teleop_keyboard script to /home/inteli/ponderada_navegacao/install/cg_teleop/lib/cg_teleop
writing list of installed files to '/home/inteli/ponderada_navegacao/build/cg_teleop/install.log'
