[1.498s] Invoking command in '/home/inteli/ponderada_navegacao/src/culling_games/src/cg_teleop': AMENT_PREFIX_PATH=/home/inteli/ponderada_navegacao/install/cg_interfaces:${AMENT_PREFIX_PATH} CMAKE_PREFIX_PATH=/home/inteli/ponderada_navegacao/install/cg_interfaces:${CMAKE_PREFIX_PATH} DEBUGINFOD_URLS=https://debuginfod.ubuntu.com LD_LIBRARY_PATH=/home/inteli/ponderada_navegacao/install/cg_interfaces/lib:${LD_LIBRARY_PATH} PYTHONPATH=/home/inteli/ponderada_navegacao/build/cg_teleop/prefix_override:/usr/lib/python3/dist-packages/colcon_core/task/python/colcon_distutils_commands:/home/inteli/ponderada_navegacao/install/cg_teleop/lib/python3.12/site-packages:/home/inteli/ponderada_navegacao/install/cg_interfaces/lib/python3.12/site-packages:${PYTHONPATH} /usr/bin/python3 -W ignore:setup.py install is deprecated -W ignore:easy_install command is deprecated setup.py egg_info --egg-base ../../../../build/cg_teleop build --build-base /home/inteli/ponderada_navegacao/build/cg_teleop/build install --record /home/inteli/ponderada_navegacao/build/cg_teleop/install.log --single-version-externally-managed install_data
[1.822s] running egg_info
[1.822s] creating ../../../../build/cg_teleop/cg_teleop.egg-info
[1.846s] writing ../../../../build/cg_teleop/cg_teleop.egg-info/PKG-INFO
[1.846s] writing dependency_links to ../../../../build/cg_teleop/cg_teleop.egg-info/dependency_links.txt
[1.846s] writing entry points to ../../../../build/cg_teleop/cg_teleop.egg-info/entry_points.txt
[1.846s] writing requirements to ../../../../build/cg_teleop/cg_teleop.egg-info/requires.txt
[1.846s] writing top-level names to ../../../../build/cg_teleop/cg_teleop.egg-info/top_level.txt
[1.847s] writing manifest file '../../../../build/cg_teleop/cg_teleop.egg-info/SOURCES.txt'
[1.901s] reading manifest file '../../../../build/cg_teleop/cg_teleop.egg-info/SOURCES.txt'
[1.901s] writing manifest file '../../../../build/cg_teleop/cg_teleop.egg-info/SOURCES.txt'
[1.902s] running build
[1.902s] running build_py
[1.903s] creating /home/inteli/ponderada_navegacao/build/cg_teleop/build
[1.903s] creating /home/inteli/ponderada_navegacao/build/cg_teleop/build/lib
[1.903s] creating /home/inteli/ponderada_navegacao/build/cg_teleop/build/lib/cg_teleop
[1.903s] copying cg_teleop/__init__.py -> /home/inteli/ponderada_navegacao/build/cg_teleop/build/lib/cg_teleop
[1.903s] copying cg_teleop/teleop_node.py -> /home/inteli/ponderada_navegacao/build/cg_teleop/build/lib/cg_teleop
[1.904s] running install
[1.913s] running install_lib
[1.940s] creating /home/inteli/ponderada_navegacao/install/cg_teleop/lib/python3.12/site-packages/cg_teleop
[1.940s] copying /home/inteli/ponderada_navegacao/build/cg_teleop/build/lib/cg_teleop/__init__.py -> /home/inteli/ponderada_navegacao/install/cg_teleop/lib/python3.12/site-packages/cg_teleop
[1.941s] copying /home/inteli/ponderada_navegacao/build/cg_teleop/build/lib/cg_teleop/teleop_node.py -> /home/inteli/ponderada_navegacao/install/cg_teleop/lib/python3.12/site-packages/cg_teleop
[1.941s] byte-compiling /home/inteli/ponderada_navegacao/install/cg_teleop/lib/python3.12/site-packages/cg_teleop/__init__.py to __init__.cpython-312.pyc
[1.941s] byte-compiling /home/inteli/ponderada_navegacao/install/cg_teleop/lib/python3.12/site-packages/cg_teleop/teleop_node.py to teleop_node.cpython-312.pyc
[1.943s] running install_data
[1.944s] creating /home/inteli/ponderada_navegacao/install/cg_teleop/share/ament_index
[1.945s] creating /home/inteli/ponderada_navegacao/install/cg_teleop/share/ament_index/resource_index
[1.945s] creating /home/inteli/ponderada_navegacao/install/cg_teleop/share/ament_index/resource_index/packages
[1.946s] copying resource/cg_teleop -> /home/inteli/ponderada_navegacao/install/cg_teleop/share/ament_index/resource_index/packages
[1.946s] copying package.xml -> /home/inteli/ponderada_navegacao/install/cg_teleop/share/cg_teleop
[1.946s] running install_egg_info
[1.973s] Copying ../../../../build/cg_teleop/cg_teleop.egg-info to /home/inteli/ponderada_navegacao/install/cg_teleop/lib/python3.12/site-packages/cg_teleop-0.0.0-py3.12.egg-info
[1.973s] running install_scripts
[2.169s] Installing teleop_keyboard script to /home/inteli/ponderada_navegacao/install/cg_teleop/lib/cg_teleop
[2.170s] writing list of installed files to '/home/inteli/ponderada_navegacao/build/cg_teleop/install.log'
[2.223s] Invoked command in '/home/inteli/ponderada_navegacao/src/culling_games/src/cg_teleop' returned '0': AMENT_PREFIX_PATH=/home/inteli/ponderada_navegacao/install/cg_interfaces:${AMENT_PREFIX_PATH} CMAKE_PREFIX_PATH=/home/inteli/ponderada_navegacao/install/cg_interfaces:${CMAKE_PREFIX_PATH} DEBUGINFOD_URLS=https://debuginfod.ubuntu.com LD_LIBRARY_PATH=/home/inteli/ponderada_navegacao/install/cg_interfaces/lib:${LD_LIBRARY_PATH} PYTHONPATH=/home/inteli/ponderada_navegacao/build/cg_teleop/prefix_override:/usr/lib/python3/dist-packages/colcon_core/task/python/colcon_distutils_commands:/home/inteli/ponderada_navegacao/install/cg_teleop/lib/python3.12/site-packages:/home/inteli/ponderada_navegacao/install/cg_interfaces/lib/python3.12/site-packages:${PYTHONPATH} /usr/bin/python3 -W ignore:setup.py install is deprecated -W ignore:easy_install command is deprecated setup.py egg_info --egg-base ../../../../build/cg_teleop build --build-base /home/inteli/ponderada_navegacao/build/cg_teleop/build install --record /home/inteli/ponderada_navegacao/build/cg_teleop/install.log --single-version-externally-managed install_data
