[ 25%] Building CXX object CMakeFiles/path_planner.dir/src/path_planner_node.cpp.o
[ 50%] Building CXX object CMakeFiles/mapper.dir/src/mapper_node.cpp.o
[ 75%] Linking CXX executable path_planner
[ 75%] Built target path_planner
[100%] Linking CXX executable mapper
[100%] Built target mapper
-- Install configuration: ""
-- Installing: /home/inteli/ponderada_navegacao/install/navegacao/lib/navegacao/path_planner
-- Set non-toolchain portion of runtime path of "/home/inteli/ponderada_navegacao/install/navegacao/lib/navegacao/path_planner" to ""
-- Installing: /home/inteli/ponderada_navegacao/install/navegacao/lib/navegacao/mapper
-- Set non-toolchain portion of runtime path of "/home/inteli/ponderada_navegacao/install/navegacao/lib/navegacao/mapper" to ""
-- Installing: /home/inteli/ponderada_navegacao/install/navegacao/include/navegacao
-- Installing: /home/inteli/ponderada_navegacao/install/navegacao/include/navegacao/grid_utils.hpp
-- Installing: /home/inteli/ponderada_navegacao/install/navegacao/share/navegacao/launch
-- Installing: /home/inteli/ponderada_navegacao/install/navegacao/share/navegacao/launch/mapper.launch.py
-- Installing: /home/inteli/ponderada_navegacao/install/navegacao/share/navegacao/launch/path_planner.launch.py
-- Installing: /home/inteli/ponderada_navegacao/install/navegacao/share/navegacao/maps
-- Installing: /home/inteli/ponderada_navegacao/install/navegacao/share/ament_index/resource_index/package_run_dependencies/navegacao
-- Installing: /home/inteli/ponderada_navegacao/install/navegacao/share/ament_index/resource_index/parent_prefix_path/navegacao
-- Installing: /home/inteli/ponderada_navegacao/install/navegacao/share/navegacao/environment/ament_prefix_path.sh
-- Installing: /home/inteli/ponderada_navegacao/install/navegacao/share/navegacao/environment/ament_prefix_path.dsv
-- Installing: /home/inteli/ponderada_navegacao/install/navegacao/share/navegacao/environment/path.sh
-- Installing: /home/inteli/ponderada_navegacao/install/navegacao/share/navegacao/environment/path.dsv
-- Installing: /home/inteli/ponderada_navegacao/install/navegacao/share/navegacao/local_setup.bash
-- Installing: /home/inteli/ponderada_navegacao/install/navegacao/share/navegacao/local_setup.sh
-- Installing: /home/inteli/ponderada_navegacao/install/navegacao/share/navegacao/local_setup.zsh
-- Installing: /home/inteli/ponderada_navegacao/install/navegacao/share/navegacao/local_setup.dsv
-- Installing: /home/inteli/ponderada_navegacao/install/navegacao/share/navegacao/package.dsv
-- Installing: /home/inteli/ponderada_navegacao/install/navegacao/share/ament_index/resource_index/packages/navegacao
-- Installing: /home/inteli/ponderada_navegacao/install/navegacao/share/navegacao/cmake/navegacaoConfig.cmake
-- Installing: /home/inteli/ponderada_navegacao/install/navegacao/share/navegacao/cmake/navegacaoConfig-version.cmake
-- Installing: /home/inteli/ponderada_navegacao/install/navegacao/share/navegacao/package.xml
