[0.028s] Invoking command in '/home/inteli/ponderada_navegacao/build/navegacao': CMAKE_PREFIX_PATH=/home/inteli/ponderada_navegacao/install/cg_interfaces:/home/inteli/ponderada_navegacao/install/navegacao:/opt/ros/jazzy/opt/gz_math_vendor:/opt/ros/jazzy/opt/gz_utils_vendor:/opt/ros/jazzy/opt/gz_cmake_vendor:/home/inteli/ponderada_navegacao/install/cg_teleop:/home/inteli/ponderada_navegacao/install/cg:/opt/ros/jazzy DEBUGINFOD_URLS=https://debuginfod.ubuntu.com PYTHONPATH=/home/inteli/ponderada_navegacao/install/cg_interfaces/lib/python3.12/site-packages:/home/inteli/ponderada_navegacao/install/cg_teleop/lib/python3.12/site-packages:/home/inteli/ponderada_navegacao/install/cg/lib/python3.12/site-packages:/opt/ros/jazzy/lib/python3.12/site-packages /usr/bin/cmake --build /home/inteli/ponderada_navegacao/build/navegacao -- -j8 -l8
[0.163s] [ 25%] [32mBuilding CXX object CMakeFiles/path_planner.dir/src/path_planner_node.cpp.o[0m
[8.393s] [ 50%] [32m[1mLinking CXX executable path_planner[0m
[8.766s] [ 50%] Built target path_planner
[8.854s] [ 75%] [32mBuilding CXX object CMakeFiles/mapper.dir/src/mapper_node.cpp.o[0m
[23.003s] [100%] [32m[1mLinking CXX executable mapper[0m
[23.592s] [100%] Built target mapper
[23.642s] Invoked command in '/home/inteli/ponderada_navegacao/build/navegacao' returned '0': CMAKE_PREFIX_PATH=/home/inteli/ponderada_navegacao/install/cg_interfaces:/home/inteli/ponderada_navegacao/install/navegacao:/opt/ros/jazzy/opt/gz_math_vendor:/opt/ros/jazzy/opt/gz_utils_vendor:/opt/ros/jazzy/opt/gz_cmake_vendor:/home/inteli/ponderada_navegacao/install/cg_teleop:/home/inteli/ponderada_navegacao/install/cg:/opt/ros/jazzy DEBUGINFOD_URLS=https://debuginfod.ubuntu.com PYTHONPATH=/home/inteli/ponderada_navegacao/install/cg_interfaces/lib/python3.12/site-packages:/home/inteli/ponderada_navegacao/install/cg_teleop/lib/python3.12/site-packages:/home/inteli/ponderada_navegacao/install/cg/lib/python3.12/site-packages:/opt/ros/jazzy/lib/python3.12/site-packages /usr/bin/cmake --build /home/inteli/ponderada_navegacao/build/navegacao -- -j8 -l8
[23.677s] Invoking command in '/home/inteli/ponderada_navegacao/build/navegacao': CMAKE_PREFIX_PATH=/home/inteli/ponderada_navegacao/install/cg_interfaces:/home/inteli/ponderada_navegacao/install/navegacao:/opt/ros/jazzy/opt/gz_math_vendor:/opt/ros/jazzy/opt/gz_utils_vendor:/opt/ros/jazzy/opt/gz_cmake_vendor:/home/inteli/ponderada_navegacao/install/cg_teleop:/home/inteli/ponderada_navegacao/install/cg:/opt/ros/jazzy DEBUGINFOD_URLS=https://debuginfod.ubuntu.com PYTHONPATH=/home/inteli/ponderada_navegacao/install/cg_interfaces/lib/python3.12/site-packages:/home/inteli/ponderada_navegacao/install/cg_teleop/lib/python3.12/site-packages:/home/inteli/ponderada_navegacao/install/cg/lib/python3.12/site-packages:/opt/ros/jazzy/lib/python3.12/site-packages /usr/bin/cmake --install /home/inteli/ponderada_navegacao/build/navegacao
[23.690s] -- Install configuration: ""
[23.690s] -- Installing: /home/inteli/ponderada_navegacao/install/navegacao/lib/navegacao/path_planner
[23.692s] -- Set non-toolchain portion of runtime path of "/home/inteli/ponderada_navegacao/install/navegacao/lib/navegacao/path_planner" to ""
[23.693s] -- Installing: /home/inteli/ponderada_navegacao/install/navegacao/lib/navegacao/mapper
[23.700s] -- Set non-toolchain portion of runtime path of "/home/inteli/ponderada_navegacao/install/navegacao/lib/navegacao/mapper" to ""
[23.701s] -- Up-to-date: /home/inteli/ponderada_navegacao/install/navegacao/include/navegacao
[23.701s] -- Up-to-date: /home/inteli/ponderada_navegacao/install/navegacao/include/navegacao/grid_utils.hpp
[23.701s] -- Up-to-date: /home/inteli/ponderada_navegacao/install/navegacao/share/navegacao/launch
[23.702s] -- Up-to-date: /home/inteli/ponderada_navegacao/install/navegacao/share/navegacao/launch/mapper.launch.py
[23.702s] -- Up-to-date: /home/inteli/ponderada_navegacao/install/navegacao/share/navegacao/launch/path_planner.launch.py
[23.702s] -- Up-to-date: /home/inteli/ponderada_navegacao/install/navegacao/share/navegacao/maps
[23.703s] -- Up-to-date: /home/inteli/ponderada_navegacao/install/navegacao/share/ament_index/resource_index/package_run_dependencies/navegacao
[23.703s] -- Up-to-date: /home/inteli/ponderada_navegacao/install/navegacao/share/ament_index/resource_index/parent_prefix_path/navegacao
[23.703s] -- Up-to-date: /home/inteli/ponderada_navegacao/install/navegacao/share/navegacao/environment/ament_prefix_path.sh
[23.703s] -- Up-to-date: /home/inteli/ponderada_navegacao/install/navegacao/share/navegacao/environment/ament_prefix_path.dsv
[23.704s] -- Up-to-date: /home/inteli/ponderada_navegacao/install/navegacao/share/navegacao/environment/path.sh
[23.704s] -- Up-to-date: /home/inteli/ponderada_navegacao/install/navegacao/share/navegacao/environment/path.dsv
[23.704s] -- Up-to-date: /home/inteli/ponderada_navegacao/install/navegacao/share/navegacao/local_setup.bash
[23.704s] -- Up-to-date: /home/inteli/ponderada_navegacao/install/navegacao/share/navegacao/local_setup.sh
[23.704s] -- Up-to-date: /home/inteli/ponderada_navegacao/install/navegacao/share/navegacao/local_setup.zsh
[23.705s] -- Up-to-date: /home/inteli/ponderada_navegacao/install/navegacao/share/navegacao/local_setup.dsv
[23.705s] -- Installing: /home/inteli/ponderada_navegacao/install/navegacao/share/navegacao/package.dsv
[23.705s] -- Up-to-date: /home/inteli/ponderada_navegacao/install/navegacao/share/ament_index/resource_index/packages/navegacao
[23.705s] -- Up-to-date: /home/inteli/ponderada_navegacao/install/navegacao/share/navegacao/cmake/navegacaoConfig.cmake
[23.707s] -- Up-to-date: /home/inteli/ponderada_navegacao/install/navegacao/share/navegacao/cmake/navegacaoConfig-version.cmake
[23.707s] -- Up-to-date: /home/inteli/ponderada_navegacao/install/navegacao/share/navegacao/package.xml
[23.708s] Invoked command in '/home/inteli/ponderada_navegacao/build/navegacao' returned '0': CMAKE_PREFIX_PATH=/home/inteli/ponderada_navegacao/install/cg_interfaces:/home/inteli/ponderada_navegacao/install/navegacao:/opt/ros/jazzy/opt/gz_math_vendor:/opt/ros/jazzy/opt/gz_utils_vendor:/opt/ros/jazzy/opt/gz_cmake_vendor:/home/inteli/ponderada_navegacao/install/cg_teleop:/home/inteli/ponderada_navegacao/install/cg:/opt/ros/jazzy DEBUGINFOD_URLS=https://debuginfod.ubuntu.com PYTHONPATH=/home/inteli/ponderada_navegacao/install/cg_interfaces/lib/python3.12/site-packages:/home/inteli/ponderada_navegacao/install/cg_teleop/lib/python3.12/site-packages:/home/inteli/ponderada_navegacao/install/cg/lib/python3.12/site-packages:/opt/ros/jazzy/lib/python3.12/site-packages /usr/bin/cmake --install /home/inteli/ponderada_navegacao/build/navegacao
