[0.000000] (-) TimerEvent: {}
[0.000188] (-) JobUnselected: {'identifier': 'cg'}
[0.000279] (-) JobUnselected: {'identifier': 'cg_interfaces'}
[0.000341] (-) JobUnselected: {'identifier': 'cg_teleop'}
[0.000402] (navegacao) JobQueued: {'identifier': 'navegacao', 'dependencies': OrderedDict({'cg_interfaces': '/home/inteli/ponderada_navegacao/install/cg_interfaces'})}
[0.001441] (navegacao) JobStarted: {'identifier': 'navegacao'}
[0.025370] (navegacao) JobProgress: {'identifier': 'navegacao', 'progress': 'cmake'}
[0.026700] (navegacao) JobProgress: {'identifier': 'navegacao', 'progress': 'build'}
[0.027861] (navegacao) Command: {'cmd': ['/usr/bin/cmake', '--build', '/home/inteli/ponderada_navegacao/build/navegacao', '--', '-j8', '-l8'], 'cwd': '/home/inteli/ponderada_navegacao/build/navegacao', 'env': OrderedDict({'GJS_DEBUG_TOPICS': 'JS ERROR;JS LOG', 'LESSOPEN': '| /usr/bin/lesspipe %s', 'VSCODE_CWD': '/home/inteli', 'VSCODE_ESM_ENTRYPOINT': 'vs/workbench/api/node/extensionHostProcess', 'USER': 'inteli', 'VSCODE_NLS_CONFIG': '{"userLocale":"en-us","osLocale":"en-us","resolvedLanguage":"en","defaultMessagesFile":"/usr/share/cursor/resources/app/out/nls.messages.json","locale":"en-us","availableLanguages":{}}', 'VSCODE_HANDLES_UNCAUGHT_ERRORS': 'true', 'XDG_SESSION_TYPE': 'wayland', 'CLUTTER_DISABLE_MIPMAPPED_TEXT': '1', 'SHLVL': '1', 'LD_LIBRARY_PATH': '/home/inteli/ponderada_navegacao/install/cg_interfaces/lib:/opt/ros/jazzy/opt/rviz_ogre_vendor/lib:/opt/ros/jazzy/lib/x86_64-linux-gnu:/opt/ros/jazzy/opt/gz_math_vendor/lib:/opt/ros/jazzy/opt/gz_utils_vendor/lib:/opt/ros/jazzy/opt/gz_cmake_vendor/lib:/opt/ros/jazzy/lib', 'HOME': '/home/inteli', 'CHROME_DESKTOP': 'cursor.desktop', 'CONDA_SHLVL': '0', 'OLDPWD': '/home/inteli/ponderada_navegacao', 'DESKTOP_SESSION': 'ubuntu', 'NVM_BIN': '/home/inteli/.nvm/versions/node/v20.19.5/bin', 'NVM_INC': '/home/inteli/.nvm/versions/node/v20.19.5/include/node', 'VSCODE_IPC_HOOK': '/run/user/1000/vscode-b447031e-2.1.-main.sock', 'GIO_LAUNCHED_DESKTOP_FILE': '/usr/share/applications/cursor.desktop', 'ROS_PYTHON_VERSION': '3', 'GNOME_SHELL_SESSION_MODE': 'ubuntu', 'GTK_MODULES': 'gail:atk-bridge', 'MANAGERPID': '3388', 'SYSTEMD_EXEC_PID': '3733', 'IM_CONFIG_CHECK_ENV': '1', 'GSM_SKIP_SSH_AGENT_WORKAROUND': 'true', 'NO_COLOR': '1', 'DBUS_SESSION_BUS_ADDRESS': 'unix:path=/run/user/1000/bus', 'GIO_LAUNCHED_DESKTOP_FILE_PID': '118363', 'NVM_DIR': '/home/inteli/.nvm', 'VSCODE_CRASH_REPORTER_PROCESS_TYPE': 'extensionHost', 'DEBUGINFOD_URLS': 'https://debuginfod.ubuntu.com', 'IM_CONFIG_PHASE': '1', 'WAYLAND_DISPLAY': 'wayland-0', 'VSCODE_L10N_BUNDLE_LOCATION': '', 'ROS_DISTRO': 'jazzy', 'LOGNAME': 'inteli', 'FORCE_COLOR': '0', 'JOURNAL_STREAM': '9:28848', '_': '/usr/bin/colcon', 'ROS_VERSION': '2', 'MEMORY_PRESSURE_WATCH': '/sys/fs/cgroup/user.slice/user-1000.slice/user@1000.service/session.slice/org.gnome.Shell@wayland.service/memory.pressure', 'XDG_SESSION_CLASS': 'user', 'USERNAME': 'inteli', 'TERM': 'dumb', 'GNOME_DESKTOP_SESSION_ID': 'this-is-deprecated', 'COMPOSER_NO_INTERACTION': '1', 'PATH': '/home/inteli/.local/bin:/home/inteli/.local/bin:/opt/ros/jazzy/bin:/home/inteli/.nvm/versions/node/v20.19.5/bin:/home/inteli/micromamba/condabin:/home/inteli/.cargo/bin:/home/inteli/.local/bin:/usr/local/sbin:/usr/local/bin:/usr/sbin:/usr/bin:/sbin:/bin:/usr/games:/usr/local/games:/snap/bin:/snap/bin', 'SESSION_MANAGER': 'local/inteli:@/tmp/.ICE-unix/3660,unix/inteli:/tmp/.ICE-unix/3660', 'INVOCATION_ID': 'f12c7352f27f4be7b406951c02292beb', 'XDG_MENU_PREFIX': 'gnome-', 'VSCODE_PROCESS_TITLE': 'extension-host  [1-2]', 'GNOME_SETUP_DISPLAY': ':1', 'XDG_RUNTIME_DIR': '/run/user/1000', 'GDK_BACKEND': 'x11', 'MAMBA_ROOT_PREFIX': '/home/inteli/micromamba', 'CURSOR_AGENT': '1', 'DISPLAY': ':0', 'LANG': 'en_US.UTF-8', 'XDG_CURRENT_DESKTOP': 'Unity', 'XMODIFIERS': '@im=ibus', 'XDG_SESSION_DESKTOP': 'ubuntu', 'XAUTHORITY': '/run/user/1000/.mutter-Xwaylandauth.R5MQG3', 'LS_COLORS': '', 'SBX_CHROME_API_RQ': '1', 'CURSOR_TRACE_ID': 'ca2fdaa175984c9bb4ec1b2cadd0ebdb', 'SSH_AUTH_SOCK': '/run/user/1000/keyring/ssh', 'AMENT_PREFIX_PATH': '/home/inteli/ponderada_navegacao/install/cg_interfaces:/opt/ros/jazzy', 'ORIGINAL_XDG_CURRENT_DESKTOP': 'ubuntu:GNOME', 'SHELL': '/bin/bash', 'QT_ACCESSIBILITY': '1', 'GDMSESSION': 'ubuntu', 'LESSCLOSE': '/usr/bin/lesspipe %s %s', 'GJS_DEBUG_OUTPUT': 'stderr', 'MAMBA_EXE': '/home/inteli/.local/bin/micromamba', 'ROS_AUTOMATIC_DISCOVERY_RANGE': 'SUBNET', 'QT_IM_MODULE': 'ibus', 'PWD': '/home/inteli/ponderada_navegacao/build/navegacao', 'LC_ALL': 'en_US.UTF-8', 'XDG_CONFIG_DIRS': '/etc/xdg/xdg-ubuntu:/etc/xdg', 'VSCODE_CODE_CACHE_PATH': '/home/inteli/.config/Cursor/CachedData/39a966b4048ef6b8024b27d4812a50d88de29cc0', 'NVM_CD_FLAGS': '', 'XDG_DATA_DIRS': '/usr/share/ubuntu:/usr/share/gnome:/usr/local/share/:/usr/share/:/var/lib/snapd/desktop', 'PYTHONPATH': '/home/inteli/ponderada_navegacao/install/cg_interfaces/lib/python3.12/site-packages:/opt/ros/jazzy/lib/python3.12/site-packages', 'COLCON': '1', '_ZO_DOCTOR': '0', 'MEMORY_PRESSURE_WRITE': 'c29tZSAyMDAwMDAgMjAwMDAwMAA=', 'CMAKE_PREFIX_PATH': '/home/inteli/ponderada_navegacao/install/cg_interfaces:/opt/ros/jazzy/opt/gz_math_vendor:/opt/ros/jazzy/opt/gz_utils_vendor:/opt/ros/jazzy/opt/gz_cmake_vendor:/opt/ros/jazzy', 'VSCODE_PID': '118363'}), 'shell': False}
[0.099006] (-) TimerEvent: {}
[0.201769] (-) TimerEvent: {}
[0.212213] (navegacao) StdoutLine: {'line': b'[ 50%] Built target path_planner\n'}
[0.213875] (navegacao) StdoutLine: {'line': b'[ 75%] Building CXX object CMakeFiles/mapper.dir/src/mapper_node.cpp.o\n'}
[0.301959] (-) TimerEvent: {}
[0.402252] (-) TimerEvent: {}
[0.502669] (-) TimerEvent: {}
[0.602943] (-) TimerEvent: {}
[0.703235] (-) TimerEvent: {}
[0.803558] (-) TimerEvent: {}
[0.903852] (-) TimerEvent: {}
[1.004148] (-) TimerEvent: {}
[1.104432] (-) TimerEvent: {}
[1.204736] (-) TimerEvent: {}
[1.305005] (-) TimerEvent: {}
[1.405277] (-) TimerEvent: {}
[1.505560] (-) TimerEvent: {}
[1.605792] (-) TimerEvent: {}
[1.706026] (-) TimerEvent: {}
[1.806288] (-) TimerEvent: {}
[1.906593] (-) TimerEvent: {}
[2.006866] (-) TimerEvent: {}
[2.108743] (-) TimerEvent: {}
[2.209094] (-) TimerEvent: {}
[2.309445] (-) TimerEvent: {}
[2.409819] (-) TimerEvent: {}
[2.510083] (-) TimerEvent: {}
[2.610359] (-) TimerEvent: {}
[2.710622] (-) TimerEvent: {}
[2.810905] (-) TimerEvent: {}
[2.911160] (-) TimerEvent: {}
[3.011676] (-) TimerEvent: {}
[3.111960] (-) TimerEvent: {}
[3.212423] (-) TimerEvent: {}
[3.313287] (-) TimerEvent: {}
[3.413702] (-) TimerEvent: {}
[3.514044] (-) TimerEvent: {}
[3.614397] (-) TimerEvent: {}
[3.715197] (-) TimerEvent: {}
[3.816699] (-) TimerEvent: {}
[3.917087] (-) TimerEvent: {}
[4.017421] (-) TimerEvent: {}
[4.117807] (-) TimerEvent: {}
[4.218150] (-) TimerEvent: {}
[4.318571] (-) TimerEvent: {}
[4.418939] (-) TimerEvent: {}
[4.519209] (-) TimerEvent: {}
[4.619680] (-) TimerEvent: {}
[4.720008] (-) TimerEvent: {}
[4.820266] (-) TimerEvent: {}
[4.920599] (-) TimerEvent: {}
[5.020917] (-) TimerEvent: {}
[5.121167] (-) TimerEvent: {}
[5.221399] (-) TimerEvent: {}
[5.321641] (-) TimerEvent: {}
[5.421940] (-) TimerEvent: {}
[5.522246] (-) TimerEvent: {}
[5.622510] (-) TimerEvent: {}
[5.722776] (-) TimerEvent: {}
[5.823034] (-) TimerEvent: {}
[5.923299] (-) TimerEvent: {}
[6.023604] (-) TimerEvent: {}
[6.123864] (-) TimerEvent: {}
[6.224131] (-) TimerEvent: {}
[6.324393] (-) TimerEvent: {}
[6.424673] (-) TimerEvent: {}
[6.524943] (-) TimerEvent: {}
[6.625177] (-) TimerEvent: {}
[6.725460] (-) TimerEvent: {}
[6.825835] (-) TimerEvent: {}
[6.926114] (-) TimerEvent: {}
[7.026426] (-) TimerEvent: {}
[7.126712] (-) TimerEvent: {}
[7.226989] (-) TimerEvent: {}
[7.327352] (-) TimerEvent: {}
[7.427645] (-) TimerEvent: {}
[7.527926] (-) TimerEvent: {}
[7.628172] (-) TimerEvent: {}
[7.728581] (-) TimerEvent: {}
[7.828957] (-) TimerEvent: {}
[7.929193] (-) TimerEvent: {}
[8.029472] (-) TimerEvent: {}
[8.129736] (-) TimerEvent: {}
[8.230006] (-) TimerEvent: {}
[8.330336] (-) TimerEvent: {}
[8.430718] (-) TimerEvent: {}
[8.531002] (-) TimerEvent: {}
[8.631317] (-) TimerEvent: {}
[8.731665] (-) TimerEvent: {}
[8.831910] (-) TimerEvent: {}
[8.932166] (-) TimerEvent: {}
[9.032439] (-) TimerEvent: {}
[9.132743] (-) TimerEvent: {}
[9.232998] (-) TimerEvent: {}
[9.333276] (-) TimerEvent: {}
[9.433598] (-) TimerEvent: {}
[9.533881] (-) TimerEvent: {}
[9.634197] (-) TimerEvent: {}
[9.734654] (-) TimerEvent: {}
[9.834939] (-) TimerEvent: {}
[9.935261] (-) TimerEvent: {}
[10.035638] (-) TimerEvent: {}
[10.135926] (-) TimerEvent: {}
[10.236232] (-) TimerEvent: {}
[10.336599] (-) TimerEvent: {}
[10.436864] (-) TimerEvent: {}
[10.537143] (-) TimerEvent: {}
[10.637407] (-) TimerEvent: {}
[10.737636] (-) TimerEvent: {}
[10.837873] (-) TimerEvent: {}
[10.938130] (-) TimerEvent: {}
[11.038392] (-) TimerEvent: {}
[11.138637] (-) TimerEvent: {}
[11.238892] (-) TimerEvent: {}
[11.339161] (-) TimerEvent: {}
[11.439426] (-) TimerEvent: {}
[11.539697] (-) TimerEvent: {}
[11.639936] (-) TimerEvent: {}
[11.740183] (-) TimerEvent: {}
[11.840452] (-) TimerEvent: {}
[11.940728] (-) TimerEvent: {}
[12.041072] (-) TimerEvent: {}
[12.141335] (-) TimerEvent: {}
[12.241678] (-) TimerEvent: {}
[12.341899] (-) TimerEvent: {}
[12.442137] (-) TimerEvent: {}
[12.542433] (-) TimerEvent: {}
[12.642776] (-) TimerEvent: {}
[12.743057] (-) TimerEvent: {}
[12.843320] (-) TimerEvent: {}
[12.943626] (-) TimerEvent: {}
[13.043881] (-) TimerEvent: {}
[13.144154] (-) TimerEvent: {}
[13.244413] (-) TimerEvent: {}
[13.344637] (-) TimerEvent: {}
[13.444925] (-) TimerEvent: {}
[13.545193] (-) TimerEvent: {}
[13.649351] (-) TimerEvent: {}
[13.749648] (-) TimerEvent: {}
[13.849969] (-) TimerEvent: {}
[13.952646] (-) TimerEvent: {}
[14.053399] (-) TimerEvent: {}
[14.153652] (-) TimerEvent: {}
[14.253931] (-) TimerEvent: {}
[14.354198] (-) TimerEvent: {}
[14.454454] (-) TimerEvent: {}
[14.554696] (-) TimerEvent: {}
[14.654957] (-) TimerEvent: {}
[14.755317] (-) TimerEvent: {}
[14.855591] (-) TimerEvent: {}
[14.955809] (-) TimerEvent: {}
[15.056026] (-) TimerEvent: {}
[15.156245] (-) TimerEvent: {}
[15.256459] (-) TimerEvent: {}
[15.356697] (-) TimerEvent: {}
[15.456923] (-) TimerEvent: {}
[15.557193] (-) TimerEvent: {}
[15.657414] (-) TimerEvent: {}
[15.757643] (-) TimerEvent: {}
[15.857914] (-) TimerEvent: {}
[15.958162] (-) TimerEvent: {}
[16.058429] (-) TimerEvent: {}
[16.158658] (-) TimerEvent: {}
[16.258994] (-) TimerEvent: {}
[16.359429] (-) TimerEvent: {}
[16.459879] (-) TimerEvent: {}
[16.560190] (-) TimerEvent: {}
[16.660617] (-) TimerEvent: {}
[16.760932] (-) TimerEvent: {}
[16.861219] (-) TimerEvent: {}
[16.961528] (-) TimerEvent: {}
[17.061812] (-) TimerEvent: {}
[17.162128] (-) TimerEvent: {}
[17.262518] (-) TimerEvent: {}
[17.362808] (-) TimerEvent: {}
[17.463108] (-) TimerEvent: {}
[17.563358] (-) TimerEvent: {}
[17.663632] (-) TimerEvent: {}
[17.763950] (-) TimerEvent: {}
[17.864260] (-) TimerEvent: {}
[17.965080] (-) TimerEvent: {}
[18.065349] (-) TimerEvent: {}
[18.165630] (-) TimerEvent: {}
[18.265890] (-) TimerEvent: {}
[18.366183] (-) TimerEvent: {}
[18.466527] (-) TimerEvent: {}
[18.566807] (-) TimerEvent: {}
[18.667092] (-) TimerEvent: {}
[18.767352] (-) TimerEvent: {}
[18.867630] (-) TimerEvent: {}
[18.967922] (-) TimerEvent: {}
[19.068174] (-) TimerEvent: {}
[19.168413] (-) TimerEvent: {}
[19.268630] (-) TimerEvent: {}
[19.368865] (-) TimerEvent: {}
[19.469121] (-) TimerEvent: {}
[19.569422] (-) TimerEvent: {}
[19.669741] (-) TimerEvent: {}
[19.770005] (-) TimerEvent: {}
[19.870281] (-) TimerEvent: {}
[19.970555] (-) TimerEvent: {}
[20.070828] (-) TimerEvent: {}
[20.171110] (-) TimerEvent: {}
[20.271377] (-) TimerEvent: {}
[20.371645] (-) TimerEvent: {}
[20.472245] (-) TimerEvent: {}
[20.572598] (-) TimerEvent: {}
[20.672827] (-) TimerEvent: {}
[20.773061] (-) TimerEvent: {}
[20.873310] (-) TimerEvent: {}
[20.973552] (-) TimerEvent: {}
[21.073862] (-) TimerEvent: {}
[21.174191] (-) TimerEvent: {}
[21.274464] (-) TimerEvent: {}
[21.374725] (-) TimerEvent: {}
[21.474990] (-) TimerEvent: {}
[21.575251] (-) TimerEvent: {}
[21.675525] (-) TimerEvent: {}
[21.775797] (-) TimerEvent: {}
[21.793914] (navegacao) StdoutLine: {'line': b'[100%] Linking CXX executable mapper\n'}
[21.875969] (-) TimerEvent: {}
[21.976319] (-) TimerEvent: {}
[22.076607] (-) TimerEvent: {}
[22.176861] (-) TimerEvent: {}
[22.277167] (-) TimerEvent: {}
[22.377523] (-) TimerEvent: {}
[22.477982] (-) TimerEvent: {}
[22.578382] (-) TimerEvent: {}
[22.614948] (navegacao) StdoutLine: {'line': b'[100%] Built target mapper\n'}
[22.641564] (navegacao) CommandEnded: {'returncode': 0}
[22.643369] (navegacao) JobProgress: {'identifier': 'navegacao', 'progress': 'install'}
[22.666198] (navegacao) Command: {'cmd': ['/usr/bin/cmake', '--install', '/home/inteli/ponderada_navegacao/build/navegacao'], 'cwd': '/home/inteli/ponderada_navegacao/build/navegacao', 'env': OrderedDict({'GJS_DEBUG_TOPICS': 'JS ERROR;JS LOG', 'LESSOPEN': '| /usr/bin/lesspipe %s', 'VSCODE_CWD': '/home/inteli', 'VSCODE_ESM_ENTRYPOINT': 'vs/workbench/api/node/extensionHostProcess', 'USER': 'inteli', 'VSCODE_NLS_CONFIG': '{"userLocale":"en-us","osLocale":"en-us","resolvedLanguage":"en","defaultMessagesFile":"/usr/share/cursor/resources/app/out/nls.messages.json","locale":"en-us","availableLanguages":{}}', 'VSCODE_HANDLES_UNCAUGHT_ERRORS': 'true', 'XDG_SESSION_TYPE': 'wayland', 'CLUTTER_DISABLE_MIPMAPPED_TEXT': '1', 'SHLVL': '1', 'LD_LIBRARY_PATH': '/home/inteli/ponderada_navegacao/install/cg_interfaces/lib:/opt/ros/jazzy/opt/rviz_ogre_vendor/lib:/opt/ros/jazzy/lib/x86_64-linux-gnu:/opt/ros/jazzy/opt/gz_math_vendor/lib:/opt/ros/jazzy/opt/gz_utils_vendor/lib:/opt/ros/jazzy/opt/gz_cmake_vendor/lib:/opt/ros/jazzy/lib', 'HOME': '/home/inteli', 'CHROME_DESKTOP': 'cursor.desktop', 'CONDA_SHLVL': '0', 'OLDPWD': '/home/inteli/ponderada_navegacao', 'DESKTOP_SESSION': 'ubuntu', 'NVM_BIN': '/home/inteli/.nvm/versions/node/v20.19.5/bin', 'NVM_INC': '/home/inteli/.nvm/versions/node/v20.19.5/include/node', 'VSCODE_IPC_HOOK': '/run/user/1000/vscode-b447031e-2.1.-main.sock', 'GIO_LAUNCHED_DESKTOP_FILE': '/usr/share/applications/cursor.desktop', 'ROS_PYTHON_VERSION': '3', 'GNOME_SHELL_SESSION_MODE': 'ubuntu', 'GTK_MODULES': 'gail:atk-bridge', 'MANAGERPID': '3388', 'SYSTEMD_EXEC_PID': '3733', 'IM_CONFIG_CHECK_ENV': '1', 'GSM_SKIP_SSH_AGENT_WORKAROUND': 'true', 'NO_COLOR': '1', 'DBUS_SESSION_BUS_ADDRESS': 'unix:path=/run/user/1000/bus', 'GIO_LAUNCHED_DESKTOP_FILE_PID': '118363', 'NVM_DIR': '/home/inteli/.nvm', 'VSCODE_CRASH_REPORTER_PROCESS_TYPE': 'extensionHost', 'DEBUGINFOD_URLS': 'https://debuginfod.ubuntu.com', 'IM_CONFIG_PHASE': '1', 'WAYLAND_DISPLAY': 'wayland-0', 'VSCODE_L10N_BUNDLE_LOCATION': '', 'ROS_DISTRO': 'jazzy', 'LOGNAME': 'inteli', 'FORCE_COLOR': '0', 'JOURNAL_STREAM': '9:28848', '_': '/usr/bin/colcon', 'ROS_VERSION': '2', 'MEMORY_PRESSURE_WATCH': '/sys/fs/cgroup/user.slice/user-1000.slice/user@1000.service/session.slice/org.gnome.Shell@wayland.service/memory.pressure', 'XDG_SESSION_CLASS': 'user', 'USERNAME': 'inteli', 'TERM': 'dumb', 'GNOME_DESKTOP_SESSION_ID': 'this-is-deprecated', 'COMPOSER_NO_INTERACTION': '1', 'PATH': '/home/inteli/.local/bin:/home/inteli/.local/bin:/opt/ros/jazzy/bin:/home/inteli/.nvm/versions/node/v20.19.5/bin:/home/inteli/micromamba/condabin:/home/inteli/.cargo/bin:/home/inteli/.local/bin:/usr/local/sbin:/usr/local/bin:/usr/sbin:/usr/bin:/sbin:/bin:/usr/games:/usr/local/games:/snap/bin:/snap/bin', 'SESSION_MANAGER': 'local/inteli:@/tmp/.ICE-unix/3660,unix/inteli:/tmp/.ICE-unix/3660', 'INVOCATION_ID': 'f12c7352f27f4be7b406951c02292beb', 'XDG_MENU_PREFIX': 'gnome-', 'VSCODE_PROCESS_TITLE': 'extension-host  [1-2]', 'GNOME_SETUP_DISPLAY': ':1', 'XDG_RUNTIME_DIR': '/run/user/1000', 'GDK_BACKEND': 'x11', 'MAMBA_ROOT_PREFIX': '/home/inteli/micromamba', 'CURSOR_AGENT': '1', 'DISPLAY': ':0', 'LANG': 'en_US.UTF-8', 'XDG_CURRENT_DESKTOP': 'Unity', 'XMODIFIERS': '@im=ibus', 'XDG_SESSION_DESKTOP': 'ubuntu', 'XAUTHORITY': '/run/user/1000/.mutter-Xwaylandauth.R5MQG3', 'LS_COLORS': '', 'SBX_CHROME_API_RQ': '1', 'CURSOR_TRACE_ID': 'ca2fdaa175984c9bb4ec1b2cadd0ebdb', 'SSH_AUTH_SOCK': '/run/user/1000/keyring/ssh', 'AMENT_PREFIX_PATH': '/home/inteli/ponderada_navegacao/install/cg_interfaces:/opt/ros/jazzy', 'ORIGINAL_XDG_CURRENT_DESKTOP': 'ubuntu:GNOME', 'SHELL': '/bin/bash', 'QT_ACCESSIBILITY': '1', 'GDMSESSION': 'ubuntu', 'LESSCLOSE': '/usr/bin/lesspipe %s %s', 'GJS_DEBUG_OUTPUT': 'stderr', 'MAMBA_EXE': '/home/inteli/.local/bin/micromamba', 'ROS_AUTOMATIC_DISCOVERY_RANGE': 'SUBNET', 'QT_IM_MODULE': 'ibus', 'PWD': '/home/inteli/ponderada_navegacao/build/navegacao', 'LC_ALL': 'en_US.UTF-8', 'XDG_CONFIG_DIRS': '/etc/xdg/xdg-ubuntu:/etc/xdg', 'VSCODE_CODE_CACHE_PATH': '/home/inteli/.config/Cursor/CachedData/39a966b4048ef6b8024b27d4812a50d88de29cc0', 'NVM_CD_FLAGS': '', 'XDG_DATA_DIRS': '/usr/share/ubuntu:/usr/share/gnome:/usr/local/share/:/usr/share/:/var/lib/snapd/desktop', 'PYTHONPATH': '/home/inteli/ponderada_navegacao/install/cg_interfaces/lib/python3.12/site-packages:/opt/ros/jazzy/lib/python3.12/site-packages', 'COLCON': '1', '_ZO_DOCTOR': '0', 'MEMORY_PRESSURE_WRITE': 'c29tZSAyMDAwMDAgMjAwMDAwMAA=', 'CMAKE_PREFIX_PATH': '/home/inteli/ponderada_navegacao/install/cg_interfaces:/opt/ros/jazzy/opt/gz_math_vendor:/opt/ros/jazzy/opt/gz_utils_vendor:/opt/ros/jazzy/opt/gz_cmake_vendor:/opt/ros/jazzy', 'VSCODE_PID': '118363'}), 'shell': False}
[22.678536] (-) TimerEvent: {}
[22.684830] (navegacao) StdoutLine: {'line': b'-- Install configuration: ""\n'}
[22.685681] (navegacao) StdoutLine: {'line': b'-- Up-to-date: /home/inteli/ponderada_navegacao/install/navegacao/lib/navegacao/path_planner\n'}
[22.686239] (navegacao) StdoutLine: {'line': b'-- Installing: /home/inteli/ponderada_navegacao/install/navegacao/lib/navegacao/mapper\n'}
[22.696733] (navegacao) StdoutLine: {'line': b'-- Set non-toolchain portion of runtime path of "/home/inteli/ponderada_navegacao/install/navegacao/lib/navegacao/mapper" to ""\n'}
[22.698508] (navegacao) StdoutLine: {'line': b'-- Up-to-date: /home/inteli/ponderada_navegacao/install/navegacao/include/navegacao\n'}
[22.698929] (navegacao) StdoutLine: {'line': b'-- Up-to-date: /home/inteli/ponderada_navegacao/install/navegacao/include/navegacao/grid_utils.hpp\n'}
[22.699216] (navegacao) StdoutLine: {'line': b'-- Up-to-date: /home/inteli/ponderada_navegacao/install/navegacao/share/navegacao/launch\n'}
[22.699477] (navegacao) StdoutLine: {'line': b'-- Up-to-date: /home/inteli/ponderada_navegacao/install/navegacao/share/navegacao/launch/mapper.launch.py\n'}
[22.699764] (navegacao) StdoutLine: {'line': b'-- Up-to-date: /home/inteli/ponderada_navegacao/install/navegacao/share/navegacao/launch/path_planner.launch.py\n'}
[22.700039] (navegacao) StdoutLine: {'line': b'-- Up-to-date: /home/inteli/ponderada_navegacao/install/navegacao/share/navegacao/maps\n'}
[22.700304] (navegacao) StdoutLine: {'line': b'-- Up-to-date: /home/inteli/ponderada_navegacao/install/navegacao/share/ament_index/resource_index/package_run_dependencies/navegacao\n'}
[22.700621] (navegacao) StdoutLine: {'line': b'-- Up-to-date: /home/inteli/ponderada_navegacao/install/navegacao/share/ament_index/resource_index/parent_prefix_path/navegacao\n'}
[22.700927] (navegacao) StdoutLine: {'line': b'-- Up-to-date: /home/inteli/ponderada_navegacao/install/navegacao/share/navegacao/environment/ament_prefix_path.sh\n'}
[22.701204] (navegacao) StdoutLine: {'line': b'-- Up-to-date: /home/inteli/ponderada_navegacao/install/navegacao/share/navegacao/environment/ament_prefix_path.dsv\n'}
[22.701476] (navegacao) StdoutLine: {'line': b'-- Up-to-date: /home/inteli/ponderada_navegacao/install/navegacao/share/navegacao/environment/path.sh\n'}
[22.701762] (navegacao) StdoutLine: {'line': b'-- Up-to-date: /home/inteli/ponderada_navegacao/install/navegacao/share/navegacao/environment/path.dsv\n'}
[22.702029] (navegacao) StdoutLine: {'line': b'-- Up-to-date: /home/inteli/ponderada_navegacao/install/navegacao/share/navegacao/local_setup.bash\n'}
[22.702566] (navegacao) StdoutLine: {'line': b'-- Up-to-date: /home/inteli/ponderada_navegacao/install/navegacao/share/navegacao/local_setup.sh\n'}
[22.703330] (navegacao) StdoutLine: {'line': b'-- Up-to-date: /home/inteli/ponderada_navegacao/install/navegacao/share/navegacao/local_setup.zsh\n'}
[22.704378] (navegacao) StdoutLine: {'line': b'-- Up-to-date: /home/inteli/ponderada_navegacao/install/navegacao/share/navegacao/local_setup.dsv\n'}
[22.704940] (navegacao) StdoutLine: {'line': b'-- Installing: /home/inteli/ponderada_navegacao/install/navegacao/share/navegacao/package.dsv\n'}
[22.705923] (navegacao) StdoutLine: {'line': b'-- Up-to-date: /home/inteli/ponderada_navegacao/install/navegacao/share/ament_index/resource_index/packages/navegacao\n'}
[22.706112] (navegacao) StdoutLine: {'line': b'-- Up-to-date: /home/inteli/ponderada_navegacao/install/navegacao/share/navegacao/cmake/navegacaoConfig.cmake\n'}
[22.706278] (navegacao) StdoutLine: {'line': b'-- Up-to-date: /home/inteli/ponderada_navegacao/install/navegacao/share/navegacao/cmake/navegacaoConfig-version.cmake\n'}
[22.706438] (navegacao) StdoutLine: {'line': b'-- Up-to-date: /home/inteli/ponderada_navegacao/install/navegacao/share/navegacao/package.xml\n'}
[22.706650] (navegacao) CommandEnded: {'returncode': 0}
[22.745469] (navegacao) JobEnded: {'identifier': 'navegacao', 'rc': 0}
[22.747481] (-) EventReactorShutdown: {}
