[0.000000] (-) TimerEvent: {}
[0.000142] (-) JobUnselected: {'identifier': 'cg'}
[0.000318] (-) JobUnselected: {'identifier': 'cg_interfaces'}
[0.000343] (-) JobUnselected: {'identifier': 'cg_teleop'}
[0.000368] (navegacao) JobQueued: {'identifier': 'navegacao', 'dependencies': OrderedDict({'cg_interfaces': '/home/inteli/ponderada_navegacao/install/cg_interfaces'})}
[0.000648] (navegacao) JobStarted: {'identifier': 'navegacao'}
[0.016941] (navegacao) JobProgress: {'identifier': 'navegacao', 'progress': 'cmake'}
[0.018071] (navegacao) JobProgress: {'identifier': 'navegacao', 'progress': 'build'}
[0.019290] (navegacao) Command: {'cmd': ['/usr/bin/cmake', '--build', '/home/inteli/ponderada_navegacao/build/navegacao', '--', '-j8', '-l8'], 'cwd': '/home/inteli/ponderada_navegacao/build/navegacao', 'env': OrderedDict({'GJS_DEBUG_TOPICS': 'JS ERROR;JS LOG', 'LESSOPEN': '| /usr/bin/lesspipe %s', 'VSCODE_CWD': '/home/inteli', 'VSCODE_ESM_ENTRYPOINT': 'vs/workbench/api/node/extensionHostProcess', 'USER': 'inteli', 'VSCODE_NLS_CONFIG': '{"userLocale":"en-us","osLocale":"en-us","resolvedLanguage":"en","defaultMessagesFile":"/usr/share/cursor/resources/app/out/nls.messages.json","locale":"en-us","availableLanguages":{}}', 'VSCODE_HANDLES_UNCAUGHT_ERRORS': 'true', 'XDG_SESSION_TYPE': 'wayland', 'CLUTTER_DISABLE_MIPMAPPED_TEXT': '1', 'SHLVL': '1', 'LD_LIBRARY_PATH': '/home/inteli/ponderada_navegacao/install/cg_interfaces/lib:/opt/ros/jazzy/opt/rviz_ogre_vendor/lib:/opt/ros/jazzy/lib/x86_64-linux-gnu:/opt/ros/jazzy/opt/gz_math_vendor/lib:/opt/ros/jazzy/opt/gz_utils_vendor/lib:/opt/ros/jazzy/opt/gz_cmake_vendor/lib:/opt/ros/jazzy/lib', 'HOME': '/home/inteli', 'CHROME_DESKTOP': 'cursor.desktop', 'CONDA_SHLVL': '0', 'OLDPWD': '/home/inteli/ponderada_navegacao', 'DESKTOP_SESSION': 'ubuntu', 'NVM_BIN': '/home/inteli/.nvm/versions/node/v20.19.5/bin', 'NVM_INC': '/home/inteli/.nvm/versions/node/v20.19.5/include/node', 'VSCODE_IPC_HOOK': '/run/user/1000/vscode-b447031e-2.1.-main.sock', 'GIO_LAUNCHED_DESKTOP_FILE': '/usr/share/applications/cursor.desktop', 'ROS_PYTHON_VERSION': '3', 'GNOME_SHELL_SESSION_MODE': 'ubuntu', 'GTK_MODULES': 'gail:atk-bridge', 'MANAGERPID': '3388', 'SYSTEMD_EXEC_PID': '3733', 'IM_CONFIG_CHECK_ENV': '1', 'GSM_SKIP_SSH_AGENT_WORKAROUND': 'true', 'NO_COLOR': '1', 'DBUS_SESSION_BUS_ADDRESS': 'unix:path=/run/user/1000/bus', 'GIO_LAUNCHED_DESKTOP_FILE_PID': '118363', 'NVM_DIR': '/home/inteli/.nvm', 'VSCODE_CRASH_REPORTER_PROCESS_TYPE': 'extensionHost', 'DEBUGINFOD_URLS': 'https://debuginfod.ubuntu.com', 'IM_CONFIG_PHASE': '1', 'WAYLAND_DISPLAY': 'wayland-0', 'VSCODE_L10N_BUNDLE_LOCATION': '', 'ROS_DISTRO': 'jazzy', 'LOGNAME': 'inteli', 'FORCE_COLOR': '0', 'JOURNAL_STREAM': '9:28848', '_': '/usr/bin/colcon', 'ROS_VERSION': '2', 'MEMORY_PRESSURE_WATCH': '/sys/fs/cgroup/user.slice/user-1000.slice/user@1000.service/session.slice/org.gnome.Shell@wayland.service/memory.pressure', 'XDG_SESSION_CLASS': 'user', 'USERNAME': 'inteli', 'TERM': 'dumb', 'GNOME_DESKTOP_SESSION_ID': 'this-is-deprecated', 'COMPOSER_NO_INTERACTION': '1', 'PATH': '/home/inteli/.local/bin:/home/inteli/.local/bin:/opt/ros/jazzy/bin:/home/inteli/.nvm/versions/node/v20.19.5/bin:/home/inteli/micromamba/condabin:/home/inteli/.cargo/bin:/home/inteli/.local/bin:/usr/local/sbin:/usr/local/bin:/usr/sbin:/usr/bin:/sbin:/bin:/usr/games:/usr/local/games:/snap/bin:/snap/bin', 'SESSION_MANAGER': 'local/inteli:@/tmp/.ICE-unix/3660,unix/inteli:/tmp/.ICE-unix/3660', 'INVOCATION_ID': 'f12c7352f27f4be7b406951c02292beb', 'XDG_MENU_PREFIX': 'gnome-', 'VSCODE_PROCESS_TITLE': 'extension-host  [1-2]', 'GNOME_SETUP_DISPLAY': ':1', 'XDG_RUNTIME_DIR': '/run/user/1000', 'GDK_BACKEND': 'x11', 'MAMBA_ROOT_PREFIX': '/home/inteli/micromamba', 'CURSOR_AGENT': '1', 'DISPLAY': ':0', 'LANG': 'en_US.UTF-8', 'XDG_CURRENT_DESKTOP': 'Unity', 'XMODIFIERS': '@im=ibus', 'XDG_SESSION_DESKTOP': 'ubuntu', 'XAUTHORITY': '/run/user/1000/.mutter-Xwaylandauth.R5MQG3', 'LS_COLORS': '', 'SBX_CHROME_API_RQ': '1', 'CURSOR_TRACE_ID': 'ca2fdaa175984c9bb4ec1b2cadd0ebdb', 'SSH_AUTH_SOCK': '/run/user/1000/keyring/ssh', 'AMENT_PREFIX_PATH': '/home/inteli/ponderada_navegacao/install/cg_interfaces:/opt/ros/jazzy', 'ORIGINAL_XDG_CURRENT_DESKTOP': 'ubuntu:GNOME', 'SHELL': '/bin/bash', 'QT_ACCESSIBILITY': '1', 'GDMSESSION': 'ubuntu', 'LESSCLOSE': '/usr/bin/lesspipe %s %s', 'GJS_DEBUG_OUTPUT': 'stderr', 'MAMBA_EXE': '/home/inteli/.local/bin/micromamba', 'ROS_AUTOMATIC_DISCOVERY_RANGE': 'SUBNET', 'QT_IM_MODULE': 'ibus', 'PWD': '/home/inteli/ponderada_navegacao/build/navegacao', 'LC_ALL': 'en_US.UTF-8', 'XDG_CONFIG_DIRS': '/etc/xdg/xdg-ubuntu:/etc/xdg', 'VSCODE_CODE_CACHE_PATH': '/home/inteli/.config/Cursor/CachedData/39a966b4048ef6b8024b27d4812a50d88de29cc0', 'NVM_CD_FLAGS': '', 'XDG_DATA_DIRS': '/usr/share/ubuntu:/usr/share/gnome:/usr/local/share/:/usr/share/:/var/lib/snapd/desktop', 'PYTHONPATH': '/home/inteli/ponderada_navegacao/install/cg_interfaces/lib/python3.12/site-packages:/opt/ros/jazzy/lib/python3.12/site-packages', 'COLCON': '1', '_ZO_DOCTOR': '0', 'MEMORY_PRESSURE_WRITE': 'c29tZSAyMDAwMDAgMjAwMDAwMAA=', 'CMAKE_PREFIX_PATH': '/home/inteli/ponderada_navegacao/install/cg_interfaces:/opt/ros/jazzy/opt/gz_math_vendor:/opt/ros/jazzy/opt/gz_utils_vendor:/opt/ros/jazzy/opt/gz_cmake_vendor:/opt/ros/jazzy', 'VSCODE_PID': '118363'}), 'shell': False}
[0.099687] (-) TimerEvent: {}
[0.138528] (navegacao) StdoutLine: {'line': b'[ 25%] Building CXX object CMakeFiles/path_planner.dir/src/path_planner_node.cpp.o\n'}
[0.141284] (navegacao) StdoutLine: {'line': b'[ 75%] Built target mapper\n'}
[0.199799] (-) TimerEvent: {}
[0.300039] (-) TimerEvent: {}
[0.400235] (-) TimerEvent: {}
[0.500498] (-) TimerEvent: {}
[0.600709] (-) TimerEvent: {}
[0.700932] (-) TimerEvent: {}
[0.801134] (-) TimerEvent: {}
[0.901409] (-) TimerEvent: {}
[1.001736] (-) TimerEvent: {}
[1.101958] (-) TimerEvent: {}
[1.202214] (-) TimerEvent: {}
[1.302497] (-) TimerEvent: {}
[1.402728] (-) TimerEvent: {}
[1.502993] (-) TimerEvent: {}
[1.603373] (-) TimerEvent: {}
[1.703677] (-) TimerEvent: {}
[1.803909] (-) TimerEvent: {}
[1.904143] (-) TimerEvent: {}
[2.004362] (-) TimerEvent: {}
[2.104614] (-) TimerEvent: {}
[2.204865] (-) TimerEvent: {}
[2.305198] (-) TimerEvent: {}
[2.405466] (-) TimerEvent: {}
[2.505707] (-) TimerEvent: {}
[2.606022] (-) TimerEvent: {}
[2.706289] (-) TimerEvent: {}
[2.806530] (-) TimerEvent: {}
[2.906887] (-) TimerEvent: {}
[3.007141] (-) TimerEvent: {}
[3.107398] (-) TimerEvent: {}
[3.210055] (-) TimerEvent: {}
[3.310317] (-) TimerEvent: {}
[3.410577] (-) TimerEvent: {}
[3.510824] (-) TimerEvent: {}
[3.611079] (-) TimerEvent: {}
[3.711424] (-) TimerEvent: {}
[3.811791] (-) TimerEvent: {}
[3.912049] (-) TimerEvent: {}
[4.012232] (-) TimerEvent: {}
[4.112468] (-) TimerEvent: {}
[4.212662] (-) TimerEvent: {}
[4.313027] (-) TimerEvent: {}
[4.413262] (-) TimerEvent: {}
[4.513484] (-) TimerEvent: {}
[4.613720] (-) TimerEvent: {}
[4.713929] (-) TimerEvent: {}
[4.814172] (-) TimerEvent: {}
[4.914438] (-) TimerEvent: {}
[5.014684] (-) TimerEvent: {}
[5.114952] (-) TimerEvent: {}
[5.215183] (-) TimerEvent: {}
[5.315523] (-) TimerEvent: {}
[5.415737] (-) TimerEvent: {}
[5.515962] (-) TimerEvent: {}
[5.616199] (-) TimerEvent: {}
[5.716651] (-) TimerEvent: {}
[5.817044] (-) TimerEvent: {}
[5.917314] (-) TimerEvent: {}
[6.017683] (-) TimerEvent: {}
[6.117933] (-) TimerEvent: {}
[6.218185] (-) TimerEvent: {}
[6.318444] (-) TimerEvent: {}
[6.418680] (-) TimerEvent: {}
[6.518897] (-) TimerEvent: {}
[6.619103] (-) TimerEvent: {}
[6.719372] (-) TimerEvent: {}
[6.819668] (-) TimerEvent: {}
[6.919916] (-) TimerEvent: {}
[7.020212] (-) TimerEvent: {}
[7.120466] (-) TimerEvent: {}
[7.220691] (-) TimerEvent: {}
[7.320953] (-) TimerEvent: {}
[7.421224] (-) TimerEvent: {}
[7.508487] (navegacao) StdoutLine: {'line': b'[100%] Linking CXX executable path_planner\n'}
[7.521405] (-) TimerEvent: {}
[7.621737] (-) TimerEvent: {}
[7.722071] (-) TimerEvent: {}
[7.822480] (-) TimerEvent: {}
[7.839369] (navegacao) StdoutLine: {'line': b'[100%] Built target path_planner\n'}
[7.859701] (navegacao) CommandEnded: {'returncode': 0}
[7.860689] (navegacao) JobProgress: {'identifier': 'navegacao', 'progress': 'install'}
[7.873852] (navegacao) Command: {'cmd': ['/usr/bin/cmake', '--install', '/home/inteli/ponderada_navegacao/build/navegacao'], 'cwd': '/home/inteli/ponderada_navegacao/build/navegacao', 'env': OrderedDict({'GJS_DEBUG_TOPICS': 'JS ERROR;JS LOG', 'LESSOPEN': '| /usr/bin/lesspipe %s', 'VSCODE_CWD': '/home/inteli', 'VSCODE_ESM_ENTRYPOINT': 'vs/workbench/api/node/extensionHostProcess', 'USER': 'inteli', 'VSCODE_NLS_CONFIG': '{"userLocale":"en-us","osLocale":"en-us","resolvedLanguage":"en","defaultMessagesFile":"/usr/share/cursor/resources/app/out/nls.messages.json","locale":"en-us","availableLanguages":{}}', 'VSCODE_HANDLES_UNCAUGHT_ERRORS': 'true', 'XDG_SESSION_TYPE': 'wayland', 'CLUTTER_DISABLE_MIPMAPPED_TEXT': '1', 'SHLVL': '1', 'LD_LIBRARY_PATH': '/home/inteli/ponderada_navegacao/install/cg_interfaces/lib:/opt/ros/jazzy/opt/rviz_ogre_vendor/lib:/opt/ros/jazzy/lib/x86_64-linux-gnu:/opt/ros/jazzy/opt/gz_math_vendor/lib:/opt/ros/jazzy/opt/gz_utils_vendor/lib:/opt/ros/jazzy/opt/gz_cmake_vendor/lib:/opt/ros/jazzy/lib', 'HOME': '/home/inteli', 'CHROME_DESKTOP': 'cursor.desktop', 'CONDA_SHLVL': '0', 'OLDPWD': '/home/inteli/ponderada_navegacao', 'DESKTOP_SESSION': 'ubuntu', 'NVM_BIN': '/home/inteli/.nvm/versions/node/v20.19.5/bin', 'NVM_INC': '/home/inteli/.nvm/versions/node/v20.19.5/include/node', 'VSCODE_IPC_HOOK': '/run/user/1000/vscode-b447031e-2.1.-main.sock', 'GIO_LAUNCHED_DESKTOP_FILE': '/usr/share/applications/cursor.desktop', 'ROS_PYTHON_VERSION': '3', 'GNOME_SHELL_SESSION_MODE': 'ubuntu', 'GTK_MODULES': 'gail:atk-bridge', 'MANAGERPID': '3388', 'SYSTEMD_EXEC_PID': '3733', 'IM_CONFIG_CHECK_ENV': '1', 'GSM_SKIP_SSH_AGENT_WORKAROUND': 'true', 'NO_COLOR': '1', 'DBUS_SESSION_BUS_ADDRESS': 'unix:path=/run/user/1000/bus', 'GIO_LAUNCHED_DESKTOP_FILE_PID': '118363', 'NVM_DIR': '/home/inteli/.nvm', 'VSCODE_CRASH_REPORTER_PROCESS_TYPE': 'extensionHost', 'DEBUGINFOD_URLS': 'https://debuginfod.ubuntu.com', 'IM_CONFIG_PHASE': '1', 'WAYLAND_DISPLAY': 'wayland-0', 'VSCODE_L10N_BUNDLE_LOCATION': '', 'ROS_DISTRO': 'jazzy', 'LOGNAME': 'inteli', 'FORCE_COLOR': '0', 'JOURNAL_STREAM': '9:28848', '_': '/usr/bin/colcon', 'ROS_VERSION': '2', 'MEMORY_PRESSURE_WATCH': '/sys/fs/cgroup/user.slice/user-1000.slice/user@1000.service/session.slice/org.gnome.Shell@wayland.service/memory.pressure', 'XDG_SESSION_CLASS': 'user', 'USERNAME': 'inteli', 'TERM': 'dumb', 'GNOME_DESKTOP_SESSION_ID': 'this-is-deprecated', 'COMPOSER_NO_INTERACTION': '1', 'PATH': '/home/inteli/.local/bin:/home/inteli/.local/bin:/opt/ros/jazzy/bin:/home/inteli/.nvm/versions/node/v20.19.5/bin:/home/inteli/micromamba/condabin:/home/inteli/.cargo/bin:/home/inteli/.local/bin:/usr/local/sbin:/usr/local/bin:/usr/sbin:/usr/bin:/sbin:/bin:/usr/games:/usr/local/games:/snap/bin:/snap/bin', 'SESSION_MANAGER': 'local/inteli:@/tmp/.ICE-unix/3660,unix/inteli:/tmp/.ICE-unix/3660', 'INVOCATION_ID': 'f12c7352f27f4be7b406951c02292beb', 'XDG_MENU_PREFIX': 'gnome-', 'VSCODE_PROCESS_TITLE': 'extension-host  [1-2]', 'GNOME_SETUP_DISPLAY': ':1', 'XDG_RUNTIME_DIR': '/run/user/1000', 'GDK_BACKEND': 'x11', 'MAMBA_ROOT_PREFIX': '/home/inteli/micromamba', 'CURSOR_AGENT': '1', 'DISPLAY': ':0', 'LANG': 'en_US.UTF-8', 'XDG_CURRENT_DESKTOP': 'Unity', 'XMODIFIERS': '@im=ibus', 'XDG_SESSION_DESKTOP': 'ubuntu', 'XAUTHORITY': '/run/user/1000/.mutter-Xwaylandauth.R5MQG3', 'LS_COLORS': '', 'SBX_CHROME_API_RQ': '1', 'CURSOR_TRACE_ID': 'ca2fdaa175984c9bb4ec1b2cadd0ebdb', 'SSH_AUTH_SOCK': '/run/user/1000/keyring/ssh', 'AMENT_PREFIX_PATH': '/home/inteli/ponderada_navegacao/install/cg_interfaces:/opt/ros/jazzy', 'ORIGINAL_XDG_CURRENT_DESKTOP': 'ubuntu:GNOME', 'SHELL': '/bin/bash', 'QT_ACCESSIBILITY': '1', 'GDMSESSION': 'ubuntu', 'LESSCLOSE': '/usr/bin/lesspipe %s %s', 'GJS_DEBUG_OUTPUT': 'stderr', 'MAMBA_EXE': '/home/inteli/.local/bin/micromamba', 'ROS_AUTOMATIC_DISCOVERY_RANGE': 'SUBNET', 'QT_IM_MODULE': 'ibus', 'PWD': '/home/inteli/ponderada_navegacao/build/navegacao', 'LC_ALL': 'en_US.UTF-8', 'XDG_CONFIG_DIRS': '/etc/xdg/xdg-ubuntu:/etc/xdg', 'VSCODE_CODE_CACHE_PATH': '/home/inteli/.config/Cursor/CachedData/39a966b4048ef6b8024b27d4812a50d88de29cc0', 'NVM_CD_FLAGS': '', 'XDG_DATA_DIRS': '/usr/share/ubuntu:/usr/share/gnome:/usr/local/share/:/usr/share/:/var/lib/snapd/desktop', 'PYTHONPATH': '/home/inteli/ponderada_navegacao/install/cg_interfaces/lib/python3.12/site-packages:/opt/ros/jazzy/lib/python3.12/site-packages', 'COLCON': '1', '_ZO_DOCTOR': '0', 'MEMORY_PRESSURE_WRITE': 'c29tZSAyMDAwMDAgMjAwMDAwMAA=', 'CMAKE_PREFIX_PATH': '/home/inteli/ponderada_navegacao/install/cg_interfaces:/opt/ros/jazzy/opt/gz_math_vendor:/opt/ros/jazzy/opt/gz_utils_vendor:/opt/ros/jazzy/opt/gz_cmake_vendor:/opt/ros/jazzy', 'VSCODE_PID': '118363'}), 'shell': False}
[7.889195] (navegacao) StdoutLine: {'line': b'-- Install configuration: ""\n'}
[7.889607] (navegacao) StdoutLine: {'line': b'-- Installing: /home/inteli/ponderada_navegacao/install/navegacao/lib/navegacao/path_planner\n'}
[7.893261] (navegacao) StdoutLine: {'line': b'-- Set non-toolchain portion of runtime path of "/home/inteli/ponderada_navegacao/install/navegacao/lib/navegacao/path_planner" to ""\n'}
[7.894143] (navegacao) StdoutLine: {'line': b'-- Up-to-date: /home/inteli/ponderada_navegacao/install/navegacao/lib/navegacao/mapper\n'}
[7.894574] (navegacao) StdoutLine: {'line': b'-- Up-to-date: /home/inteli/ponderada_navegacao/install/navegacao/include/navegacao\n'}
[7.894749] (navegacao) StdoutLine: {'line': b'-- Up-to-date: /home/inteli/ponderada_navegacao/install/navegacao/include/navegacao/grid_utils.hpp\n'}
[7.895082] (navegacao) StdoutLine: {'line': b'-- Up-to-date: /home/inteli/ponderada_navegacao/install/navegacao/share/navegacao/launch\n'}
[7.895246] (navegacao) StdoutLine: {'line': b'-- Up-to-date: /home/inteli/ponderada_navegacao/install/navegacao/share/navegacao/launch/mapper.launch.py\n'}
[7.895404] (navegacao) StdoutLine: {'line': b'-- Up-to-date: /home/inteli/ponderada_navegacao/install/navegacao/share/navegacao/launch/path_planner.launch.py\n'}
[7.895629] (navegacao) StdoutLine: {'line': b'-- Up-to-date: /home/inteli/ponderada_navegacao/install/navegacao/share/navegacao/maps\n'}
[7.895785] (navegacao) StdoutLine: {'line': b'-- Up-to-date: /home/inteli/ponderada_navegacao/install/navegacao/share/ament_index/resource_index/package_run_dependencies/navegacao\n'}
[7.895915] (navegacao) StdoutLine: {'line': b'-- Up-to-date: /home/inteli/ponderada_navegacao/install/navegacao/share/ament_index/resource_index/parent_prefix_path/navegacao\n'}
[7.896056] (navegacao) StdoutLine: {'line': b'-- Up-to-date: /home/inteli/ponderada_navegacao/install/navegacao/share/navegacao/environment/ament_prefix_path.sh\n'}
[7.896187] (navegacao) StdoutLine: {'line': b'-- Up-to-date: /home/inteli/ponderada_navegacao/install/navegacao/share/navegacao/environment/ament_prefix_path.dsv\n'}
[7.896323] (navegacao) StdoutLine: {'line': b'-- Up-to-date: /home/inteli/ponderada_navegacao/install/navegacao/share/navegacao/environment/path.sh\n'}
[7.896452] (navegacao) StdoutLine: {'line': b'-- Up-to-date: /home/inteli/ponderada_navegacao/install/navegacao/share/navegacao/environment/path.dsv\n'}
[7.896581] (navegacao) StdoutLine: {'line': b'-- Up-to-date: /home/inteli/ponderada_navegacao/install/navegacao/share/navegacao/local_setup.bash\n'}
[7.896720] (navegacao) StdoutLine: {'line': b'-- Up-to-date: /home/inteli/ponderada_navegacao/install/navegacao/share/navegacao/local_setup.sh\n'}
[7.896848] (navegacao) StdoutLine: {'line': b'-- Up-to-date: /home/inteli/ponderada_navegacao/install/navegacao/share/navegacao/local_setup.zsh\n'}
[7.896971] (navegacao) StdoutLine: {'line': b'-- Up-to-date: /home/inteli/ponderada_navegacao/install/navegacao/share/navegacao/local_setup.dsv\n'}
[7.897179] (navegacao) StdoutLine: {'line': b'-- Installing: /home/inteli/ponderada_navegacao/install/navegacao/share/navegacao/package.dsv\n'}
[7.897570] (navegacao) StdoutLine: {'line': b'-- Up-to-date: /home/inteli/ponderada_navegacao/install/navegacao/share/ament_index/resource_index/packages/navegacao\n'}
[7.898372] (navegacao) StdoutLine: {'line': b'-- Up-to-date: /home/inteli/ponderada_navegacao/install/navegacao/share/navegacao/cmake/navegacaoConfig.cmake\n'}
[7.898686] (navegacao) StdoutLine: {'line': b'-- Up-to-date: /home/inteli/ponderada_navegacao/install/navegacao/share/navegacao/cmake/navegacaoConfig-version.cmake\n'}
[7.898825] (navegacao) StdoutLine: {'line': b'-- Up-to-date: /home/inteli/ponderada_navegacao/install/navegacao/share/navegacao/package.xml\n'}
[7.899225] (navegacao) CommandEnded: {'returncode': 0}
[7.922782] (-) TimerEvent: {}
[7.929483] (navegacao) JobEnded: {'identifier': 'navegacao', 'rc': 0}
[7.930357] (-) EventReactorShutdown: {}
