[0.120s] DEBUG:colcon:Command line arguments: ['/usr/bin/colcon', 'build', '--packages-select', 'navegacao']
[0.120s] DEBUG:colcon:Parsed command line arguments: Namespace(log_base=None, log_level=None, verb_name='build', build_base='build', install_base='install', merge_install=False, symlink_install=False, test_result_base=None, continue_on_error=False, executor='parallel', parallel_workers=8, event_handlers=None, ignore_user_meta=False, metas=['./colcon.meta'], base_paths=['.'], packages_ignore=None, packages_ignore_regex=None, paths=None, packages_up_to=None, packages_up_to_regex=None, packages_above=None, packages_above_and_dependencies=None, packages_above_depth=None, packages_select_by_dep=None, packages_skip_by_dep=None, packages_skip_up_to=None, packages_select_build_failed=False, packages_skip_build_finished=False, packages_select_test_failures=False, packages_skip_test_passed=False, packages_select=['navegacao'], packages_skip=None, packages_select_regex=None, packages_skip_regex=None, packages_start=None, packages_end=None, allow_overriding=[], cmake_args=None, cmake_target=None, cmake_target_skip_unavailable=False, cmake_clean_cache=False, cmake_clean_first=False, cmake_force_configure=False, ament_cmake_args=None, catkin_cmake_args=None, catkin_skip_building_tests=False, mixin_files=None, mixin=None, verb_parser=<colcon_mixin.mixin.mixin_argument.MixinArgumentDecorator object at 0x720fa7b90860>, verb_extension=<colcon_core.verb.build.BuildVerb object at 0x720fa7c29190>, main=<bound method BuildVerb.main of <colcon_core.verb.build.BuildVerb object at 0x720fa7c29190>>, mixin_verb=('build',))
[0.162s] Level 1:colcon.colcon_core.package_discovery:discover_packages(colcon_meta) check parameters
[0.162s] Level 1:colcon.colcon_core.package_discovery:discover_packages(recursive) check parameters
[0.162s] Level 1:colcon.colcon_core.package_discovery:discover_packages(ignore) check parameters
[0.162s] Level 1:colcon.colcon_core.package_discovery:discover_packages(path) check parameters
[0.162s] Level 1:colcon.colcon_core.package_discovery:discover_packages(colcon_meta) discover
[0.162s] Level 1:colcon.colcon_core.package_discovery:discover_packages(recursive) discover
[0.162s] INFO:colcon.colcon_core.package_discovery:Crawling recursively for packages in '/home/inteli/ponderada_navegacao/src/navegacao'
[0.163s] Level 1:colcon.colcon_core.package_identification:_identify(.) by extensions ['ignore', 'ignore_ament_install']
[0.163s] Level 1:colcon.colcon_core.package_identification:_identify(.) by extension 'ignore'
[0.163s] Level 1:colcon.colcon_core.package_identification:_identify(.) by extension 'ignore_ament_install'
[0.163s] Level 1:colcon.colcon_core.package_identification:_identify(.) by extensions ['colcon_pkg']
[0.163s] Level 1:colcon.colcon_core.package_identification:_identify(.) by extension 'colcon_pkg'
[0.163s] Level 1:colcon.colcon_core.package_identification:_identify(.) by extensions ['colcon_meta']
[0.163s] Level 1:colcon.colcon_core.package_identification:_identify(.) by extension 'colcon_meta'
[0.163s] Level 1:colcon.colcon_core.package_identification:_identify(.) by extensions ['ros']
[0.163s] Level 1:colcon.colcon_core.package_identification:_identify(.) by extension 'ros'
[0.192s] DEBUG:colcon.colcon_core.package_identification:Package '.' with type 'ros.ament_cmake' and name 'navegacao'
[0.192s] Level 1:colcon.colcon_core.package_discovery:discover_packages(recursive) using defaults
[0.192s] Level 1:colcon.colcon_core.package_discovery:discover_packages(ignore) discover
[0.192s] Level 1:colcon.colcon_core.package_discovery:discover_packages(ignore) using defaults
[0.192s] Level 1:colcon.colcon_core.package_discovery:discover_packages(path) discover
[0.192s] Level 1:colcon.colcon_core.package_discovery:discover_packages(path) using defaults
[0.212s] Level 1:colcon.colcon_core.package_discovery:discover_packages(prefix_path) check parameters
[0.212s] Level 1:colcon.colcon_core.package_discovery:discover_packages(prefix_path) discover
[0.215s] DEBUG:colcon.colcon_installed_package_information.package_discovery:Found 285 installed packages in /opt/ros/jazzy
[0.216s] Level 1:colcon.colcon_core.package_discovery:discover_packages(prefix_path) using defaults
[0.256s] Level 5:colcon.colcon_core.verb:set package 'navegacao' build argument 'cmake_args' from command line to 'None'
[0.256s] Level 5:colcon.colcon_core.verb:set package 'navegacao' build argument 'cmake_target' from command line to 'None'
[0.256s] Level 5:colcon.colcon_core.verb:set package 'navegacao' build argument 'cmake_target_skip_unavailable' from command line to 'False'
[0.256s] Level 5:colcon.colcon_core.verb:set package 'navegacao' build argument 'cmake_clean_cache' from command line to 'False'
[0.256s] Level 5:colcon.colcon_core.verb:set package 'navegacao' build argument 'cmake_clean_first' from command line to 'False'
[0.256s] Level 5:colcon.colcon_core.verb:set package 'navegacao' build argument 'cmake_force_configure' from command line to 'False'
[0.256s] Level 5:colcon.colcon_core.verb:set package 'navegacao' build argument 'ament_cmake_args' from command line to 'None'
[0.256s] Level 5:colcon.colcon_core.verb:set package 'navegacao' build argument 'catkin_cmake_args' from command line to 'None'
[0.256s] Level 5:colcon.colcon_core.verb:set package 'navegacao' build argument 'catkin_skip_building_tests' from command line to 'False'
[0.256s] DEBUG:colcon.colcon_core.verb:Building package 'navegacao' with the following arguments: {'ament_cmake_args': None, 'build_base': '/home/inteli/ponderada_navegacao/src/navegacao/build/navegacao', 'catkin_cmake_args': None, 'catkin_skip_building_tests': False, 'cmake_args': None, 'cmake_clean_cache': False, 'cmake_clean_first': False, 'cmake_force_configure': False, 'cmake_target': None, 'cmake_target_skip_unavailable': False, 'install_base': '/home/inteli/ponderada_navegacao/src/navegacao/install/navegacao', 'merge_install': False, 'path': '/home/inteli/ponderada_navegacao/src/navegacao', 'symlink_install': False, 'test_result_base': None}
[0.256s] INFO:colcon.colcon_core.executor:Executing jobs using 'parallel' executor
[0.257s] DEBUG:colcon.colcon_parallel_executor.executor.parallel:run_until_complete
[0.258s] INFO:colcon.colcon_ros.task.ament_cmake.build:Building ROS package in '/home/inteli/ponderada_navegacao/src/navegacao' with build type 'ament_cmake'
[0.258s] INFO:colcon.colcon_cmake.task.cmake.build:Building CMake package in '/home/inteli/ponderada_navegacao/src/navegacao'
[0.260s] INFO:colcon.colcon_core.plugin_system:Skipping extension 'colcon_core.shell.bat': Not used on non-Windows systems
[0.260s] INFO:colcon.colcon_core.shell:Skip shell extension 'powershell' for command environment: Not usable outside of PowerShell
[0.260s] DEBUG:colcon.colcon_core.shell:Skip shell extension 'dsv' for command environment
[0.268s] DEBUG:colcon.colcon_core.event_handler.log_command:Invoking command in '/home/inteli/ponderada_navegacao/src/navegacao/build/navegacao': CMAKE_PREFIX_PATH=${CMAKE_PREFIX_PATH}:/opt/ros/jazzy DEBUGINFOD_URLS=https://debuginfod.ubuntu.com /usr/bin/cmake /home/inteli/ponderada_navegacao/src/navegacao -DCMAKE_INSTALL_PREFIX=/home/inteli/ponderada_navegacao/src/navegacao/install/navegacao
[1.494s] DEBUG:colcon.colcon_core.event_handler.log_command:Invoked command in '/home/inteli/ponderada_navegacao/src/navegacao/build/navegacao' returned '1': CMAKE_PREFIX_PATH=${CMAKE_PREFIX_PATH}:/opt/ros/jazzy DEBUGINFOD_URLS=https://debuginfod.ubuntu.com /usr/bin/cmake /home/inteli/ponderada_navegacao/src/navegacao -DCMAKE_INSTALL_PREFIX=/home/inteli/ponderada_navegacao/src/navegacao/install/navegacao
[1.512s] Level 1:colcon.colcon_core.environment:create_environment_scripts_only(navegacao)
[1.518s] Level 1:colcon.colcon_core.environment:checking '/home/inteli/ponderada_navegacao/src/navegacao/install/navegacao' for CMake module files
[1.519s] Level 1:colcon.colcon_core.environment:checking '/home/inteli/ponderada_navegacao/src/navegacao/install/navegacao' for CMake config files
[1.519s] Level 1:colcon.colcon_core.environment:checking '/home/inteli/ponderada_navegacao/src/navegacao/install/navegacao/bin'
[1.519s] Level 1:colcon.colcon_core.environment:checking '/home/inteli/ponderada_navegacao/src/navegacao/install/navegacao/lib/pkgconfig/navegacao.pc'
[1.520s] Level 1:colcon.colcon_core.environment:checking '/home/inteli/ponderada_navegacao/src/navegacao/install/navegacao/lib/python3.12/site-packages'
[1.520s] Level 1:colcon.colcon_core.environment:checking '/home/inteli/ponderada_navegacao/src/navegacao/install/navegacao/bin'
[1.520s] INFO:colcon.colcon_core.shell:Creating package script '/home/inteli/ponderada_navegacao/src/navegacao/install/navegacao/share/navegacao/package.ps1'
[1.522s] INFO:colcon.colcon_core.shell:Creating package descriptor '/home/inteli/ponderada_navegacao/src/navegacao/install/navegacao/share/navegacao/package.dsv'
[1.523s] INFO:colcon.colcon_core.shell:Creating package script '/home/inteli/ponderada_navegacao/src/navegacao/install/navegacao/share/navegacao/package.sh'
[1.524s] INFO:colcon.colcon_core.shell:Creating package script '/home/inteli/ponderada_navegacao/src/navegacao/install/navegacao/share/navegacao/package.bash'
[1.524s] INFO:colcon.colcon_core.shell:Creating package script '/home/inteli/ponderada_navegacao/src/navegacao/install/navegacao/share/navegacao/package.zsh'
[1.525s] Level 1:colcon.colcon_core.environment:create_file_with_runtime_dependencies(/home/inteli/ponderada_navegacao/src/navegacao/install/navegacao/share/colcon-core/packages/navegacao)
[1.536s] DEBUG:colcon.colcon_parallel_executor.executor.parallel:closing loop
[1.536s] DEBUG:colcon.colcon_parallel_executor.executor.parallel:loop closed
[1.536s] DEBUG:colcon.colcon_parallel_executor.executor.parallel:run_until_complete finished with '1'
[1.536s] DEBUG:colcon.colcon_core.event_reactor:joining thread
[1.549s] INFO:colcon.colcon_core.plugin_system:Skipping extension 'colcon_notification.desktop_notification.terminal_notifier': Not used on non-Darwin systems
[1.549s] INFO:colcon.colcon_core.plugin_system:Skipping extension 'colcon_notification.desktop_notification.win32': Not used on non-Windows systems
[1.549s] INFO:colcon.colcon_notification.desktop_notification:Sending desktop notification using 'notify2'
[1.582s] DEBUG:colcon.colcon_core.event_reactor:joined thread
[1.582s] INFO:colcon.colcon_core.shell:Creating prefix script '/home/inteli/ponderada_navegacao/src/navegacao/install/local_setup.ps1'
[1.584s] INFO:colcon.colcon_core.shell:Creating prefix util module '/home/inteli/ponderada_navegacao/src/navegacao/install/_local_setup_util_ps1.py'
[1.586s] INFO:colcon.colcon_core.shell:Creating prefix chain script '/home/inteli/ponderada_navegacao/src/navegacao/install/setup.ps1'
[1.589s] INFO:colcon.colcon_core.shell:Creating prefix script '/home/inteli/ponderada_navegacao/src/navegacao/install/local_setup.sh'
[1.590s] INFO:colcon.colcon_core.shell:Creating prefix util module '/home/inteli/ponderada_navegacao/src/navegacao/install/_local_setup_util_sh.py'
[1.591s] INFO:colcon.colcon_core.shell:Creating prefix chain script '/home/inteli/ponderada_navegacao/src/navegacao/install/setup.sh'
[1.593s] INFO:colcon.colcon_core.shell:Creating prefix script '/home/inteli/ponderada_navegacao/src/navegacao/install/local_setup.bash'
[1.595s] INFO:colcon.colcon_core.shell:Creating prefix chain script '/home/inteli/ponderada_navegacao/src/navegacao/install/setup.bash'
[1.597s] INFO:colcon.colcon_core.shell:Creating prefix script '/home/inteli/ponderada_navegacao/src/navegacao/install/local_setup.zsh'
[1.598s] INFO:colcon.colcon_core.shell:Creating prefix chain script '/home/inteli/ponderada_navegacao/src/navegacao/install/setup.zsh'
