[0.010s] Invoking command in '/home/inteli/ponderada_navegacao/src/navegacao/build/navegacao': CMAKE_PREFIX_PATH=${CMAKE_PREFIX_PATH}:/opt/ros/jazzy DEBUGINFOD_URLS=https://debuginfod.ubuntu.com /usr/bin/cmake /home/inteli/ponderada_navegacao/src/navegacao -DCMAKE_INSTALL_PREFIX=/home/inteli/ponderada_navegacao/src/navegacao/install/navegacao
[0.111s] -- The CXX compiler identification is GNU 13.3.0
[0.142s] -- Detecting CXX compiler ABI info
[0.321s] -- Detecting CXX compiler ABI info - done
[0.340s] -- Check for working CXX compiler: /usr/bin/c++ - skipped
[0.348s] -- Detecting CXX compile features
[0.348s] -- Detecting CXX compile features - done
[0.360s] -- Found ament_cmake: 2.5.4 (/opt/ros/jazzy/share/ament_cmake/cmake)
[0.605s] -- Found Python3: /usr/bin/python3 (found version "3.12.3") found components: Interpreter 
[0.729s] -- Found rclcpp: 28.1.13 (/opt/ros/jazzy/share/rclcpp/cmake)
[0.794s] -- Found rosidl_generator_c: 4.6.6 (/opt/ros/jazzy/share/rosidl_generator_c/cmake)
[0.810s] -- Found rosidl_generator_cpp: 4.6.6 (/opt/ros/jazzy/share/rosidl_generator_cpp/cmake)
[0.831s] -- Using all available rosidl_typesupport_c: rosidl_typesupport_fastrtps_c;rosidl_typesupport_introspection_c
[0.851s] -- Using all available rosidl_typesupport_cpp: rosidl_typesupport_fastrtps_cpp;rosidl_typesupport_introspection_cpp
[0.939s] -- Found rmw_implementation_cmake: 7.3.2 (/opt/ros/jazzy/share/rmw_implementation_cmake/cmake)
[0.943s] -- Found rmw_fastrtps_cpp: 8.4.3 (/opt/ros/jazzy/share/rmw_fastrtps_cpp/cmake)
[1.047s] -- Found OpenSSL: /usr/lib/x86_64-linux-gnu/libcrypto.so (found version "3.0.13")  
[1.084s] -- Found FastRTPS: /opt/ros/jazzy/include (Required is at least version "2.13") 
[1.119s] -- Using RMW implementation 'rmw_fastrtps_cpp' as default
[1.223s] [31mCMake Error at CMakeLists.txt:15 (find_package):
[1.224s]   By not providing "Findcg_interfaces.cmake" in CMAKE_MODULE_PATH this
[1.224s]   project has asked CMake to find a package configuration file provided by
[1.224s]   "cg_interfaces", but CMake did not find one.
[1.224s] 
[1.224s]   Could not find a package configuration file provided by "cg_interfaces"
[1.224s]   with any of the following names:
[1.224s] 
[1.225s]     cg_interfacesConfig.cmake
[1.225s]     cg_interfaces-config.cmake
[1.225s] 
[1.225s]   Add the installation prefix of "cg_interfaces" to CMAKE_PREFIX_PATH or set
[1.225s]   "cg_interfaces_DIR" to a directory containing one of the above files.  If
[1.225s]   "cg_interfaces" provides a separate development package or SDK, be sure it
[1.225s]   has been installed.
[1.225s] 
[1.225s] [0m
[1.226s] -- Configuring incomplete, errors occurred!
[1.236s] Invoked command in '/home/inteli/ponderada_navegacao/src/navegacao/build/navegacao' returned '1': CMAKE_PREFIX_PATH=${CMAKE_PREFIX_PATH}:/opt/ros/jazzy DEBUGINFOD_URLS=https://debuginfod.ubuntu.com /usr/bin/cmake /home/inteli/ponderada_navegacao/src/navegacao -DCMAKE_INSTALL_PREFIX=/home/inteli/ponderada_navegacao/src/navegacao/install/navegacao
