[0.026s] Invoking command in '/home/inteli/ponderada_navegacao/build/navegacao': AMENT_PREFIX_PATH=/home/inteli/ponderada_navegacao/install/cg_interfaces:${AMENT_PREFIX_PATH} CMAKE_PREFIX_PATH=/home/inteli/ponderada_navegacao/install/cg_interfaces:/opt/ros/jazzy/opt/gz_math_vendor:/opt/ros/jazzy/opt/gz_utils_vendor:/opt/ros/jazzy/opt/gz_cmake_vendor:/opt/ros/jazzy DEBUGINFOD_URLS=https://debuginfod.ubuntu.com LD_LIBRARY_PATH=/home/inteli/ponderada_navegacao/install/cg_interfaces/lib:${LD_LIBRARY_PATH} PYTHONPATH=/home/inteli/ponderada_navegacao/install/cg_interfaces/lib/python3.12/site-packages:${PYTHONPATH} /usr/bin/cmake --build /home/inteli/ponderada_navegacao/build/navegacao -- -j8 -l8
[0.150s] [ 50%] Built target path_planner
[0.171s] [ 75%] Building CXX object CMakeFiles/mapper.dir/src/mapper_node.cpp.o
[22.576s] [100%] Linking CXX executable mapper
[23.348s] [100%] Built target mapper
[23.376s] Invoked command in '/home/inteli/ponderada_navegacao/build/navegacao' returned '0': AMENT_PREFIX_PATH=/home/inteli/ponderada_navegacao/install/cg_interfaces:${AMENT_PREFIX_PATH} CMAKE_PREFIX_PATH=/home/inteli/ponderada_navegacao/install/cg_interfaces:/opt/ros/jazzy/opt/gz_math_vendor:/opt/ros/jazzy/opt/gz_utils_vendor:/opt/ros/jazzy/opt/gz_cmake_vendor:/opt/ros/jazzy DEBUGINFOD_URLS=https://debuginfod.ubuntu.com LD_LIBRARY_PATH=/home/inteli/ponderada_navegacao/install/cg_interfaces/lib:${LD_LIBRARY_PATH} PYTHONPATH=/home/inteli/ponderada_navegacao/install/cg_interfaces/lib/python3.12/site-packages:${PYTHONPATH} /usr/bin/cmake --build /home/inteli/ponderada_navegacao/build/navegacao -- -j8 -l8
[23.400s] Invoking command in '/home/inteli/ponderada_navegacao/build/navegacao': AMENT_PREFIX_PATH=/home/inteli/ponderada_navegacao/install/cg_interfaces:${AMENT_PREFIX_PATH} CMAKE_PREFIX_PATH=/home/inteli/ponderada_navegacao/install/cg_interfaces:/opt/ros/jazzy/opt/gz_math_vendor:/opt/ros/jazzy/opt/gz_utils_vendor:/opt/ros/jazzy/opt/gz_cmake_vendor:/opt/ros/jazzy DEBUGINFOD_URLS=https://debuginfod.ubuntu.com LD_LIBRARY_PATH=/home/inteli/ponderada_navegacao/install/cg_interfaces/lib:${LD_LIBRARY_PATH} PYTHONPATH=/home/inteli/ponderada_navegacao/install/cg_interfaces/lib/python3.12/site-packages:${PYTHONPATH} /usr/bin/cmake --install /home/inteli/ponderada_navegacao/build/navegacao
[23.419s] -- Install configuration: ""
[23.420s] -- Up-to-date: /home/inteli/ponderada_navegacao/install/navegacao/lib/navegacao/path_planner
[23.420s] -- Installing: /home/inteli/ponderada_navegacao/install/navegacao/lib/navegacao/mapper
[23.432s] -- Set non-toolchain portion of runtime path of "/home/inteli/ponderada_navegacao/install/navegacao/lib/navegacao/mapper" to ""
[23.434s] -- Up-to-date: /home/inteli/ponderada_navegacao/install/navegacao/include/navegacao
[23.434s] -- Up-to-date: /home/inteli/ponderada_navegacao/install/navegacao/include/navegacao/grid_utils.hpp
[23.434s] -- Up-to-date: /home/inteli/ponderada_navegacao/install/navegacao/share/navegacao/launch
[23.435s] -- Up-to-date: /home/inteli/ponderada_navegacao/install/navegacao/share/navegacao/launch/mapper.launch.py
[23.435s] -- Up-to-date: /home/inteli/ponderada_navegacao/install/navegacao/share/navegacao/launch/path_planner.launch.py
[23.435s] -- Up-to-date: /home/inteli/ponderada_navegacao/install/navegacao/share/navegacao/maps
[23.435s] -- Up-to-date: /home/inteli/ponderada_navegacao/install/navegacao/share/ament_index/resource_index/package_run_dependencies/navegacao
[23.436s] -- Up-to-date: /home/inteli/ponderada_navegacao/install/navegacao/share/ament_index/resource_index/parent_prefix_path/navegacao
[23.436s] -- Up-to-date: /home/inteli/ponderada_navegacao/install/navegacao/share/navegacao/environment/ament_prefix_path.sh
[23.436s] -- Up-to-date: /home/inteli/ponderada_navegacao/install/navegacao/share/navegacao/environment/ament_prefix_path.dsv
[23.436s] -- Up-to-date: /home/inteli/ponderada_navegacao/install/navegacao/share/navegacao/environment/path.sh
[23.437s] -- Up-to-date: /home/inteli/ponderada_navegacao/install/navegacao/share/navegacao/environment/path.dsv
[23.437s] -- Up-to-date: /home/inteli/ponderada_navegacao/install/navegacao/share/navegacao/local_setup.bash
[23.438s] -- Up-to-date: /home/inteli/ponderada_navegacao/install/navegacao/share/navegacao/local_setup.sh
[23.439s] -- Up-to-date: /home/inteli/ponderada_navegacao/install/navegacao/share/navegacao/local_setup.zsh
[23.439s] -- Up-to-date: /home/inteli/ponderada_navegacao/install/navegacao/share/navegacao/local_setup.dsv
[23.440s] -- Installing: /home/inteli/ponderada_navegacao/install/navegacao/share/navegacao/package.dsv
[23.440s] -- Up-to-date: /home/inteli/ponderada_navegacao/install/navegacao/share/ament_index/resource_index/packages/navegacao
[23.441s] -- Up-to-date: /home/inteli/ponderada_navegacao/install/navegacao/share/navegacao/cmake/navegacaoConfig.cmake
[23.441s] -- Up-to-date: /home/inteli/ponderada_navegacao/install/navegacao/share/navegacao/cmake/navegacaoConfig-version.cmake
[23.442s] -- Up-to-date: /home/inteli/ponderada_navegacao/install/navegacao/share/navegacao/package.xml
[23.443s] Invoked command in '/home/inteli/ponderada_navegacao/build/navegacao' returned '0': AMENT_PREFIX_PATH=/home/inteli/ponderada_navegacao/install/cg_interfaces:${AMENT_PREFIX_PATH} CMAKE_PREFIX_PATH=/home/inteli/ponderada_navegacao/install/cg_interfaces:/opt/ros/jazzy/opt/gz_math_vendor:/opt/ros/jazzy/opt/gz_utils_vendor:/opt/ros/jazzy/opt/gz_cmake_vendor:/opt/ros/jazzy DEBUGINFOD_URLS=https://debuginfod.ubuntu.com LD_LIBRARY_PATH=/home/inteli/ponderada_navegacao/install/cg_interfaces/lib:${LD_LIBRARY_PATH} PYTHONPATH=/home/inteli/ponderada_navegacao/install/cg_interfaces/lib/python3.12/site-packages:${PYTHONPATH} /usr/bin/cmake --install /home/inteli/ponderada_navegacao/build/navegacao
