[  1%] Built target cg_interfaces__rosidl_generator_type_description
[  1%] Built target ament_cmake_python_copy_cg_interfaces
[  3%] Built target cg_interfaces__cpp
[ 25%] Built target cg_interfaces__rosidl_generator_c
[ 34%] Built target cg_interfaces__rosidl_typesupport_cpp
[ 43%] Built target cg_interfaces__rosidl_typesupport_fastrtps_cpp
[ 53%] Built target cg_interfaces__rosidl_typesupport_fastrtps_c
[ 62%] Built target cg_interfaces__rosidl_typesupport_c
[ 71%] Built target cg_interfaces__rosidl_typesupport_introspection_c
[ 81%] Built target cg_interfaces__rosidl_typesupport_introspection_cpp
[ 81%] Built target cg_interfaces
[ 82%] Built target cg_interfaces__py
[ 90%] Built target cg_interfaces__rosidl_generator_py
[ 93%] Built target cg_interfaces_s__rosidl_typesupport_introspection_c
[ 96%] Built target cg_interfaces_s__rosidl_typesupport_fastrtps_c
[100%] Built target cg_interfaces_s__rosidl_typesupport_c
running egg_info
writing cg_interfaces.egg-info/PKG-INFO
writing dependency_links to cg_interfaces.egg-info/dependency_links.txt
writing top-level names to cg_interfaces.egg-info/top_level.txt
reading manifest file 'cg_interfaces.egg-info/SOURCES.txt'
writing manifest file 'cg_interfaces.egg-info/SOURCES.txt'
[100%] Built target ament_cmake_python_build_cg_interfaces_egg
-- Install configuration: ""
-- Up-to-date: /home/inteli/ponderada_navegacao/install/cg_interfaces/share/ament_index/resource_index/rosidl_interfaces/cg_interfaces
-- Up-to-date: /home/inteli/ponderada_navegacao/install/cg_interfaces/share/cg_interfaces/srv/MoveCmd.json
-- Up-to-date: /home/inteli/ponderada_navegacao/install/cg_interfaces/share/cg_interfaces/srv/GetMap.json
-- Up-to-date: /home/inteli/ponderada_navegacao/install/cg_interfaces/share/cg_interfaces/msg/RobotSensors.json
-- Up-to-date: /home/inteli/ponderada_navegacao/install/cg_interfaces/share/cg_interfaces/srv/Reset.json
-- Up-to-date: /home/inteli/ponderada_navegacao/install/cg_interfaces/include/cg_interfaces/cg_interfaces
-- Up-to-date: /home/inteli/ponderada_navegacao/install/cg_interfaces/include/cg_interfaces/cg_interfaces/msg
-- Up-to-date: /home/inteli/ponderada_navegacao/install/cg_interfaces/include/cg_interfaces/cg_interfaces/msg/robot_sensors.h
-- Up-to-date: /home/inteli/ponderada_navegacao/install/cg_interfaces/include/cg_interfaces/cg_interfaces/msg/detail
-- Up-to-date: /home/inteli/ponderada_navegacao/install/cg_interfaces/include/cg_interfaces/cg_interfaces/msg/detail/robot_sensors__functions.h
-- Up-to-date: /home/inteli/ponderada_navegacao/install/cg_interfaces/include/cg_interfaces/cg_interfaces/msg/detail/robot_sensors__functions.c
-- Up-to-date: /home/inteli/ponderada_navegacao/install/cg_interfaces/include/cg_interfaces/cg_interfaces/msg/detail/robot_sensors__type_support.c
-- Up-to-date: /home/inteli/ponderada_navegacao/install/cg_interfaces/include/cg_interfaces/cg_interfaces/msg/detail/robot_sensors__type_support.h
-- Up-to-date: /home/inteli/ponderada_navegacao/install/cg_interfaces/include/cg_interfaces/cg_interfaces/msg/detail/robot_sensors__description.c
-- Up-to-date: /home/inteli/ponderada_navegacao/install/cg_interfaces/include/cg_interfaces/cg_interfaces/msg/detail/robot_sensors__struct.h
-- Up-to-date: /home/inteli/ponderada_navegacao/install/cg_interfaces/include/cg_interfaces/cg_interfaces/msg/rosidl_generator_c__visibility_control.h
-- Up-to-date: /home/inteli/ponderada_navegacao/install/cg_interfaces/include/cg_interfaces/cg_interfaces/srv
-- Up-to-date: /home/inteli/ponderada_navegacao/install/cg_interfaces/include/cg_interfaces/cg_interfaces/srv/get_map.h
-- Up-to-date: /home/inteli/ponderada_navegacao/install/cg_interfaces/include/cg_interfaces/cg_interfaces/srv/reset.h
-- Up-to-date: /home/inteli/ponderada_navegacao/install/cg_interfaces/include/cg_interfaces/cg_interfaces/srv/detail
-- Up-to-date: /home/inteli/ponderada_navegacao/install/cg_interfaces/include/cg_interfaces/cg_interfaces/srv/detail/reset__description.c
-- Up-to-date: /home/inteli/ponderada_navegacao/install/cg_interfaces/include/cg_interfaces/cg_interfaces/srv/detail/get_map__functions.c
-- Up-to-date: /home/inteli/ponderada_navegacao/install/cg_interfaces/include/cg_interfaces/cg_interfaces/srv/detail/reset__struct.h
-- Up-to-date: /home/inteli/ponderada_navegacao/install/cg_interfaces/include/cg_interfaces/cg_interfaces/srv/detail/move_cmd__struct.h
-- Up-to-date: /home/inteli/ponderada_navegacao/install/cg_interfaces/include/cg_interfaces/cg_interfaces/srv/detail/reset__functions.c
-- Up-to-date: /home/inteli/ponderada_navegacao/install/cg_interfaces/include/cg_interfaces/cg_interfaces/srv/detail/get_map__functions.h
-- Up-to-date: /home/inteli/ponderada_navegacao/install/cg_interfaces/include/cg_interfaces/cg_interfaces/srv/detail/reset__type_support.h
-- Up-to-date: /home/inteli/ponderada_navegacao/install/cg_interfaces/include/cg_interfaces/cg_interfaces/srv/detail/move_cmd__type_support.c
-- Up-to-date: /home/inteli/ponderada_navegacao/install/cg_interfaces/include/cg_interfaces/cg_interfaces/srv/detail/get_map__type_support.c
-- Up-to-date: /home/inteli/ponderada_navegacao/install/cg_interfaces/include/cg_interfaces/cg_interfaces/srv/detail/reset__type_support.c
-- Up-to-date: /home/inteli/ponderada_navegacao/install/cg_interfaces/include/cg_interfaces/cg_interfaces/srv/detail/reset__functions.h
-- Up-to-date: /home/inteli/ponderada_navegacao/install/cg_interfaces/include/cg_interfaces/cg_interfaces/srv/detail/move_cmd__description.c
-- Up-to-date: /home/inteli/ponderada_navegacao/install/cg_interfaces/include/cg_interfaces/cg_interfaces/srv/detail/get_map__description.c
-- Up-to-date: /home/inteli/ponderada_navegacao/install/cg_interfaces/include/cg_interfaces/cg_interfaces/srv/detail/get_map__type_support.h
-- Up-to-date: /home/inteli/ponderada_navegacao/install/cg_interfaces/include/cg_interfaces/cg_interfaces/srv/detail/move_cmd__functions.c
-- Up-to-date: /home/inteli/ponderada_navegacao/install/cg_interfaces/include/cg_interfaces/cg_interfaces/srv/detail/move_cmd__functions.h
-- Up-to-date: /home/inteli/ponderada_navegacao/install/cg_interfaces/include/cg_interfaces/cg_interfaces/srv/detail/get_map__struct.h
-- Up-to-date: /home/inteli/ponderada_navegacao/install/cg_interfaces/include/cg_interfaces/cg_interfaces/srv/detail/move_cmd__type_support.h
-- Up-to-date: /home/inteli/ponderada_navegacao/install/cg_interfaces/include/cg_interfaces/cg_interfaces/srv/move_cmd.h
-- Up-to-date: /home/inteli/ponderada_navegacao/install/cg_interfaces/share/cg_interfaces/environment/library_path.sh
-- Up-to-date: /home/inteli/ponderada_navegacao/install/cg_interfaces/share/cg_interfaces/environment/library_path.dsv
-- Up-to-date: /home/inteli/ponderada_navegacao/install/cg_interfaces/lib/libcg_interfaces__rosidl_generator_c.so
-- Up-to-date: /home/inteli/ponderada_navegacao/install/cg_interfaces/include/cg_interfaces/cg_interfaces
-- Up-to-date: /home/inteli/ponderada_navegacao/install/cg_interfaces/include/cg_interfaces/cg_interfaces/msg
-- Up-to-date: /home/inteli/ponderada_navegacao/install/cg_interfaces/include/cg_interfaces/cg_interfaces/msg/detail
-- Up-to-date: /home/inteli/ponderada_navegacao/install/cg_interfaces/include/cg_interfaces/cg_interfaces/msg/detail/robot_sensors__rosidl_typesupport_fastrtps_c.h
-- Up-to-date: /home/inteli/ponderada_navegacao/install/cg_interfaces/include/cg_interfaces/cg_interfaces/msg/rosidl_typesupport_fastrtps_c__visibility_control.h
-- Up-to-date: /home/inteli/ponderada_navegacao/install/cg_interfaces/include/cg_interfaces/cg_interfaces/srv
-- Up-to-date: /home/inteli/ponderada_navegacao/install/cg_interfaces/include/cg_interfaces/cg_interfaces/srv/detail
-- Up-to-date: /home/inteli/ponderada_navegacao/install/cg_interfaces/include/cg_interfaces/cg_interfaces/srv/detail/reset__rosidl_typesupport_fastrtps_c.h
-- Up-to-date: /home/inteli/ponderada_navegacao/install/cg_interfaces/include/cg_interfaces/cg_interfaces/srv/detail/move_cmd__rosidl_typesupport_fastrtps_c.h
-- Up-to-date: /home/inteli/ponderada_navegacao/install/cg_interfaces/include/cg_interfaces/cg_interfaces/srv/detail/get_map__rosidl_typesupport_fastrtps_c.h
-- Up-to-date: /home/inteli/ponderada_navegacao/install/cg_interfaces/lib/libcg_interfaces__rosidl_typesupport_fastrtps_c.so
-- Up-to-date: /home/inteli/ponderada_navegacao/install/cg_interfaces/include/cg_interfaces/cg_interfaces
-- Up-to-date: /home/inteli/ponderada_navegacao/install/cg_interfaces/include/cg_interfaces/cg_interfaces/msg
-- Up-to-date: /home/inteli/ponderada_navegacao/install/cg_interfaces/include/cg_interfaces/cg_interfaces/msg/detail
-- Up-to-date: /home/inteli/ponderada_navegacao/install/cg_interfaces/include/cg_interfaces/cg_interfaces/msg/detail/robot_sensors__type_support.c
-- Up-to-date: /home/inteli/ponderada_navegacao/install/cg_interfaces/include/cg_interfaces/cg_interfaces/msg/detail/robot_sensors__rosidl_typesupport_introspection_c.h
-- Up-to-date: /home/inteli/ponderada_navegacao/install/cg_interfaces/include/cg_interfaces/cg_interfaces/msg/rosidl_typesupport_introspection_c__visibility_control.h
-- Up-to-date: /home/inteli/ponderada_navegacao/install/cg_interfaces/include/cg_interfaces/cg_interfaces/srv
-- Up-to-date: /home/inteli/ponderada_navegacao/install/cg_interfaces/include/cg_interfaces/cg_interfaces/srv/detail
-- Up-to-date: /home/inteli/ponderada_navegacao/install/cg_interfaces/include/cg_interfaces/cg_interfaces/srv/detail/get_map__rosidl_typesupport_introspection_c.h
-- Up-to-date: /home/inteli/ponderada_navegacao/install/cg_interfaces/include/cg_interfaces/cg_interfaces/srv/detail/move_cmd__type_support.c
-- Up-to-date: /home/inteli/ponderada_navegacao/install/cg_interfaces/include/cg_interfaces/cg_interfaces/srv/detail/get_map__type_support.c
-- Up-to-date: /home/inteli/ponderada_navegacao/install/cg_interfaces/include/cg_interfaces/cg_interfaces/srv/detail/reset__type_support.c
-- Up-to-date: /home/inteli/ponderada_navegacao/install/cg_interfaces/include/cg_interfaces/cg_interfaces/srv/detail/reset__rosidl_typesupport_introspection_c.h
-- Up-to-date: /home/inteli/ponderada_navegacao/install/cg_interfaces/include/cg_interfaces/cg_interfaces/srv/detail/move_cmd__rosidl_typesupport_introspection_c.h
-- Up-to-date: /home/inteli/ponderada_navegacao/install/cg_interfaces/lib/libcg_interfaces__rosidl_typesupport_introspection_c.so
-- Up-to-date: /home/inteli/ponderada_navegacao/install/cg_interfaces/lib/libcg_interfaces__rosidl_typesupport_c.so
-- Up-to-date: /home/inteli/ponderada_navegacao/install/cg_interfaces/include/cg_interfaces/cg_interfaces
-- Up-to-date: /home/inteli/ponderada_navegacao/install/cg_interfaces/include/cg_interfaces/cg_interfaces/msg
-- Up-to-date: /home/inteli/ponderada_navegacao/install/cg_interfaces/include/cg_interfaces/cg_interfaces/msg/robot_sensors.hpp
-- Up-to-date: /home/inteli/ponderada_navegacao/install/cg_interfaces/include/cg_interfaces/cg_interfaces/msg/detail
-- Up-to-date: /home/inteli/ponderada_navegacao/install/cg_interfaces/include/cg_interfaces/cg_interfaces/msg/detail/robot_sensors__traits.hpp
-- Up-to-date: /home/inteli/ponderada_navegacao/install/cg_interfaces/include/cg_interfaces/cg_interfaces/msg/detail/robot_sensors__builder.hpp
-- Up-to-date: /home/inteli/ponderada_navegacao/install/cg_interfaces/include/cg_interfaces/cg_interfaces/msg/detail/robot_sensors__struct.hpp
-- Up-to-date: /home/inteli/ponderada_navegacao/install/cg_interfaces/include/cg_interfaces/cg_interfaces/msg/detail/robot_sensors__type_support.hpp
-- Up-to-date: /home/inteli/ponderada_navegacao/install/cg_interfaces/include/cg_interfaces/cg_interfaces/msg/rosidl_generator_cpp__visibility_control.hpp
-- Up-to-date: /home/inteli/ponderada_navegacao/install/cg_interfaces/include/cg_interfaces/cg_interfaces/srv
-- Up-to-date: /home/inteli/ponderada_navegacao/install/cg_interfaces/include/cg_interfaces/cg_interfaces/srv/move_cmd.hpp
-- Up-to-date: /home/inteli/ponderada_navegacao/install/cg_interfaces/include/cg_interfaces/cg_interfaces/srv/detail
-- Up-to-date: /home/inteli/ponderada_navegacao/install/cg_interfaces/include/cg_interfaces/cg_interfaces/srv/detail/reset__type_support.hpp
-- Up-to-date: /home/inteli/ponderada_navegacao/install/cg_interfaces/include/cg_interfaces/cg_interfaces/srv/detail/move_cmd__traits.hpp
-- Up-to-date: /home/inteli/ponderada_navegacao/install/cg_interfaces/include/cg_interfaces/cg_interfaces/srv/detail/reset__builder.hpp
-- Up-to-date: /home/inteli/ponderada_navegacao/install/cg_interfaces/include/cg_interfaces/cg_interfaces/srv/detail/get_map__type_support.hpp
-- Up-to-date: /home/inteli/ponderada_navegacao/install/cg_interfaces/include/cg_interfaces/cg_interfaces/srv/detail/get_map__builder.hpp
-- Up-to-date: /home/inteli/ponderada_navegacao/install/cg_interfaces/include/cg_interfaces/cg_interfaces/srv/detail/move_cmd__struct.hpp
-- Up-to-date: /home/inteli/ponderada_navegacao/install/cg_interfaces/include/cg_interfaces/cg_interfaces/srv/detail/get_map__struct.hpp
-- Up-to-date: /home/inteli/ponderada_navegacao/install/cg_interfaces/include/cg_interfaces/cg_interfaces/srv/detail/move_cmd__builder.hpp
-- Up-to-date: /home/inteli/ponderada_navegacao/install/cg_interfaces/include/cg_interfaces/cg_interfaces/srv/detail/reset__traits.hpp
-- Up-to-date: /home/inteli/ponderada_navegacao/install/cg_interfaces/include/cg_interfaces/cg_interfaces/srv/detail/reset__struct.hpp
-- Up-to-date: /home/inteli/ponderada_navegacao/install/cg_interfaces/include/cg_interfaces/cg_interfaces/srv/detail/get_map__traits.hpp
-- Up-to-date: /home/inteli/ponderada_navegacao/install/cg_interfaces/include/cg_interfaces/cg_interfaces/srv/detail/move_cmd__type_support.hpp
-- Up-to-date: /home/inteli/ponderada_navegacao/install/cg_interfaces/include/cg_interfaces/cg_interfaces/srv/reset.hpp
-- Up-to-date: /home/inteli/ponderada_navegacao/install/cg_interfaces/include/cg_interfaces/cg_interfaces/srv/get_map.hpp
-- Up-to-date: /home/inteli/ponderada_navegacao/install/cg_interfaces/include/cg_interfaces/cg_interfaces
-- Up-to-date: /home/inteli/ponderada_navegacao/install/cg_interfaces/include/cg_interfaces/cg_interfaces/msg
-- Up-to-date: /home/inteli/ponderada_navegacao/install/cg_interfaces/include/cg_interfaces/cg_interfaces/msg/detail
-- Up-to-date: /home/inteli/ponderada_navegacao/install/cg_interfaces/include/cg_interfaces/cg_interfaces/msg/detail/dds_fastrtps
-- Up-to-date: /home/inteli/ponderada_navegacao/install/cg_interfaces/include/cg_interfaces/cg_interfaces/msg/detail/robot_sensors__rosidl_typesupport_fastrtps_cpp.hpp
-- Up-to-date: /home/inteli/ponderada_navegacao/install/cg_interfaces/include/cg_interfaces/cg_interfaces/msg/rosidl_typesupport_fastrtps_cpp__visibility_control.h
-- Up-to-date: /home/inteli/ponderada_navegacao/install/cg_interfaces/include/cg_interfaces/cg_interfaces/srv
-- Up-to-date: /home/inteli/ponderada_navegacao/install/cg_interfaces/include/cg_interfaces/cg_interfaces/srv/detail
-- Up-to-date: /home/inteli/ponderada_navegacao/install/cg_interfaces/include/cg_interfaces/cg_interfaces/srv/detail/reset__rosidl_typesupport_fastrtps_cpp.hpp
-- Up-to-date: /home/inteli/ponderada_navegacao/install/cg_interfaces/include/cg_interfaces/cg_interfaces/srv/detail/move_cmd__rosidl_typesupport_fastrtps_cpp.hpp
-- Up-to-date: /home/inteli/ponderada_navegacao/install/cg_interfaces/include/cg_interfaces/cg_interfaces/srv/detail/dds_fastrtps
-- Up-to-date: /home/inteli/ponderada_navegacao/install/cg_interfaces/include/cg_interfaces/cg_interfaces/srv/detail/get_map__rosidl_typesupport_fastrtps_cpp.hpp
-- Up-to-date: /home/inteli/ponderada_navegacao/install/cg_interfaces/lib/libcg_interfaces__rosidl_typesupport_fastrtps_cpp.so
-- Up-to-date: /home/inteli/ponderada_navegacao/install/cg_interfaces/include/cg_interfaces/cg_interfaces
-- Up-to-date: /home/inteli/ponderada_navegacao/install/cg_interfaces/include/cg_interfaces/cg_interfaces/msg
-- Up-to-date: /home/inteli/ponderada_navegacao/install/cg_interfaces/include/cg_interfaces/cg_interfaces/msg/detail
-- Up-to-date: /home/inteli/ponderada_navegacao/install/cg_interfaces/include/cg_interfaces/cg_interfaces/msg/detail/robot_sensors__type_support.cpp
-- Up-to-date: /home/inteli/ponderada_navegacao/install/cg_interfaces/include/cg_interfaces/cg_interfaces/msg/detail/robot_sensors__rosidl_typesupport_introspection_cpp.hpp
-- Up-to-date: /home/inteli/ponderada_navegacao/install/cg_interfaces/include/cg_interfaces/cg_interfaces/srv
-- Up-to-date: /home/inteli/ponderada_navegacao/install/cg_interfaces/include/cg_interfaces/cg_interfaces/srv/detail
-- Up-to-date: /home/inteli/ponderada_navegacao/install/cg_interfaces/include/cg_interfaces/cg_interfaces/srv/detail/reset__rosidl_typesupport_introspection_cpp.hpp
-- Up-to-date: /home/inteli/ponderada_navegacao/install/cg_interfaces/include/cg_interfaces/cg_interfaces/srv/detail/move_cmd__rosidl_typesupport_introspection_cpp.hpp
-- Up-to-date: /home/inteli/ponderada_navegacao/install/cg_interfaces/include/cg_interfaces/cg_interfaces/srv/detail/get_map__type_support.cpp
-- Up-to-date: /home/inteli/ponderada_navegacao/install/cg_interfaces/include/cg_interfaces/cg_interfaces/srv/detail/move_cmd__type_support.cpp
-- Up-to-date: /home/inteli/ponderada_navegacao/install/cg_interfaces/include/cg_interfaces/cg_interfaces/srv/detail/get_map__rosidl_typesupport_introspection_cpp.hpp
-- Up-to-date: /home/inteli/ponderada_navegacao/install/cg_interfaces/include/cg_interfaces/cg_interfaces/srv/detail/reset__type_support.cpp
-- Up-to-date: /home/inteli/ponderada_navegacao/install/cg_interfaces/lib/libcg_interfaces__rosidl_typesupport_introspection_cpp.so
-- Up-to-date: /home/inteli/ponderada_navegacao/install/cg_interfaces/lib/libcg_interfaces__rosidl_typesupport_cpp.so
-- Up-to-date: /home/inteli/ponderada_navegacao/install/cg_interfaces/share/cg_interfaces/environment/pythonpath.sh
-- Up-to-date: /home/inteli/ponderada_navegacao/install/cg_interfaces/share/cg_interfaces/environment/pythonpath.dsv
-- Up-to-date: /home/inteli/ponderada_navegacao/install/cg_interfaces/lib/python3.12/site-packages/cg_interfaces-0.0.0-py3.12.egg-info
-- Installing: /home/inteli/ponderada_navegacao/install/cg_interfaces/lib/python3.12/site-packages/cg_interfaces-0.0.0-py3.12.egg-info/SOURCES.txt
-- Installing: /home/inteli/ponderada_navegacao/install/cg_interfaces/lib/python3.12/site-packages/cg_interfaces-0.0.0-py3.12.egg-info/top_level.txt
-- Installing: /home/inteli/ponderada_navegacao/install/cg_interfaces/lib/python3.12/site-packages/cg_interfaces-0.0.0-py3.12.egg-info/PKG-INFO
-- Installing: /home/inteli/ponderada_navegacao/install/cg_interfaces/lib/python3.12/site-packages/cg_interfaces-0.0.0-py3.12.egg-info/dependency_links.txt
-- Up-to-date: /home/inteli/ponderada_navegacao/install/cg_interfaces/lib/python3.12/site-packages/cg_interfaces
-- Up-to-date: /home/inteli/ponderada_navegacao/install/cg_interfaces/lib/python3.12/site-packages/cg_interfaces/cg_interfaces_s__rosidl_typesupport_c.so
-- Up-to-date: /home/inteli/ponderada_navegacao/install/cg_interfaces/lib/python3.12/site-packages/cg_interfaces/msg
-- Up-to-date: /home/inteli/ponderada_navegacao/install/cg_interfaces/lib/python3.12/site-packages/cg_interfaces/msg/__init__.py
-- Up-to-date: /home/inteli/ponderada_navegacao/install/cg_interfaces/lib/python3.12/site-packages/cg_interfaces/msg/_robot_sensors_s.c
-- Up-to-date: /home/inteli/ponderada_navegacao/install/cg_interfaces/lib/python3.12/site-packages/cg_interfaces/msg/_robot_sensors.py
-- Up-to-date: /home/inteli/ponderada_navegacao/install/cg_interfaces/lib/python3.12/site-packages/cg_interfaces/_cg_interfaces_s.ep.rosidl_typesupport_introspection_c.c
-- Up-to-date: /home/inteli/ponderada_navegacao/install/cg_interfaces/lib/python3.12/site-packages/cg_interfaces/srv
-- Up-to-date: /home/inteli/ponderada_navegacao/install/cg_interfaces/lib/python3.12/site-packages/cg_interfaces/srv/_get_map_s.c
-- Up-to-date: /home/inteli/ponderada_navegacao/install/cg_interfaces/lib/python3.12/site-packages/cg_interfaces/srv/_move_cmd.py
-- Up-to-date: /home/inteli/ponderada_navegacao/install/cg_interfaces/lib/python3.12/site-packages/cg_interfaces/srv/_reset.py
-- Up-to-date: /home/inteli/ponderada_navegacao/install/cg_interfaces/lib/python3.12/site-packages/cg_interfaces/srv/__init__.py
-- Up-to-date: /home/inteli/ponderada_navegacao/install/cg_interfaces/lib/python3.12/site-packages/cg_interfaces/srv/_get_map.py
-- Up-to-date: /home/inteli/ponderada_navegacao/install/cg_interfaces/lib/python3.12/site-packages/cg_interfaces/srv/_reset_s.c
-- Up-to-date: /home/inteli/ponderada_navegacao/install/cg_interfaces/lib/python3.12/site-packages/cg_interfaces/srv/_move_cmd_s.c
-- Up-to-date: /home/inteli/ponderada_navegacao/install/cg_interfaces/lib/python3.12/site-packages/cg_interfaces/_cg_interfaces_s.ep.rosidl_typesupport_fastrtps_c.c
-- Up-to-date: /home/inteli/ponderada_navegacao/install/cg_interfaces/lib/python3.12/site-packages/cg_interfaces/_cg_interfaces_s.ep.rosidl_typesupport_c.c
-- Up-to-date: /home/inteli/ponderada_navegacao/install/cg_interfaces/lib/python3.12/site-packages/cg_interfaces/__init__.py
-- Up-to-date: /home/inteli/ponderada_navegacao/install/cg_interfaces/lib/python3.12/site-packages/cg_interfaces/cg_interfaces_s__rosidl_typesupport_introspection_c.so
-- Up-to-date: /home/inteli/ponderada_navegacao/install/cg_interfaces/lib/python3.12/site-packages/cg_interfaces/cg_interfaces_s__rosidl_typesupport_fastrtps_c.so
Listing '/home/inteli/ponderada_navegacao/install/cg_interfaces/lib/python3.12/site-packages/cg_interfaces'...
Listing '/home/inteli/ponderada_navegacao/install/cg_interfaces/lib/python3.12/site-packages/cg_interfaces/msg'...
Listing '/home/inteli/ponderada_navegacao/install/cg_interfaces/lib/python3.12/site-packages/cg_interfaces/srv'...
-- Up-to-date: /home/inteli/ponderada_navegacao/install/cg_interfaces/lib/python3.12/site-packages/cg_interfaces/cg_interfaces_s__rosidl_typesupport_fastrtps_c.so
-- Up-to-date: /home/inteli/ponderada_navegacao/install/cg_interfaces/lib/python3.12/site-packages/cg_interfaces/cg_interfaces_s__rosidl_typesupport_introspection_c.so
-- Up-to-date: /home/inteli/ponderada_navegacao/install/cg_interfaces/lib/python3.12/site-packages/cg_interfaces/cg_interfaces_s__rosidl_typesupport_c.so
-- Up-to-date: /home/inteli/ponderada_navegacao/install/cg_interfaces/lib/libcg_interfaces__rosidl_generator_py.so
-- Up-to-date: /home/inteli/ponderada_navegacao/install/cg_interfaces/share/cg_interfaces/srv/MoveCmd.idl
-- Up-to-date: /home/inteli/ponderada_navegacao/install/cg_interfaces/share/cg_interfaces/srv/GetMap.idl
-- Up-to-date: /home/inteli/ponderada_navegacao/install/cg_interfaces/share/cg_interfaces/msg/RobotSensors.idl
-- Up-to-date: /home/inteli/ponderada_navegacao/install/cg_interfaces/share/cg_interfaces/srv/Reset.idl
-- Up-to-date: /home/inteli/ponderada_navegacao/install/cg_interfaces/share/cg_interfaces/srv/MoveCmd.srv
-- Up-to-date: /home/inteli/ponderada_navegacao/install/cg_interfaces/share/cg_interfaces/srv/GetMap.srv
-- Up-to-date: /home/inteli/ponderada_navegacao/install/cg_interfaces/share/cg_interfaces/msg/RobotSensors.msg
-- Up-to-date: /home/inteli/ponderada_navegacao/install/cg_interfaces/share/cg_interfaces/srv/Reset.srv
-- Up-to-date: /home/inteli/ponderada_navegacao/install/cg_interfaces/share/ament_index/resource_index/package_run_dependencies/cg_interfaces
-- Up-to-date: /home/inteli/ponderada_navegacao/install/cg_interfaces/share/ament_index/resource_index/parent_prefix_path/cg_interfaces
-- Up-to-date: /home/inteli/ponderada_navegacao/install/cg_interfaces/share/cg_interfaces/environment/ament_prefix_path.sh
-- Up-to-date: /home/inteli/ponderada_navegacao/install/cg_interfaces/share/cg_interfaces/environment/ament_prefix_path.dsv
-- Up-to-date: /home/inteli/ponderada_navegacao/install/cg_interfaces/share/cg_interfaces/environment/path.sh
-- Up-to-date: /home/inteli/ponderada_navegacao/install/cg_interfaces/share/cg_interfaces/environment/path.dsv
-- Up-to-date: /home/inteli/ponderada_navegacao/install/cg_interfaces/share/cg_interfaces/local_setup.bash
-- Up-to-date: /home/inteli/ponderada_navegacao/install/cg_interfaces/share/cg_interfaces/local_setup.sh
-- Up-to-date: /home/inteli/ponderada_navegacao/install/cg_interfaces/share/cg_interfaces/local_setup.zsh
-- Up-to-date: /home/inteli/ponderada_navegacao/install/cg_interfaces/share/cg_interfaces/local_setup.dsv
-- Installing: /home/inteli/ponderada_navegacao/install/cg_interfaces/share/cg_interfaces/package.dsv
-- Up-to-date: /home/inteli/ponderada_navegacao/install/cg_interfaces/share/ament_index/resource_index/packages/cg_interfaces
-- Up-to-date: /home/inteli/ponderada_navegacao/install/cg_interfaces/share/cg_interfaces/cmake/export_cg_interfaces__rosidl_generator_cExport.cmake
-- Up-to-date: /home/inteli/ponderada_navegacao/install/cg_interfaces/share/cg_interfaces/cmake/export_cg_interfaces__rosidl_generator_cExport-noconfig.cmake
-- Up-to-date: /home/inteli/ponderada_navegacao/install/cg_interfaces/share/cg_interfaces/cmake/export_cg_interfaces__rosidl_typesupport_fastrtps_cExport.cmake
-- Up-to-date: /home/inteli/ponderada_navegacao/install/cg_interfaces/share/cg_interfaces/cmake/export_cg_interfaces__rosidl_typesupport_fastrtps_cExport-noconfig.cmake
-- Up-to-date: /home/inteli/ponderada_navegacao/install/cg_interfaces/share/cg_interfaces/cmake/cg_interfaces__rosidl_typesupport_introspection_cExport.cmake
-- Up-to-date: /home/inteli/ponderada_navegacao/install/cg_interfaces/share/cg_interfaces/cmake/cg_interfaces__rosidl_typesupport_introspection_cExport-noconfig.cmake
-- Up-to-date: /home/inteli/ponderada_navegacao/install/cg_interfaces/share/cg_interfaces/cmake/cg_interfaces__rosidl_typesupport_cExport.cmake
-- Up-to-date: /home/inteli/ponderada_navegacao/install/cg_interfaces/share/cg_interfaces/cmake/cg_interfaces__rosidl_typesupport_cExport-noconfig.cmake
-- Up-to-date: /home/inteli/ponderada_navegacao/install/cg_interfaces/share/cg_interfaces/cmake/export_cg_interfaces__rosidl_generator_cppExport.cmake
-- Up-to-date: /home/inteli/ponderada_navegacao/install/cg_interfaces/share/cg_interfaces/cmake/export_cg_interfaces__rosidl_typesupport_fastrtps_cppExport.cmake
-- Up-to-date: /home/inteli/ponderada_navegacao/install/cg_interfaces/share/cg_interfaces/cmake/export_cg_interfaces__rosidl_typesupport_fastrtps_cppExport-noconfig.cmake
-- Up-to-date: /home/inteli/ponderada_navegacao/install/cg_interfaces/share/cg_interfaces/cmake/cg_interfaces__rosidl_typesupport_introspection_cppExport.cmake
-- Up-to-date: /home/inteli/ponderada_navegacao/install/cg_interfaces/share/cg_interfaces/cmake/cg_interfaces__rosidl_typesupport_introspection_cppExport-noconfig.cmake
-- Up-to-date: /home/inteli/ponderada_navegacao/install/cg_interfaces/share/cg_interfaces/cmake/cg_interfaces__rosidl_typesupport_cppExport.cmake
-- Up-to-date: /home/inteli/ponderada_navegacao/install/cg_interfaces/share/cg_interfaces/cmake/cg_interfaces__rosidl_typesupport_cppExport-noconfig.cmake
-- Up-to-date: /home/inteli/ponderada_navegacao/install/cg_interfaces/share/cg_interfaces/cmake/export_cg_interfaces__rosidl_generator_pyExport.cmake
-- Up-to-date: /home/inteli/ponderada_navegacao/install/cg_interfaces/share/cg_interfaces/cmake/export_cg_interfaces__rosidl_generator_pyExport-noconfig.cmake
-- Up-to-date: /home/inteli/ponderada_navegacao/install/cg_interfaces/share/cg_interfaces/cmake/rosidl_cmake-extras.cmake
-- Up-to-date: /home/inteli/ponderada_navegacao/install/cg_interfaces/share/cg_interfaces/cmake/ament_cmake_export_dependencies-extras.cmake
-- Up-to-date: /home/inteli/ponderada_navegacao/install/cg_interfaces/share/cg_interfaces/cmake/ament_cmake_export_include_directories-extras.cmake
-- Up-to-date: /home/inteli/ponderada_navegacao/install/cg_interfaces/share/cg_interfaces/cmake/ament_cmake_export_libraries-extras.cmake
-- Up-to-date: /home/inteli/ponderada_navegacao/install/cg_interfaces/share/cg_interfaces/cmake/ament_cmake_export_targets-extras.cmake
-- Up-to-date: /home/inteli/ponderada_navegacao/install/cg_interfaces/share/cg_interfaces/cmake/rosidl_cmake_export_typesupport_targets-extras.cmake
-- Up-to-date: /home/inteli/ponderada_navegacao/install/cg_interfaces/share/cg_interfaces/cmake/rosidl_cmake_export_typesupport_libraries-extras.cmake
-- Up-to-date: /home/inteli/ponderada_navegacao/install/cg_interfaces/share/cg_interfaces/cmake/cg_interfacesConfig.cmake
-- Up-to-date: /home/inteli/ponderada_navegacao/install/cg_interfaces/share/cg_interfaces/cmake/cg_interfacesConfig-version.cmake
-- Up-to-date: /home/inteli/ponderada_navegacao/install/cg_interfaces/share/cg_interfaces/package.xml
