[0.029s] Invoking command in '/home/inteli/ponderada_navegacao/build/navegacao': AMENT_PREFIX_PATH=/home/inteli/ponderada_navegacao/install/cg_interfaces:${AMENT_PREFIX_PATH} CMAKE_PREFIX_PATH=/home/inteli/ponderada_navegacao/install/cg_interfaces:/opt/ros/jazzy/opt/gz_math_vendor:/opt/ros/jazzy/opt/gz_utils_vendor:/opt/ros/jazzy/opt/gz_cmake_vendor:/opt/ros/jazzy DEBUGINFOD_URLS=https://debuginfod.ubuntu.com LD_LIBRARY_PATH=/home/inteli/ponderada_navegacao/install/cg_interfaces/lib:${LD_LIBRARY_PATH} PYTHONPATH=/home/inteli/ponderada_navegacao/install/cg_interfaces/lib/python3.12/site-packages:${PYTHONPATH} /usr/bin/cmake --build /home/inteli/ponderada_navegacao/build/navegacao -- -j8 -l8
[0.175s] [ 25%] Building CXX object CMakeFiles/mapper.dir/src/mapper_node.cpp.o
[0.195s] [ 50%] Building CXX object CMakeFiles/path_planner.dir/src/path_planner_node.cpp.o
[12.452s] [ 75%] Linking CXX executable path_planner
[12.924s] [ 75%] Built target path_planner
[23.351s] [100%] Linking CXX executable mapper
[24.246s] [100%] Built target mapper
[24.271s] Invoked command in '/home/inteli/ponderada_navegacao/build/navegacao' returned '0': AMENT_PREFIX_PATH=/home/inteli/ponderada_navegacao/install/cg_interfaces:${AMENT_PREFIX_PATH} CMAKE_PREFIX_PATH=/home/inteli/ponderada_navegacao/install/cg_interfaces:/opt/ros/jazzy/opt/gz_math_vendor:/opt/ros/jazzy/opt/gz_utils_vendor:/opt/ros/jazzy/opt/gz_cmake_vendor:/opt/ros/jazzy DEBUGINFOD_URLS=https://debuginfod.ubuntu.com LD_LIBRARY_PATH=/home/inteli/ponderada_navegacao/install/cg_interfaces/lib:${LD_LIBRARY_PATH} PYTHONPATH=/home/inteli/ponderada_navegacao/install/cg_interfaces/lib/python3.12/site-packages:${PYTHONPATH} /usr/bin/cmake --build /home/inteli/ponderada_navegacao/build/navegacao -- -j8 -l8
[24.295s] Invoking command in '/home/inteli/ponderada_navegacao/build/navegacao': AMENT_PREFIX_PATH=/home/inteli/ponderada_navegacao/install/cg_interfaces:${AMENT_PREFIX_PATH} CMAKE_PREFIX_PATH=/home/inteli/ponderada_navegacao/install/cg_interfaces:/opt/ros/jazzy/opt/gz_math_vendor:/opt/ros/jazzy/opt/gz_utils_vendor:/opt/ros/jazzy/opt/gz_cmake_vendor:/opt/ros/jazzy DEBUGINFOD_URLS=https://debuginfod.ubuntu.com LD_LIBRARY_PATH=/home/inteli/ponderada_navegacao/install/cg_interfaces/lib:${LD_LIBRARY_PATH} PYTHONPATH=/home/inteli/ponderada_navegacao/install/cg_interfaces/lib/python3.12/site-packages:${PYTHONPATH} /usr/bin/cmake --install /home/inteli/ponderada_navegacao/build/navegacao
[24.313s] -- Install configuration: ""
[24.313s] -- Installing: /home/inteli/ponderada_navegacao/install/navegacao/lib/navegacao/path_planner
[24.317s] -- Set non-toolchain portion of runtime path of "/home/inteli/ponderada_navegacao/install/navegacao/lib/navegacao/path_planner" to ""
[24.317s] -- Installing: /home/inteli/ponderada_navegacao/install/navegacao/lib/navegacao/mapper
[24.328s] -- Set non-toolchain portion of runtime path of "/home/inteli/ponderada_navegacao/install/navegacao/lib/navegacao/mapper" to ""
[24.329s] -- Up-to-date: /home/inteli/ponderada_navegacao/install/navegacao/include/navegacao
[24.329s] -- Up-to-date: /home/inteli/ponderada_navegacao/install/navegacao/include/navegacao/grid_utils.hpp
[24.330s] -- Up-to-date: /home/inteli/ponderada_navegacao/install/navegacao/share/navegacao/launch
[24.330s] -- Up-to-date: /home/inteli/ponderada_navegacao/install/navegacao/share/navegacao/launch/mapper.launch.py
[24.330s] -- Up-to-date: /home/inteli/ponderada_navegacao/install/navegacao/share/navegacao/launch/path_planner.launch.py
[24.330s] -- Up-to-date: /home/inteli/ponderada_navegacao/install/navegacao/share/navegacao/maps
[24.331s] -- Up-to-date: /home/inteli/ponderada_navegacao/install/navegacao/share/ament_index/resource_index/package_run_dependencies/navegacao
[24.331s] -- Up-to-date: /home/inteli/ponderada_navegacao/install/navegacao/share/ament_index/resource_index/parent_prefix_path/navegacao
[24.331s] -- Up-to-date: /home/inteli/ponderada_navegacao/install/navegacao/share/navegacao/environment/ament_prefix_path.sh
[24.331s] -- Up-to-date: /home/inteli/ponderada_navegacao/install/navegacao/share/navegacao/environment/ament_prefix_path.dsv
[24.332s] -- Up-to-date: /home/inteli/ponderada_navegacao/install/navegacao/share/navegacao/environment/path.sh
[24.332s] -- Up-to-date: /home/inteli/ponderada_navegacao/install/navegacao/share/navegacao/environment/path.dsv
[24.332s] -- Up-to-date: /home/inteli/ponderada_navegacao/install/navegacao/share/navegacao/local_setup.bash
[24.332s] -- Up-to-date: /home/inteli/ponderada_navegacao/install/navegacao/share/navegacao/local_setup.sh
[24.333s] -- Up-to-date: /home/inteli/ponderada_navegacao/install/navegacao/share/navegacao/local_setup.zsh
[24.333s] -- Up-to-date: /home/inteli/ponderada_navegacao/install/navegacao/share/navegacao/local_setup.dsv
[24.334s] -- Installing: /home/inteli/ponderada_navegacao/install/navegacao/share/navegacao/package.dsv
[24.335s] -- Up-to-date: /home/inteli/ponderada_navegacao/install/navegacao/share/ament_index/resource_index/packages/navegacao
[24.335s] -- Up-to-date: /home/inteli/ponderada_navegacao/install/navegacao/share/navegacao/cmake/navegacaoConfig.cmake
[24.336s] -- Up-to-date: /home/inteli/ponderada_navegacao/install/navegacao/share/navegacao/cmake/navegacaoConfig-version.cmake
[24.336s] -- Up-to-date: /home/inteli/ponderada_navegacao/install/navegacao/share/navegacao/package.xml
[24.336s] Invoked command in '/home/inteli/ponderada_navegacao/build/navegacao' returned '0': AMENT_PREFIX_PATH=/home/inteli/ponderada_navegacao/install/cg_interfaces:${AMENT_PREFIX_PATH} CMAKE_PREFIX_PATH=/home/inteli/ponderada_navegacao/install/cg_interfaces:/opt/ros/jazzy/opt/gz_math_vendor:/opt/ros/jazzy/opt/gz_utils_vendor:/opt/ros/jazzy/opt/gz_cmake_vendor:/opt/ros/jazzy DEBUGINFOD_URLS=https://debuginfod.ubuntu.com LD_LIBRARY_PATH=/home/inteli/ponderada_navegacao/install/cg_interfaces/lib:${LD_LIBRARY_PATH} PYTHONPATH=/home/inteli/ponderada_navegacao/install/cg_interfaces/lib/python3.12/site-packages:${PYTHONPATH} /usr/bin/cmake --install /home/inteli/ponderada_navegacao/build/navegacao
