/home/inteli/ponderada_navegacao/install/cg/lib/python3.12/site-packages/cg/Robot.py
/home/inteli/ponderada_navegacao/install/cg/lib/python3.12/site-packages/cg/main.py
/home/inteli/ponderada_navegacao/install/cg/lib/python3.12/site-packages/cg/Editor.py
/home/inteli/ponderada_navegacao/install/cg/lib/python3.12/site-packages/cg/__init__.py
/home/inteli/ponderada_navegacao/install/cg/lib/python3.12/site-packages/cg/teste.py
/home/inteli/ponderada_navegacao/install/cg/lib/python3.12/site-packages/cg/Game.py
/home/inteli/ponderada_navegacao/install/cg/lib/python3.12/site-packages/cg/Maze.py
/home/inteli/ponderada_navegacao/install/cg/lib/python3.12/site-packages/cg/Utils/Screen.py
/home/inteli/ponderada_navegacao/install/cg/lib/python3.12/site-packages/cg/Utils/Finders.py
/home/inteli/ponderada_navegacao/install/cg/lib/python3.12/site-packages/cg/Utils/Grid.py
/home/inteli/ponderada_navegacao/install/cg/lib/python3.12/site-packages/cg/Utils/Csv.py
/home/inteli/ponderada_navegacao/install/cg/lib/python3.12/site-packages/cg/Utils/__init__.py
/home/inteli/ponderada_navegacao/install/cg/lib/python3.12/site-packages/cg/__pycache__/Robot.cpython-312.pyc
/home/inteli/ponderada_navegacao/install/cg/lib/python3.12/site-packages/cg/__pycache__/main.cpython-312.pyc
/home/inteli/ponderada_navegacao/install/cg/lib/python3.12/site-packages/cg/__pycache__/Editor.cpython-312.pyc
/home/inteli/ponderada_navegacao/install/cg/lib/python3.12/site-packages/cg/__pycache__/__init__.cpython-312.pyc
/home/inteli/ponderada_navegacao/install/cg/lib/python3.12/site-packages/cg/__pycache__/teste.cpython-312.pyc
/home/inteli/ponderada_navegacao/install/cg/lib/python3.12/site-packages/cg/__pycache__/Game.cpython-312.pyc
/home/inteli/ponderada_navegacao/install/cg/lib/python3.12/site-packages/cg/__pycache__/Maze.cpython-312.pyc
/home/inteli/ponderada_navegacao/install/cg/lib/python3.12/site-packages/cg/Utils/__pycache__/Screen.cpython-312.pyc
/home/inteli/ponderada_navegacao/install/cg/lib/python3.12/site-packages/cg/Utils/__pycache__/Finders.cpython-312.pyc
/home/inteli/ponderada_navegacao/install/cg/lib/python3.12/site-packages/cg/Utils/__pycache__/Grid.cpython-312.pyc
/home/inteli/ponderada_navegacao/install/cg/lib/python3.12/site-packages/cg/Utils/__pycache__/Csv.cpython-312.pyc
/home/inteli/ponderada_navegacao/install/cg/lib/python3.12/site-packages/cg/Utils/__pycache__/__init__.cpython-312.pyc
/home/inteli/ponderada_navegacao/install/cg/share/ament_index/resource_index/packages/cg
/home/inteli/ponderada_navegacao/install/cg/share/cg/package.xml
/home/inteli/ponderada_navegacao/install/cg/share/cg/maps/8.csv
/home/inteli/ponderada_navegacao/install/cg/share/cg/maps/9.csv
/home/inteli/ponderada_navegacao/install/cg/share/cg/maps/2.csv
/home/inteli/ponderada_navegacao/install/cg/share/cg/maps/3.csv
/home/inteli/ponderada_navegacao/install/cg/share/cg/maps/6.csv
/home/inteli/ponderada_navegacao/install/cg/share/cg/maps/5.csv
/home/inteli/ponderada_navegacao/install/cg/share/cg/maps/10.csv
/home/inteli/ponderada_navegacao/install/cg/share/cg/maps/1.csv
/home/inteli/ponderada_navegacao/install/cg/share/cg/maps/test.csv
/home/inteli/ponderada_navegacao/install/cg/share/cg/maps/4.csv
/home/inteli/ponderada_navegacao/install/cg/share/cg/maps/7.csv
/home/inteli/ponderada_navegacao/install/cg/share/cg/lobotomy_kaisen/idwin.jpg
/home/inteli/ponderada_navegacao/install/cg/share/cg/lobotomy_kaisen/shibuya.jpeg
/home/inteli/ponderada_navegacao/install/cg/share/cg/lobotomy_kaisen/fax.jpg
/home/inteli/ponderada_navegacao/install/cg/share/cg/lobotomy_kaisen/wuji.jpg
/home/inteli/ponderada_navegacao/install/cg/share/cg/lobotomy_kaisen/dies_from_peak.jpg
/home/inteli/ponderada_navegacao/install/cg/share/cg/lobotomy_kaisen/dabura.png
/home/inteli/ponderada_navegacao/install/cg/share/cg/lobotomy_kaisen/megumi.jpg
/home/inteli/ponderada_navegacao/install/cg/share/cg/lobotomy_kaisen/mou.jpg
/home/inteli/ponderada_navegacao/install/cg/share/cg/lobotomy_kaisen/potential_man.jpg
/home/inteli/ponderada_navegacao/install/cg/share/cg/lobotomy_kaisen/freddy.jpg
/home/inteli/ponderada_navegacao/install/cg/share/cg/lobotomy_kaisen/cook.jpg
/home/inteli/ponderada_navegacao/install/cg/share/cg/lobotomy_kaisen/goatjo.jpg
/home/inteli/ponderada_navegacao/install/cg/share/cg/lobotomy_kaisen/fax3.jpg
/home/inteli/ponderada_navegacao/install/cg/share/cg/lobotomy_kaisen/remembered.jpg
/home/inteli/ponderada_navegacao/install/cg/share/cg/lobotomy_kaisen/mental_damage.jpg
/home/inteli/ponderada_navegacao/install/cg/share/cg/lobotomy_kaisen/suksuk.jpg
/home/inteli/ponderada_navegacao/install/cg/share/cg/lobotomy_kaisen/cinema.jpg
/home/inteli/ponderada_navegacao/install/cg/share/cg/lobotomy_kaisen/brain_damage.jpg
/home/inteli/ponderada_navegacao/install/cg/lib/python3.12/site-packages/cg-0.0.0-py3.12.egg-info/SOURCES.txt
/home/inteli/ponderada_navegacao/install/cg/lib/python3.12/site-packages/cg-0.0.0-py3.12.egg-info/top_level.txt
/home/inteli/ponderada_navegacao/install/cg/lib/python3.12/site-packages/cg-0.0.0-py3.12.egg-info/entry_points.txt
/home/inteli/ponderada_navegacao/install/cg/lib/python3.12/site-packages/cg-0.0.0-py3.12.egg-info/PKG-INFO
/home/inteli/ponderada_navegacao/install/cg/lib/python3.12/site-packages/cg-0.0.0-py3.12.egg-info/dependency_links.txt
/home/inteli/ponderada_navegacao/install/cg/lib/python3.12/site-packages/cg-0.0.0-py3.12.egg-info/zip-safe
/home/inteli/ponderada_navegacao/install/cg/lib/python3.12/site-packages/cg-0.0.0-py3.12.egg-info/requires.txt
/home/inteli/ponderada_navegacao/install/cg/lib/cg/edit
/home/inteli/ponderada_navegacao/install/cg/lib/cg/maze
/home/inteli/ponderada_navegacao/install/cg/lib/cg/test
