[0.000000] (-) TimerEvent: {}
[0.000139] (-) JobUnselected: {'identifier': 'cg'}
[0.000308] (-) JobUnselected: {'identifier': 'cg_interfaces'}
[0.000547] (-) JobUnselected: {'identifier': 'cg_teleop'}
[0.000700] (navegacao) JobQueued: {'identifier': 'navegacao', 'dependencies': OrderedDict({'cg_interfaces': '/home/inteli/ponderada_navegacao/install/cg_interfaces'})}
[0.000726] (navegacao) JobStarted: {'identifier': 'navegacao'}
[0.011211] (navegacao) JobProgress: {'identifier': 'navegacao', 'progress': 'cmake'}
[0.012105] (navegacao) JobProgress: {'identifier': 'navegacao', 'progress': 'build'}
[0.013045] (navegacao) Command: {'cmd': ['/usr/bin/cmake', '--build', '/home/inteli/ponderada_navegacao/build/navegacao', '--', '-j8', '-l8'], 'cwd': '/home/inteli/ponderada_navegacao/build/navegacao', 'env': OrderedDict({'GJS_DEBUG_TOPICS': 'JS ERROR;JS LOG', 'LESSOPEN': '| /usr/bin/lesspipe %s', 'VSCODE_CWD': '/home/inteli', 'VSCODE_ESM_ENTRYPOINT': 'vs/workbench/api/node/extensionHostProcess', 'USER': 'inteli', 'VSCODE_NLS_CONFIG': '{"userLocale":"en-us","osLocale":"en-us","resolvedLanguage":"en","defaultMessagesFile":"/usr/share/cursor/resources/app/out/nls.messages.json","locale":"en-us","availableLanguages":{}}', 'VSCODE_HANDLES_UNCAUGHT_ERRORS': 'true', 'XDG_SESSION_TYPE': 'wayland', 'CLUTTER_DISABLE_MIPMAPPED_TEXT': '1', 'SHLVL': '1', 'LD_LIBRARY_PATH': '/home/inteli/ponderada_navegacao/install/cg_interfaces/lib:/opt/ros/jazzy/opt/rviz_ogre_vendor/lib:/opt/ros/jazzy/lib/x86_64-linux-gnu:/opt/ros/jazzy/opt/gz_math_vendor/lib:/opt/ros/jazzy/opt/gz_utils_vendor/lib:/opt/ros/jazzy/opt/gz_cmake_vendor/lib:/opt/ros/jazzy/lib', 'HOME': '/home/inteli', 'CHROME_DESKTOP': 'cursor.desktop', 'CONDA_SHLVL': '0', 'OLDPWD': '/home/inteli/ponderada_navegacao', 'DESKTOP_SESSION': 'ubuntu', 'NVM_BIN': '/home/inteli/.nvm/versions/node/v20.19.5/bin', 'NVM_INC': '/home/inteli/.nvm/versions/node/v20.19.5/include/node', 'VSCODE_IPC_HOOK': '/run/user/1000/vscode-b447031e-2.1.-main.sock', 'GIO_LAUNCHED_DESKTOP_FILE': '/usr/share/applications/cursor.desktop', 'ROS_PYTHON_VERSION': '3', 'GNOME_SHELL_SESSION_MODE': 'ubuntu', 'GTK_MODULES': 'gail:atk-bridge', 'MANAGERPID': '3388', 'SYSTEMD_EXEC_PID': '3733', 'IM_CONFIG_CHECK_ENV': '1', 'GSM_SKIP_SSH_AGENT_WORKAROUND': 'true', 'NO_COLOR': '1', 'DBUS_SESSION_BUS_ADDRESS': 'unix:path=/run/user/1000/bus', 'GIO_LAUNCHED_DESKTOP_FILE_PID': '118363', 'NVM_DIR': '/home/inteli/.nvm', 'VSCODE_CRASH_REPORTER_PROCESS_TYPE': 'extensionHost', 'DEBUGINFOD_URLS': 'https://debuginfod.ubuntu.com', 'IM_CONFIG_PHASE': '1', 'WAYLAND_DISPLAY': 'wayland-0', 'VSCODE_L10N_BUNDLE_LOCATION': '', 'ROS_DISTRO': 'jazzy', 'LOGNAME': 'inteli', 'FORCE_COLOR': '0', 'JOURNAL_STREAM': '9:28848', '_': '/usr/bin/colcon', 'ROS_VERSION': '2', 'MEMORY_PRESSURE_WATCH': '/sys/fs/cgroup/user.slice/user-1000.slice/user@1000.service/session.slice/org.gnome.Shell@wayland.service/memory.pressure', 'XDG_SESSION_CLASS': 'user', 'USERNAME': 'inteli', 'TERM': 'dumb', 'GNOME_DESKTOP_SESSION_ID': 'this-is-deprecated', 'COMPOSER_NO_INTERACTION': '1', 'PATH': '/home/inteli/.local/bin:/home/inteli/.local/bin:/opt/ros/jazzy/bin:/home/inteli/.nvm/versions/node/v20.19.5/bin:/home/inteli/micromamba/condabin:/home/inteli/.cargo/bin:/home/inteli/.local/bin:/usr/local/sbin:/usr/local/bin:/usr/sbin:/usr/bin:/sbin:/bin:/usr/games:/usr/local/games:/snap/bin:/snap/bin', 'SESSION_MANAGER': 'local/inteli:@/tmp/.ICE-unix/3660,unix/inteli:/tmp/.ICE-unix/3660', 'INVOCATION_ID': 'f12c7352f27f4be7b406951c02292beb', 'XDG_MENU_PREFIX': 'gnome-', 'VSCODE_PROCESS_TITLE': 'extension-host  [1-2]', 'GNOME_SETUP_DISPLAY': ':1', 'XDG_RUNTIME_DIR': '/run/user/1000', 'GDK_BACKEND': 'x11', 'MAMBA_ROOT_PREFIX': '/home/inteli/micromamba', 'CURSOR_AGENT': '1', 'DISPLAY': ':0', 'LANG': 'en_US.UTF-8', 'XDG_CURRENT_DESKTOP': 'Unity', 'XMODIFIERS': '@im=ibus', 'XDG_SESSION_DESKTOP': 'ubuntu', 'XAUTHORITY': '/run/user/1000/.mutter-Xwaylandauth.R5MQG3', 'LS_COLORS': '', 'SBX_CHROME_API_RQ': '1', 'CURSOR_TRACE_ID': 'ca2fdaa175984c9bb4ec1b2cadd0ebdb', 'SSH_AUTH_SOCK': '/run/user/1000/keyring/ssh', 'AMENT_PREFIX_PATH': '/home/inteli/ponderada_navegacao/install/cg_interfaces:/opt/ros/jazzy', 'ORIGINAL_XDG_CURRENT_DESKTOP': 'ubuntu:GNOME', 'SHELL': '/bin/bash', 'QT_ACCESSIBILITY': '1', 'GDMSESSION': 'ubuntu', 'LESSCLOSE': '/usr/bin/lesspipe %s %s', 'GJS_DEBUG_OUTPUT': 'stderr', 'MAMBA_EXE': '/home/inteli/.local/bin/micromamba', 'ROS_AUTOMATIC_DISCOVERY_RANGE': 'SUBNET', 'QT_IM_MODULE': 'ibus', 'PWD': '/home/inteli/ponderada_navegacao/build/navegacao', 'LC_ALL': 'en_US.UTF-8', 'XDG_CONFIG_DIRS': '/etc/xdg/xdg-ubuntu:/etc/xdg', 'VSCODE_CODE_CACHE_PATH': '/home/inteli/.config/Cursor/CachedData/39a966b4048ef6b8024b27d4812a50d88de29cc0', 'NVM_CD_FLAGS': '', 'XDG_DATA_DIRS': '/usr/share/ubuntu:/usr/share/gnome:/usr/local/share/:/usr/share/:/var/lib/snapd/desktop', 'PYTHONPATH': '/home/inteli/ponderada_navegacao/install/cg_interfaces/lib/python3.12/site-packages:/opt/ros/jazzy/lib/python3.12/site-packages', 'COLCON': '1', '_ZO_DOCTOR': '0', 'MEMORY_PRESSURE_WRITE': 'c29tZSAyMDAwMDAgMjAwMDAwMAA=', 'CMAKE_PREFIX_PATH': '/home/inteli/ponderada_navegacao/install/cg_interfaces:/opt/ros/jazzy/opt/gz_math_vendor:/opt/ros/jazzy/opt/gz_utils_vendor:/opt/ros/jazzy/opt/gz_cmake_vendor:/opt/ros/jazzy', 'VSCODE_PID': '118363'}), 'shell': False}
[0.085558] (navegacao) StdoutLine: {'line': b'[ 50%] Built target path_planner\n'}
[0.095201] (navegacao) StdoutLine: {'line': b'[ 75%] Building CXX object CMakeFiles/mapper.dir/src/mapper_node.cpp.o\n'}
[0.099800] (-) TimerEvent: {}
[0.200058] (-) TimerEvent: {}
[0.300275] (-) TimerEvent: {}
[0.400563] (-) TimerEvent: {}
[0.500846] (-) TimerEvent: {}
[0.601117] (-) TimerEvent: {}
[0.701345] (-) TimerEvent: {}
[0.801619] (-) TimerEvent: {}
[0.901875] (-) TimerEvent: {}
[1.002140] (-) TimerEvent: {}
[1.102428] (-) TimerEvent: {}
[1.202708] (-) TimerEvent: {}
[1.302901] (-) TimerEvent: {}
[1.403102] (-) TimerEvent: {}
[1.503465] (-) TimerEvent: {}
[1.603780] (-) TimerEvent: {}
[1.704099] (-) TimerEvent: {}
[1.804368] (-) TimerEvent: {}
[1.904584] (-) TimerEvent: {}
[2.004896] (-) TimerEvent: {}
[2.105112] (-) TimerEvent: {}
[2.205351] (-) TimerEvent: {}
[2.305592] (-) TimerEvent: {}
[2.405832] (-) TimerEvent: {}
[2.506050] (-) TimerEvent: {}
[2.606235] (-) TimerEvent: {}
[2.706417] (-) TimerEvent: {}
[2.806635] (-) TimerEvent: {}
[2.906869] (-) TimerEvent: {}
[3.007107] (-) TimerEvent: {}
[3.107312] (-) TimerEvent: {}
[3.207520] (-) TimerEvent: {}
[3.307720] (-) TimerEvent: {}
[3.407957] (-) TimerEvent: {}
[3.508174] (-) TimerEvent: {}
[3.608359] (-) TimerEvent: {}
[3.708554] (-) TimerEvent: {}
[3.808741] (-) TimerEvent: {}
[3.908972] (-) TimerEvent: {}
[4.009169] (-) TimerEvent: {}
[4.109364] (-) TimerEvent: {}
[4.209680] (-) TimerEvent: {}
[4.309878] (-) TimerEvent: {}
[4.410168] (-) TimerEvent: {}
[4.510363] (-) TimerEvent: {}
[4.610616] (-) TimerEvent: {}
[4.710810] (-) TimerEvent: {}
[4.811021] (-) TimerEvent: {}
[4.911212] (-) TimerEvent: {}
[5.011413] (-) TimerEvent: {}
[5.111717] (-) TimerEvent: {}
[5.211888] (-) TimerEvent: {}
[5.312073] (-) TimerEvent: {}
[5.412261] (-) TimerEvent: {}
[5.512505] (-) TimerEvent: {}
[5.612704] (-) TimerEvent: {}
[5.712957] (-) TimerEvent: {}
[5.813152] (-) TimerEvent: {}
[5.916667] (-) TimerEvent: {}
[6.016913] (-) TimerEvent: {}
[6.118227] (-) TimerEvent: {}
[6.219103] (-) TimerEvent: {}
[6.319355] (-) TimerEvent: {}
[6.419698] (-) TimerEvent: {}
[6.519924] (-) TimerEvent: {}
[6.620131] (-) TimerEvent: {}
[6.720344] (-) TimerEvent: {}
[6.820549] (-) TimerEvent: {}
[6.920743] (-) TimerEvent: {}
[7.020958] (-) TimerEvent: {}
[7.121206] (-) TimerEvent: {}
[7.221385] (-) TimerEvent: {}
[7.321575] (-) TimerEvent: {}
[7.421727] (-) TimerEvent: {}
[7.521967] (-) TimerEvent: {}
[7.622200] (-) TimerEvent: {}
[7.722435] (-) TimerEvent: {}
[7.822606] (-) TimerEvent: {}
[7.922797] (-) TimerEvent: {}
[8.022990] (-) TimerEvent: {}
[8.123241] (-) TimerEvent: {}
[8.223475] (-) TimerEvent: {}
[8.323677] (-) TimerEvent: {}
[8.423906] (-) TimerEvent: {}
[8.524174] (-) TimerEvent: {}
[8.624360] (-) TimerEvent: {}
[8.724646] (-) TimerEvent: {}
[8.824840] (-) TimerEvent: {}
[8.925032] (-) TimerEvent: {}
[9.025249] (-) TimerEvent: {}
[9.125438] (-) TimerEvent: {}
[9.225652] (-) TimerEvent: {}
[9.325846] (-) TimerEvent: {}
[9.426106] (-) TimerEvent: {}
[9.526299] (-) TimerEvent: {}
[9.626529] (-) TimerEvent: {}
[9.726698] (-) TimerEvent: {}
[9.826929] (-) TimerEvent: {}
[9.927106] (-) TimerEvent: {}
[10.027342] (-) TimerEvent: {}
[10.127619] (-) TimerEvent: {}
[10.227830] (-) TimerEvent: {}
[10.289505] (navegacao) StdoutLine: {'line': b'[100%] Linking CXX executable mapper\n'}
[10.327982] (-) TimerEvent: {}
[10.428337] (-) TimerEvent: {}
[10.528524] (-) TimerEvent: {}
[10.628743] (-) TimerEvent: {}
[10.663443] (navegacao) StdoutLine: {'line': b'[100%] Built target mapper\n'}
[10.676060] (navegacao) CommandEnded: {'returncode': 0}
[10.676688] (navegacao) JobProgress: {'identifier': 'navegacao', 'progress': 'install'}
[10.686254] (navegacao) Command: {'cmd': ['/usr/bin/cmake', '--install', '/home/inteli/ponderada_navegacao/build/navegacao'], 'cwd': '/home/inteli/ponderada_navegacao/build/navegacao', 'env': OrderedDict({'GJS_DEBUG_TOPICS': 'JS ERROR;JS LOG', 'LESSOPEN': '| /usr/bin/lesspipe %s', 'VSCODE_CWD': '/home/inteli', 'VSCODE_ESM_ENTRYPOINT': 'vs/workbench/api/node/extensionHostProcess', 'USER': 'inteli', 'VSCODE_NLS_CONFIG': '{"userLocale":"en-us","osLocale":"en-us","resolvedLanguage":"en","defaultMessagesFile":"/usr/share/cursor/resources/app/out/nls.messages.json","locale":"en-us","availableLanguages":{}}', 'VSCODE_HANDLES_UNCAUGHT_ERRORS': 'true', 'XDG_SESSION_TYPE': 'wayland', 'CLUTTER_DISABLE_MIPMAPPED_TEXT': '1', 'SHLVL': '1', 'LD_LIBRARY_PATH': '/home/inteli/ponderada_navegacao/install/cg_interfaces/lib:/opt/ros/jazzy/opt/rviz_ogre_vendor/lib:/opt/ros/jazzy/lib/x86_64-linux-gnu:/opt/ros/jazzy/opt/gz_math_vendor/lib:/opt/ros/jazzy/opt/gz_utils_vendor/lib:/opt/ros/jazzy/opt/gz_cmake_vendor/lib:/opt/ros/jazzy/lib', 'HOME': '/home/inteli', 'CHROME_DESKTOP': 'cursor.desktop', 'CONDA_SHLVL': '0', 'OLDPWD': '/home/inteli/ponderada_navegacao', 'DESKTOP_SESSION': 'ubuntu', 'NVM_BIN': '/home/inteli/.nvm/versions/node/v20.19.5/bin', 'NVM_INC': '/home/inteli/.nvm/versions/node/v20.19.5/include/node', 'VSCODE_IPC_HOOK': '/run/user/1000/vscode-b447031e-2.1.-main.sock', 'GIO_LAUNCHED_DESKTOP_FILE': '/usr/share/applications/cursor.desktop', 'ROS_PYTHON_VERSION': '3', 'GNOME_SHELL_SESSION_MODE': 'ubuntu', 'GTK_MODULES': 'gail:atk-bridge', 'MANAGERPID': '3388', 'SYSTEMD_EXEC_PID': '3733', 'IM_CONFIG_CHECK_ENV': '1', 'GSM_SKIP_SSH_AGENT_WORKAROUND': 'true', 'NO_COLOR': '1', 'DBUS_SESSION_BUS_ADDRESS': 'unix:path=/run/user/1000/bus', 'GIO_LAUNCHED_DESKTOP_FILE_PID': '118363', 'NVM_DIR': '/home/inteli/.nvm', 'VSCODE_CRASH_REPORTER_PROCESS_TYPE': 'extensionHost', 'DEBUGINFOD_URLS': 'https://debuginfod.ubuntu.com', 'IM_CONFIG_PHASE': '1', 'WAYLAND_DISPLAY': 'wayland-0', 'VSCODE_L10N_BUNDLE_LOCATION': '', 'ROS_DISTRO': 'jazzy', 'LOGNAME': 'inteli', 'FORCE_COLOR': '0', 'JOURNAL_STREAM': '9:28848', '_': '/usr/bin/colcon', 'ROS_VERSION': '2', 'MEMORY_PRESSURE_WATCH': '/sys/fs/cgroup/user.slice/user-1000.slice/user@1000.service/session.slice/org.gnome.Shell@wayland.service/memory.pressure', 'XDG_SESSION_CLASS': 'user', 'USERNAME': 'inteli', 'TERM': 'dumb', 'GNOME_DESKTOP_SESSION_ID': 'this-is-deprecated', 'COMPOSER_NO_INTERACTION': '1', 'PATH': '/home/inteli/.local/bin:/home/inteli/.local/bin:/opt/ros/jazzy/bin:/home/inteli/.nvm/versions/node/v20.19.5/bin:/home/inteli/micromamba/condabin:/home/inteli/.cargo/bin:/home/inteli/.local/bin:/usr/local/sbin:/usr/local/bin:/usr/sbin:/usr/bin:/sbin:/bin:/usr/games:/usr/local/games:/snap/bin:/snap/bin', 'SESSION_MANAGER': 'local/inteli:@/tmp/.ICE-unix/3660,unix/inteli:/tmp/.ICE-unix/3660', 'INVOCATION_ID': 'f12c7352f27f4be7b406951c02292beb', 'XDG_MENU_PREFIX': 'gnome-', 'VSCODE_PROCESS_TITLE': 'extension-host  [1-2]', 'GNOME_SETUP_DISPLAY': ':1', 'XDG_RUNTIME_DIR': '/run/user/1000', 'GDK_BACKEND': 'x11', 'MAMBA_ROOT_PREFIX': '/home/inteli/micromamba', 'CURSOR_AGENT': '1', 'DISPLAY': ':0', 'LANG': 'en_US.UTF-8', 'XDG_CURRENT_DESKTOP': 'Unity', 'XMODIFIERS': '@im=ibus', 'XDG_SESSION_DESKTOP': 'ubuntu', 'XAUTHORITY': '/run/user/1000/.mutter-Xwaylandauth.R5MQG3', 'LS_COLORS': '', 'SBX_CHROME_API_RQ': '1', 'CURSOR_TRACE_ID': 'ca2fdaa175984c9bb4ec1b2cadd0ebdb', 'SSH_AUTH_SOCK': '/run/user/1000/keyring/ssh', 'AMENT_PREFIX_PATH': '/home/inteli/ponderada_navegacao/install/cg_interfaces:/opt/ros/jazzy', 'ORIGINAL_XDG_CURRENT_DESKTOP': 'ubuntu:GNOME', 'SHELL': '/bin/bash', 'QT_ACCESSIBILITY': '1', 'GDMSESSION': 'ubuntu', 'LESSCLOSE': '/usr/bin/lesspipe %s %s', 'GJS_DEBUG_OUTPUT': 'stderr', 'MAMBA_EXE': '/home/inteli/.local/bin/micromamba', 'ROS_AUTOMATIC_DISCOVERY_RANGE': 'SUBNET', 'QT_IM_MODULE': 'ibus', 'PWD': '/home/inteli/ponderada_navegacao/build/navegacao', 'LC_ALL': 'en_US.UTF-8', 'XDG_CONFIG_DIRS': '/etc/xdg/xdg-ubuntu:/etc/xdg', 'VSCODE_CODE_CACHE_PATH': '/home/inteli/.config/Cursor/CachedData/39a966b4048ef6b8024b27d4812a50d88de29cc0', 'NVM_CD_FLAGS': '', 'XDG_DATA_DIRS': '/usr/share/ubuntu:/usr/share/gnome:/usr/local/share/:/usr/share/:/var/lib/snapd/desktop', 'PYTHONPATH': '/home/inteli/ponderada_navegacao/install/cg_interfaces/lib/python3.12/site-packages:/opt/ros/jazzy/lib/python3.12/site-packages', 'COLCON': '1', '_ZO_DOCTOR': '0', 'MEMORY_PRESSURE_WRITE': 'c29tZSAyMDAwMDAgMjAwMDAwMAA=', 'CMAKE_PREFIX_PATH': '/home/inteli/ponderada_navegacao/install/cg_interfaces:/opt/ros/jazzy/opt/gz_math_vendor:/opt/ros/jazzy/opt/gz_utils_vendor:/opt/ros/jazzy/opt/gz_cmake_vendor:/opt/ros/jazzy', 'VSCODE_PID': '118363'}), 'shell': False}
[10.694634] (navegacao) StdoutLine: {'line': b'-- Install configuration: ""\n'}
[10.694945] (navegacao) StdoutLine: {'line': b'-- Up-to-date: /home/inteli/ponderada_navegacao/install/navegacao/lib/navegacao/path_planner\n'}
[10.695075] (navegacao) StdoutLine: {'line': b'-- Installing: /home/inteli/ponderada_navegacao/install/navegacao/lib/navegacao/mapper\n'}
[10.700738] (navegacao) StdoutLine: {'line': b'-- Set non-toolchain portion of runtime path of "/home/inteli/ponderada_navegacao/install/navegacao/lib/navegacao/mapper" to ""\n'}
[10.701316] (navegacao) StdoutLine: {'line': b'-- Up-to-date: /home/inteli/ponderada_navegacao/install/navegacao/include/navegacao\n'}
[10.701407] (navegacao) StdoutLine: {'line': b'-- Up-to-date: /home/inteli/ponderada_navegacao/install/navegacao/include/navegacao/grid_utils.hpp\n'}
[10.701485] (navegacao) StdoutLine: {'line': b'-- Up-to-date: /home/inteli/ponderada_navegacao/install/navegacao/share/navegacao/launch\n'}
[10.701653] (navegacao) StdoutLine: {'line': b'-- Up-to-date: /home/inteli/ponderada_navegacao/install/navegacao/share/navegacao/launch/mapper.launch.py\n'}
[10.701720] (navegacao) StdoutLine: {'line': b'-- Up-to-date: /home/inteli/ponderada_navegacao/install/navegacao/share/navegacao/launch/path_planner.launch.py\n'}
[10.701788] (navegacao) StdoutLine: {'line': b'-- Up-to-date: /home/inteli/ponderada_navegacao/install/navegacao/share/navegacao/maps\n'}
[10.701867] (navegacao) StdoutLine: {'line': b'-- Up-to-date: /home/inteli/ponderada_navegacao/install/navegacao/share/ament_index/resource_index/package_run_dependencies/navegacao\n'}
[10.701964] (navegacao) StdoutLine: {'line': b'-- Up-to-date: /home/inteli/ponderada_navegacao/install/navegacao/share/ament_index/resource_index/parent_prefix_path/navegacao\n'}
[10.702034] (navegacao) StdoutLine: {'line': b'-- Up-to-date: /home/inteli/ponderada_navegacao/install/navegacao/share/navegacao/environment/ament_prefix_path.sh\n'}
[10.702098] (navegacao) StdoutLine: {'line': b'-- Up-to-date: /home/inteli/ponderada_navegacao/install/navegacao/share/navegacao/environment/ament_prefix_path.dsv\n'}
[10.702163] (navegacao) StdoutLine: {'line': b'-- Up-to-date: /home/inteli/ponderada_navegacao/install/navegacao/share/navegacao/environment/path.sh\n'}
[10.702261] (navegacao) StdoutLine: {'line': b'-- Up-to-date: /home/inteli/ponderada_navegacao/install/navegacao/share/navegacao/environment/path.dsv\n'}
[10.702335] (navegacao) StdoutLine: {'line': b'-- Up-to-date: /home/inteli/ponderada_navegacao/install/navegacao/share/navegacao/local_setup.bash\n'}
[10.702416] (navegacao) StdoutLine: {'line': b'-- Up-to-date: /home/inteli/ponderada_navegacao/install/navegacao/share/navegacao/local_setup.sh\n'}
[10.702499] (navegacao) StdoutLine: {'line': b'-- Up-to-date: /home/inteli/ponderada_navegacao/install/navegacao/share/navegacao/local_setup.zsh\n'}
[10.702563] (navegacao) StdoutLine: {'line': b'-- Up-to-date: /home/inteli/ponderada_navegacao/install/navegacao/share/navegacao/local_setup.dsv\n'}
[10.702625] (navegacao) StdoutLine: {'line': b'-- Installing: /home/inteli/ponderada_navegacao/install/navegacao/share/navegacao/package.dsv\n'}
[10.702690] (navegacao) StdoutLine: {'line': b'-- Up-to-date: /home/inteli/ponderada_navegacao/install/navegacao/share/ament_index/resource_index/packages/navegacao\n'}
[10.702752] (navegacao) StdoutLine: {'line': b'-- Up-to-date: /home/inteli/ponderada_navegacao/install/navegacao/share/navegacao/cmake/navegacaoConfig.cmake\n'}
[10.702814] (navegacao) StdoutLine: {'line': b'-- Up-to-date: /home/inteli/ponderada_navegacao/install/navegacao/share/navegacao/cmake/navegacaoConfig-version.cmake\n'}
[10.702877] (navegacao) StdoutLine: {'line': b'-- Up-to-date: /home/inteli/ponderada_navegacao/install/navegacao/share/navegacao/package.xml\n'}
[10.704190] (navegacao) CommandEnded: {'returncode': 0}
[10.720544] (navegacao) JobEnded: {'identifier': 'navegacao', 'rc': 0}
[10.721093] (-) EventReactorShutdown: {}
