[1.524s] Invoking command in '/home/inteli/ponderada_navegacao/src/culling_games/src/cg': AMENT_PREFIX_PATH=/home/inteli/ponderada_navegacao/install/cg_interfaces:${AMENT_PREFIX_PATH} CMAKE_PREFIX_PATH=/home/inteli/ponderada_navegacao/install/cg_interfaces:${CMAKE_PREFIX_PATH} DEBUGINFOD_URLS=https://debuginfod.ubuntu.com LD_LIBRARY_PATH=/home/inteli/ponderada_navegacao/install/cg_interfaces/lib:${LD_LIBRARY_PATH} PYTHONPATH=/home/inteli/ponderada_navegacao/build/cg/prefix_override:/usr/lib/python3/dist-packages/colcon_core/task/python/colcon_distutils_commands:/home/inteli/ponderada_navegacao/install/cg/lib/python3.12/site-packages:/home/inteli/ponderada_navegacao/install/cg_interfaces/lib/python3.12/site-packages:${PYTHONPATH} /usr/bin/python3 -W ignore:setup.py install is deprecated -W ignore:easy_install command is deprecated setup.py egg_info --egg-base ../../../../build/cg build --build-base /home/inteli/ponderada_navegacao/build/cg/build install --record /home/inteli/ponderada_navegacao/build/cg/install.log --single-version-externally-managed install_data
[1.856s] running egg_info
[1.857s] creating ../../../../build/cg/cg.egg-info
[1.882s] writing ../../../../build/cg/cg.egg-info/PKG-INFO
[1.883s] writing dependency_links to ../../../../build/cg/cg.egg-info/dependency_links.txt
[1.883s] writing entry points to ../../../../build/cg/cg.egg-info/entry_points.txt
[1.883s] writing requirements to ../../../../build/cg/cg.egg-info/requires.txt
[1.883s] writing top-level names to ../../../../build/cg/cg.egg-info/top_level.txt
[1.884s] writing manifest file '../../../../build/cg/cg.egg-info/SOURCES.txt'
[1.956s] reading manifest file '../../../../build/cg/cg.egg-info/SOURCES.txt'
[1.956s] adding license file 'LICENSE'
[1.958s] writing manifest file '../../../../build/cg/cg.egg-info/SOURCES.txt'
[1.958s] running build
[1.959s] running build_py
[1.959s] creating /home/inteli/ponderada_navegacao/build/cg/build
[1.959s] creating /home/inteli/ponderada_navegacao/build/cg/build/lib
[1.959s] creating /home/inteli/ponderada_navegacao/build/cg/build/lib/cg
[1.959s] copying cg/Robot.py -> /home/inteli/ponderada_navegacao/build/cg/build/lib/cg
[1.960s] copying cg/main.py -> /home/inteli/ponderada_navegacao/build/cg/build/lib/cg
[1.960s] copying cg/Editor.py -> /home/inteli/ponderada_navegacao/build/cg/build/lib/cg
[1.960s] copying cg/__init__.py -> /home/inteli/ponderada_navegacao/build/cg/build/lib/cg
[1.960s] copying cg/teste.py -> /home/inteli/ponderada_navegacao/build/cg/build/lib/cg
[1.961s] copying cg/Game.py -> /home/inteli/ponderada_navegacao/build/cg/build/lib/cg
[1.961s] copying cg/Maze.py -> /home/inteli/ponderada_navegacao/build/cg/build/lib/cg
[1.962s] creating /home/inteli/ponderada_navegacao/build/cg/build/lib/cg/Utils
[1.962s] copying cg/Utils/Screen.py -> /home/inteli/ponderada_navegacao/build/cg/build/lib/cg/Utils
[1.962s] copying cg/Utils/Finders.py -> /home/inteli/ponderada_navegacao/build/cg/build/lib/cg/Utils
[1.962s] copying cg/Utils/Grid.py -> /home/inteli/ponderada_navegacao/build/cg/build/lib/cg/Utils
[1.962s] copying cg/Utils/Csv.py -> /home/inteli/ponderada_navegacao/build/cg/build/lib/cg/Utils
[1.963s] copying cg/Utils/__init__.py -> /home/inteli/ponderada_navegacao/build/cg/build/lib/cg/Utils
[1.963s] running install
[1.979s] running install_lib
[2.010s] creating /home/inteli/ponderada_navegacao/install/cg/lib/python3.12/site-packages/cg
[2.011s] copying /home/inteli/ponderada_navegacao/build/cg/build/lib/cg/Robot.py -> /home/inteli/ponderada_navegacao/install/cg/lib/python3.12/site-packages/cg
[2.011s] copying /home/inteli/ponderada_navegacao/build/cg/build/lib/cg/main.py -> /home/inteli/ponderada_navegacao/install/cg/lib/python3.12/site-packages/cg
[2.011s] copying /home/inteli/ponderada_navegacao/build/cg/build/lib/cg/Editor.py -> /home/inteli/ponderada_navegacao/install/cg/lib/python3.12/site-packages/cg
[2.011s] copying /home/inteli/ponderada_navegacao/build/cg/build/lib/cg/__init__.py -> /home/inteli/ponderada_navegacao/install/cg/lib/python3.12/site-packages/cg
[2.012s] copying /home/inteli/ponderada_navegacao/build/cg/build/lib/cg/teste.py -> /home/inteli/ponderada_navegacao/install/cg/lib/python3.12/site-packages/cg
[2.012s] copying /home/inteli/ponderada_navegacao/build/cg/build/lib/cg/Game.py -> /home/inteli/ponderada_navegacao/install/cg/lib/python3.12/site-packages/cg
[2.012s] creating /home/inteli/ponderada_navegacao/install/cg/lib/python3.12/site-packages/cg/Utils
[2.012s] copying /home/inteli/ponderada_navegacao/build/cg/build/lib/cg/Utils/Screen.py -> /home/inteli/ponderada_navegacao/install/cg/lib/python3.12/site-packages/cg/Utils
[2.013s] copying /home/inteli/ponderada_navegacao/build/cg/build/lib/cg/Utils/Finders.py -> /home/inteli/ponderada_navegacao/install/cg/lib/python3.12/site-packages/cg/Utils
[2.013s] copying /home/inteli/ponderada_navegacao/build/cg/build/lib/cg/Utils/Grid.py -> /home/inteli/ponderada_navegacao/install/cg/lib/python3.12/site-packages/cg/Utils
[2.013s] copying /home/inteli/ponderada_navegacao/build/cg/build/lib/cg/Utils/Csv.py -> /home/inteli/ponderada_navegacao/install/cg/lib/python3.12/site-packages/cg/Utils
[2.013s] copying /home/inteli/ponderada_navegacao/build/cg/build/lib/cg/Utils/__init__.py -> /home/inteli/ponderada_navegacao/install/cg/lib/python3.12/site-packages/cg/Utils
[2.014s] copying /home/inteli/ponderada_navegacao/build/cg/build/lib/cg/Maze.py -> /home/inteli/ponderada_navegacao/install/cg/lib/python3.12/site-packages/cg
[2.014s] byte-compiling /home/inteli/ponderada_navegacao/install/cg/lib/python3.12/site-packages/cg/Robot.py to Robot.cpython-312.pyc
[2.015s] byte-compiling /home/inteli/ponderada_navegacao/install/cg/lib/python3.12/site-packages/cg/main.py to main.cpython-312.pyc
[2.017s] byte-compiling /home/inteli/ponderada_navegacao/install/cg/lib/python3.12/site-packages/cg/Editor.py to Editor.cpython-312.pyc
[2.018s] byte-compiling /home/inteli/ponderada_navegacao/install/cg/lib/python3.12/site-packages/cg/__init__.py to __init__.cpython-312.pyc
[2.018s] byte-compiling /home/inteli/ponderada_navegacao/install/cg/lib/python3.12/site-packages/cg/teste.py to teste.cpython-312.pyc
[2.019s] byte-compiling /home/inteli/ponderada_navegacao/install/cg/lib/python3.12/site-packages/cg/Game.py to Game.cpython-312.pyc
[2.022s] byte-compiling /home/inteli/ponderada_navegacao/install/cg/lib/python3.12/site-packages/cg/Utils/Screen.py to Screen.cpython-312.pyc
[2.023s] byte-compiling /home/inteli/ponderada_navegacao/install/cg/lib/python3.12/site-packages/cg/Utils/Finders.py to Finders.cpython-312.pyc
[2.023s] byte-compiling /home/inteli/ponderada_navegacao/install/cg/lib/python3.12/site-packages/cg/Utils/Grid.py to Grid.cpython-312.pyc
[2.024s] byte-compiling /home/inteli/ponderada_navegacao/install/cg/lib/python3.12/site-packages/cg/Utils/Csv.py to Csv.cpython-312.pyc
[2.025s] byte-compiling /home/inteli/ponderada_navegacao/install/cg/lib/python3.12/site-packages/cg/Utils/__init__.py to __init__.cpython-312.pyc
[2.025s] byte-compiling /home/inteli/ponderada_navegacao/install/cg/lib/python3.12/site-packages/cg/Maze.py to Maze.cpython-312.pyc
[2.027s] running install_data
[2.027s] creating /home/inteli/ponderada_navegacao/install/cg/share/ament_index
[2.027s] creating /home/inteli/ponderada_navegacao/install/cg/share/ament_index/resource_index
[2.028s] creating /home/inteli/ponderada_navegacao/install/cg/share/ament_index/resource_index/packages
[2.028s] copying resource/cg -> /home/inteli/ponderada_navegacao/install/cg/share/ament_index/resource_index/packages
[2.028s] copying package.xml -> /home/inteli/ponderada_navegacao/install/cg/share/cg
[2.028s] creating /home/inteli/ponderada_navegacao/install/cg/share/cg/maps
[2.028s] copying maps/8.csv -> /home/inteli/ponderada_navegacao/install/cg/share/cg/maps
[2.028s] copying maps/9.csv -> /home/inteli/ponderada_navegacao/install/cg/share/cg/maps
[2.029s] copying maps/2.csv -> /home/inteli/ponderada_navegacao/install/cg/share/cg/maps
[2.029s] copying maps/3.csv -> /home/inteli/ponderada_navegacao/install/cg/share/cg/maps
[2.029s] copying maps/6.csv -> /home/inteli/ponderada_navegacao/install/cg/share/cg/maps
[2.029s] copying maps/5.csv -> /home/inteli/ponderada_navegacao/install/cg/share/cg/maps
[2.029s] copying maps/10.csv -> /home/inteli/ponderada_navegacao/install/cg/share/cg/maps
[2.030s] copying maps/1.csv -> /home/inteli/ponderada_navegacao/install/cg/share/cg/maps
[2.030s] copying maps/test.csv -> /home/inteli/ponderada_navegacao/install/cg/share/cg/maps
[2.030s] copying maps/4.csv -> /home/inteli/ponderada_navegacao/install/cg/share/cg/maps
[2.031s] copying maps/7.csv -> /home/inteli/ponderada_navegacao/install/cg/share/cg/maps
[2.031s] creating /home/inteli/ponderada_navegacao/install/cg/share/cg/lobotomy_kaisen
[2.031s] copying ../../lobotomy_kaisen/idwin.jpg -> /home/inteli/ponderada_navegacao/install/cg/share/cg/lobotomy_kaisen
[2.032s] copying ../../lobotomy_kaisen/shibuya.jpeg -> /home/inteli/ponderada_navegacao/install/cg/share/cg/lobotomy_kaisen
[2.033s] copying ../../lobotomy_kaisen/fax.jpg -> /home/inteli/ponderada_navegacao/install/cg/share/cg/lobotomy_kaisen
[2.033s] copying ../../lobotomy_kaisen/wuji.jpg -> /home/inteli/ponderada_navegacao/install/cg/share/cg/lobotomy_kaisen
[2.034s] copying ../../lobotomy_kaisen/dies_from_peak.jpg -> /home/inteli/ponderada_navegacao/install/cg/share/cg/lobotomy_kaisen
[2.036s] copying ../../lobotomy_kaisen/dabura.png -> /home/inteli/ponderada_navegacao/install/cg/share/cg/lobotomy_kaisen
[2.037s] copying ../../lobotomy_kaisen/megumi.jpg -> /home/inteli/ponderada_navegacao/install/cg/share/cg/lobotomy_kaisen
[2.039s] copying ../../lobotomy_kaisen/mou.jpg -> /home/inteli/ponderada_navegacao/install/cg/share/cg/lobotomy_kaisen
[2.040s] copying ../../lobotomy_kaisen/potential_man.jpg -> /home/inteli/ponderada_navegacao/install/cg/share/cg/lobotomy_kaisen
[2.042s] copying ../../lobotomy_kaisen/freddy.jpg -> /home/inteli/ponderada_navegacao/install/cg/share/cg/lobotomy_kaisen
[2.043s] copying ../../lobotomy_kaisen/cook.jpg -> /home/inteli/ponderada_navegacao/install/cg/share/cg/lobotomy_kaisen
[2.044s] copying ../../lobotomy_kaisen/goatjo.jpg -> /home/inteli/ponderada_navegacao/install/cg/share/cg/lobotomy_kaisen
[2.045s] copying ../../lobotomy_kaisen/fax3.jpg -> /home/inteli/ponderada_navegacao/install/cg/share/cg/lobotomy_kaisen
[2.047s] copying ../../lobotomy_kaisen/remembered.jpg -> /home/inteli/ponderada_navegacao/install/cg/share/cg/lobotomy_kaisen
[2.048s] copying ../../lobotomy_kaisen/mental_damage.jpg -> /home/inteli/ponderada_navegacao/install/cg/share/cg/lobotomy_kaisen
[2.050s] copying ../../lobotomy_kaisen/suksuk.jpg -> /home/inteli/ponderada_navegacao/install/cg/share/cg/lobotomy_kaisen
[2.050s] copying ../../lobotomy_kaisen/cinema.jpg -> /home/inteli/ponderada_navegacao/install/cg/share/cg/lobotomy_kaisen
[2.055s] copying ../../lobotomy_kaisen/brain_damage.jpg -> /home/inteli/ponderada_navegacao/install/cg/share/cg/lobotomy_kaisen
[2.055s] running install_egg_info
[2.092s] Copying ../../../../build/cg/cg.egg-info to /home/inteli/ponderada_navegacao/install/cg/lib/python3.12/site-packages/cg-0.0.0-py3.12.egg-info
[2.093s] running install_scripts
[2.338s] Installing edit script to /home/inteli/ponderada_navegacao/install/cg/lib/cg
[2.338s] Installing maze script to /home/inteli/ponderada_navegacao/install/cg/lib/cg
[2.338s] Installing test script to /home/inteli/ponderada_navegacao/install/cg/lib/cg
[2.339s] writing list of installed files to '/home/inteli/ponderada_navegacao/build/cg/install.log'
[2.395s] Invoked command in '/home/inteli/ponderada_navegacao/src/culling_games/src/cg' returned '0': AMENT_PREFIX_PATH=/home/inteli/ponderada_navegacao/install/cg_interfaces:${AMENT_PREFIX_PATH} CMAKE_PREFIX_PATH=/home/inteli/ponderada_navegacao/install/cg_interfaces:${CMAKE_PREFIX_PATH} DEBUGINFOD_URLS=https://debuginfod.ubuntu.com LD_LIBRARY_PATH=/home/inteli/ponderada_navegacao/install/cg_interfaces/lib:${LD_LIBRARY_PATH} PYTHONPATH=/home/inteli/ponderada_navegacao/build/cg/prefix_override:/usr/lib/python3/dist-packages/colcon_core/task/python/colcon_distutils_commands:/home/inteli/ponderada_navegacao/install/cg/lib/python3.12/site-packages:/home/inteli/ponderada_navegacao/install/cg_interfaces/lib/python3.12/site-packages:${PYTHONPATH} /usr/bin/python3 -W ignore:setup.py install is deprecated -W ignore:easy_install command is deprecated setup.py egg_info --egg-base ../../../../build/cg build --build-base /home/inteli/ponderada_navegacao/build/cg/build install --record /home/inteli/ponderada_navegacao/build/cg/install.log --single-version-externally-managed install_data
