[1.815s] Invoking command in '/home/inteli/ponderada_navegacao/src/culling_games/src/cg': AMENT_PREFIX_PATH=/home/inteli/ponderada_navegacao/install/cg_interfaces:${AMENT_PREFIX_PATH} CMAKE_PREFIX_PATH=/home/inteli/ponderada_navegacao/install/cg_interfaces:${CMAKE_PREFIX_PATH} DEBUGINFOD_URLS=https://debuginfod.ubuntu.com LD_LIBRARY_PATH=/home/inteli/ponderada_navegacao/install/cg_interfaces/lib:${LD_LIBRARY_PATH} PYTHONPATH=/home/inteli/ponderada_navegacao/build/cg/prefix_override:/usr/lib/python3/dist-packages/colcon_core/task/python/colcon_distutils_commands:/home/inteli/ponderada_navegacao/install/cg/lib/python3.12/site-packages:/home/inteli/ponderada_navegacao/install/cg_interfaces/lib/python3.12/site-packages:${PYTHONPATH} /usr/bin/python3 -W ignore:setup.py install is deprecated -W ignore:easy_install command is deprecated setup.py egg_info --egg-base ../../../../build/cg build --build-base /home/inteli/ponderada_navegacao/build/cg/build install --record /home/inteli/ponderada_navegacao/build/cg/install.log --single-version-externally-managed install_data
[2.363s] running egg_info
[2.401s] writing ../../../../build/cg/cg.egg-info/PKG-INFO
[2.403s] writing dependency_links to ../../../../build/cg/cg.egg-info/dependency_links.txt
[2.403s] writing entry points to ../../../../build/cg/cg.egg-info/entry_points.txt
[2.403s] writing requirements to ../../../../build/cg/cg.egg-info/requires.txt
[2.403s] writing top-level names to ../../../../build/cg/cg.egg-info/top_level.txt
[2.505s] reading manifest file '../../../../build/cg/cg.egg-info/SOURCES.txt'
[2.505s] adding license file 'LICENSE'
[2.508s] writing manifest file '../../../../build/cg/cg.egg-info/SOURCES.txt'
[2.509s] running build
[2.510s] running build_py
[2.510s] running install
[2.528s] running install_lib
[2.585s] running install_data
[2.587s] running install_egg_info
[2.628s] removing '/home/inteli/ponderada_navegacao/install/cg/lib/python3.12/site-packages/cg-0.0.0-py3.12.egg-info' (and everything under it)
[2.629s] Copying ../../../../build/cg/cg.egg-info to /home/inteli/ponderada_navegacao/install/cg/lib/python3.12/site-packages/cg-0.0.0-py3.12.egg-info
[2.631s] running install_scripts
[2.905s] Installing edit script to /home/inteli/ponderada_navegacao/install/cg/lib/cg
[2.905s] Installing maze script to /home/inteli/ponderada_navegacao/install/cg/lib/cg
[2.906s] Installing test script to /home/inteli/ponderada_navegacao/install/cg/lib/cg
[2.906s] writing list of installed files to '/home/inteli/ponderada_navegacao/build/cg/install.log'
[2.957s] Invoked command in '/home/inteli/ponderada_navegacao/src/culling_games/src/cg' returned '0': AMENT_PREFIX_PATH=/home/inteli/ponderada_navegacao/install/cg_interfaces:${AMENT_PREFIX_PATH} CMAKE_PREFIX_PATH=/home/inteli/ponderada_navegacao/install/cg_interfaces:${CMAKE_PREFIX_PATH} DEBUGINFOD_URLS=https://debuginfod.ubuntu.com LD_LIBRARY_PATH=/home/inteli/ponderada_navegacao/install/cg_interfaces/lib:${LD_LIBRARY_PATH} PYTHONPATH=/home/inteli/ponderada_navegacao/build/cg/prefix_override:/usr/lib/python3/dist-packages/colcon_core/task/python/colcon_distutils_commands:/home/inteli/ponderada_navegacao/install/cg/lib/python3.12/site-packages:/home/inteli/ponderada_navegacao/install/cg_interfaces/lib/python3.12/site-packages:${PYTHONPATH} /usr/bin/python3 -W ignore:setup.py install is deprecated -W ignore:easy_install command is deprecated setup.py egg_info --egg-base ../../../../build/cg build --build-base /home/inteli/ponderada_navegacao/build/cg/build install --record /home/inteli/ponderada_navegacao/build/cg/install.log --single-version-externally-managed install_data
