[0.249s] DEBUG:colcon:Command line arguments: ['/usr/bin/colcon', 'build', '--packages-select', 'navegacao']
[0.250s] DEBUG:colcon:Parsed command line arguments: Namespace(log_base=None, log_level=None, verb_name='build', build_base='build', install_base='install', merge_install=False, symlink_install=False, test_result_base=None, continue_on_error=False, executor='parallel', parallel_workers=8, event_handlers=None, ignore_user_meta=False, metas=['./colcon.meta'], base_paths=['.'], packages_ignore=None, packages_ignore_regex=None, paths=None, packages_up_to=None, packages_up_to_regex=None, packages_above=None, packages_above_and_dependencies=None, packages_above_depth=None, packages_select_by_dep=None, packages_skip_by_dep=None, packages_skip_up_to=None, packages_select_build_failed=False, packages_skip_build_finished=False, packages_select_test_failures=False, packages_skip_test_passed=False, packages_select=['navegacao'], packages_skip=None, packages_select_regex=None, packages_skip_regex=None, packages_start=None, packages_end=None, allow_overriding=[], cmake_args=None, cmake_target=None, cmake_target_skip_unavailable=False, cmake_clean_cache=False, cmake_clean_first=False, cmake_force_configure=False, ament_cmake_args=None, catkin_cmake_args=None, catkin_skip_building_tests=False, mixin_files=None, mixin=None, verb_parser=<colcon_mixin.mixin.mixin_argument.MixinArgumentDecorator object at 0x7b3d4c3907d0>, verb_extension=<colcon_core.verb.build.BuildVerb object at 0x7b3d4c42b560>, main=<bound method BuildVerb.main of <colcon_core.verb.build.BuildVerb object at 0x7b3d4c42b560>>, mixin_verb=('build',))
[0.339s] Level 1:colcon.colcon_core.package_discovery:discover_packages(colcon_meta) check parameters
[0.340s] Level 1:colcon.colcon_core.package_discovery:discover_packages(recursive) check parameters
[0.340s] Level 1:colcon.colcon_core.package_discovery:discover_packages(ignore) check parameters
[0.340s] Level 1:colcon.colcon_core.package_discovery:discover_packages(path) check parameters
[0.340s] Level 1:colcon.colcon_core.package_discovery:discover_packages(colcon_meta) discover
[0.340s] Level 1:colcon.colcon_core.package_discovery:discover_packages(recursive) discover
[0.341s] INFO:colcon.colcon_core.package_discovery:Crawling recursively for packages in '/home/inteli/ponderada_navegacao'
[0.341s] Level 1:colcon.colcon_core.package_identification:_identify(.) by extensions ['ignore', 'ignore_ament_install']
[0.341s] Level 1:colcon.colcon_core.package_identification:_identify(.) by extension 'ignore'
[0.341s] Level 1:colcon.colcon_core.package_identification:_identify(.) by extension 'ignore_ament_install'
[0.342s] Level 1:colcon.colcon_core.package_identification:_identify(.) by extensions ['colcon_pkg']
[0.342s] Level 1:colcon.colcon_core.package_identification:_identify(.) by extension 'colcon_pkg'
[0.342s] Level 1:colcon.colcon_core.package_identification:_identify(.) by extensions ['colcon_meta']
[0.342s] Level 1:colcon.colcon_core.package_identification:_identify(.) by extension 'colcon_meta'
[0.342s] Level 1:colcon.colcon_core.package_identification:_identify(.) by extensions ['ros']
[0.342s] Level 1:colcon.colcon_core.package_identification:_identify(.) by extension 'ros'
[0.408s] Level 1:colcon.colcon_core.package_identification:_identify(.) by extensions ['cmake', 'python']
[0.409s] Level 1:colcon.colcon_core.package_identification:_identify(.) by extension 'cmake'
[0.409s] Level 1:colcon.colcon_core.package_identification:_identify(.) by extension 'python'
[0.409s] Level 1:colcon.colcon_core.package_identification:_identify(.) by extensions ['python_setup_py']
[0.409s] Level 1:colcon.colcon_core.package_identification:_identify(.) by extension 'python_setup_py'
[0.409s] Level 1:colcon.colcon_core.package_identification:_identify(build) by extensions ['ignore', 'ignore_ament_install']
[0.410s] Level 1:colcon.colcon_core.package_identification:_identify(build) by extension 'ignore'
[0.410s] Level 1:colcon.colcon_core.package_identification:_identify(build) ignored
[0.410s] Level 1:colcon.colcon_core.package_identification:_identify(install) by extensions ['ignore', 'ignore_ament_install']
[0.411s] Level 1:colcon.colcon_core.package_identification:_identify(install) by extension 'ignore'
[0.411s] Level 1:colcon.colcon_core.package_identification:_identify(install) ignored
[0.411s] Level 1:colcon.colcon_core.package_identification:_identify(log) by extensions ['ignore', 'ignore_ament_install']
[0.411s] Level 1:colcon.colcon_core.package_identification:_identify(log) by extension 'ignore'
[0.411s] Level 1:colcon.colcon_core.package_identification:_identify(log) ignored
[0.412s] Level 1:colcon.colcon_core.package_identification:_identify(src) by extensions ['ignore', 'ignore_ament_install']
[0.412s] Level 1:colcon.colcon_core.package_identification:_identify(src) by extension 'ignore'
[0.412s] Level 1:colcon.colcon_core.package_identification:_identify(src) by extension 'ignore_ament_install'
[0.412s] Level 1:colcon.colcon_core.package_identification:_identify(src) by extensions ['colcon_pkg']
[0.412s] Level 1:colcon.colcon_core.package_identification:_identify(src) by extension 'colcon_pkg'
[0.412s] Level 1:colcon.colcon_core.package_identification:_identify(src) by extensions ['colcon_meta']
[0.412s] Level 1:colcon.colcon_core.package_identification:_identify(src) by extension 'colcon_meta'
[0.413s] Level 1:colcon.colcon_core.package_identification:_identify(src) by extensions ['ros']
[0.413s] Level 1:colcon.colcon_core.package_identification:_identify(src) by extension 'ros'
[0.413s] Level 1:colcon.colcon_core.package_identification:_identify(src) by extensions ['cmake', 'python']
[0.413s] Level 1:colcon.colcon_core.package_identification:_identify(src) by extension 'cmake'
[0.413s] Level 1:colcon.colcon_core.package_identification:_identify(src) by extension 'python'
[0.413s] Level 1:colcon.colcon_core.package_identification:_identify(src) by extensions ['python_setup_py']
[0.413s] Level 1:colcon.colcon_core.package_identification:_identify(src) by extension 'python_setup_py'
[0.414s] Level 1:colcon.colcon_core.package_identification:_identify(src/culling_games) by extensions ['ignore', 'ignore_ament_install']
[0.414s] Level 1:colcon.colcon_core.package_identification:_identify(src/culling_games) by extension 'ignore'
[0.414s] Level 1:colcon.colcon_core.package_identification:_identify(src/culling_games) by extension 'ignore_ament_install'
[0.414s] Level 1:colcon.colcon_core.package_identification:_identify(src/culling_games) by extensions ['colcon_pkg']
[0.414s] Level 1:colcon.colcon_core.package_identification:_identify(src/culling_games) by extension 'colcon_pkg'
[0.414s] Level 1:colcon.colcon_core.package_identification:_identify(src/culling_games) by extensions ['colcon_meta']
[0.415s] Level 1:colcon.colcon_core.package_identification:_identify(src/culling_games) by extension 'colcon_meta'
[0.415s] Level 1:colcon.colcon_core.package_identification:_identify(src/culling_games) by extensions ['ros']
[0.415s] Level 1:colcon.colcon_core.package_identification:_identify(src/culling_games) by extension 'ros'
[0.415s] Level 1:colcon.colcon_core.package_identification:_identify(src/culling_games) by extensions ['cmake', 'python']
[0.415s] Level 1:colcon.colcon_core.package_identification:_identify(src/culling_games) by extension 'cmake'
[0.415s] Level 1:colcon.colcon_core.package_identification:_identify(src/culling_games) by extension 'python'
[0.415s] Level 1:colcon.colcon_core.package_identification:_identify(src/culling_games) by extensions ['python_setup_py']
[0.415s] Level 1:colcon.colcon_core.package_identification:_identify(src/culling_games) by extension 'python_setup_py'
[0.416s] Level 1:colcon.colcon_core.package_identification:_identify(src/culling_games/lobotomy_kaisen) by extensions ['ignore', 'ignore_ament_install']
[0.416s] Level 1:colcon.colcon_core.package_identification:_identify(src/culling_games/lobotomy_kaisen) by extension 'ignore'
[0.416s] Level 1:colcon.colcon_core.package_identification:_identify(src/culling_games/lobotomy_kaisen) by extension 'ignore_ament_install'
[0.416s] Level 1:colcon.colcon_core.package_identification:_identify(src/culling_games/lobotomy_kaisen) by extensions ['colcon_pkg']
[0.417s] Level 1:colcon.colcon_core.package_identification:_identify(src/culling_games/lobotomy_kaisen) by extension 'colcon_pkg'
[0.417s] Level 1:colcon.colcon_core.package_identification:_identify(src/culling_games/lobotomy_kaisen) by extensions ['colcon_meta']
[0.417s] Level 1:colcon.colcon_core.package_identification:_identify(src/culling_games/lobotomy_kaisen) by extension 'colcon_meta'
[0.417s] Level 1:colcon.colcon_core.package_identification:_identify(src/culling_games/lobotomy_kaisen) by extensions ['ros']
[0.417s] Level 1:colcon.colcon_core.package_identification:_identify(src/culling_games/lobotomy_kaisen) by extension 'ros'
[0.417s] Level 1:colcon.colcon_core.package_identification:_identify(src/culling_games/lobotomy_kaisen) by extensions ['cmake', 'python']
[0.417s] Level 1:colcon.colcon_core.package_identification:_identify(src/culling_games/lobotomy_kaisen) by extension 'cmake'
[0.417s] Level 1:colcon.colcon_core.package_identification:_identify(src/culling_games/lobotomy_kaisen) by extension 'python'
[0.417s] Level 1:colcon.colcon_core.package_identification:_identify(src/culling_games/lobotomy_kaisen) by extensions ['python_setup_py']
[0.417s] Level 1:colcon.colcon_core.package_identification:_identify(src/culling_games/lobotomy_kaisen) by extension 'python_setup_py'
[0.417s] Level 1:colcon.colcon_core.package_identification:_identify(src/culling_games/src) by extensions ['ignore', 'ignore_ament_install']
[0.418s] Level 1:colcon.colcon_core.package_identification:_identify(src/culling_games/src) by extension 'ignore'
[0.418s] Level 1:colcon.colcon_core.package_identification:_identify(src/culling_games/src) by extension 'ignore_ament_install'
[0.418s] Level 1:colcon.colcon_core.package_identification:_identify(src/culling_games/src) by extensions ['colcon_pkg']
[0.418s] Level 1:colcon.colcon_core.package_identification:_identify(src/culling_games/src) by extension 'colcon_pkg'
[0.418s] Level 1:colcon.colcon_core.package_identification:_identify(src/culling_games/src) by extensions ['colcon_meta']
[0.418s] Level 1:colcon.colcon_core.package_identification:_identify(src/culling_games/src) by extension 'colcon_meta'
[0.418s] Level 1:colcon.colcon_core.package_identification:_identify(src/culling_games/src) by extensions ['ros']
[0.418s] Level 1:colcon.colcon_core.package_identification:_identify(src/culling_games/src) by extension 'ros'
[0.418s] Level 1:colcon.colcon_core.package_identification:_identify(src/culling_games/src) by extensions ['cmake', 'python']
[0.419s] Level 1:colcon.colcon_core.package_identification:_identify(src/culling_games/src) by extension 'cmake'
[0.419s] Level 1:colcon.colcon_core.package_identification:_identify(src/culling_games/src) by extension 'python'
[0.419s] Level 1:colcon.colcon_core.package_identification:_identify(src/culling_games/src) by extensions ['python_setup_py']
[0.419s] Level 1:colcon.colcon_core.package_identification:_identify(src/culling_games/src) by extension 'python_setup_py'
[0.419s] Level 1:colcon.colcon_core.package_identification:_identify(src/culling_games/src/cg) by extensions ['ignore', 'ignore_ament_install']
[0.419s] Level 1:colcon.colcon_core.package_identification:_identify(src/culling_games/src/cg) by extension 'ignore'
[0.420s] Level 1:colcon.colcon_core.package_identification:_identify(src/culling_games/src/cg) by extension 'ignore_ament_install'
[0.420s] Level 1:colcon.colcon_core.package_identification:_identify(src/culling_games/src/cg) by extensions ['colcon_pkg']
[0.420s] Level 1:colcon.colcon_core.package_identification:_identify(src/culling_games/src/cg) by extension 'colcon_pkg'
[0.420s] Level 1:colcon.colcon_core.package_identification:_identify(src/culling_games/src/cg) by extensions ['colcon_meta']
[0.420s] Level 1:colcon.colcon_core.package_identification:_identify(src/culling_games/src/cg) by extension 'colcon_meta'
[0.420s] Level 1:colcon.colcon_core.package_identification:_identify(src/culling_games/src/cg) by extensions ['ros']
[0.420s] Level 1:colcon.colcon_core.package_identification:_identify(src/culling_games/src/cg) by extension 'ros'
[0.428s] DEBUG:colcon.colcon_core.package_identification:Package 'src/culling_games/src/cg' with type 'ros.ament_python' and name 'cg'
[0.429s] Level 1:colcon.colcon_core.package_identification:_identify(src/culling_games/src/cg_interfaces) by extensions ['ignore', 'ignore_ament_install']
[0.429s] Level 1:colcon.colcon_core.package_identification:_identify(src/culling_games/src/cg_interfaces) by extension 'ignore'
[0.429s] Level 1:colcon.colcon_core.package_identification:_identify(src/culling_games/src/cg_interfaces) by extension 'ignore_ament_install'
[0.429s] Level 1:colcon.colcon_core.package_identification:_identify(src/culling_games/src/cg_interfaces) by extensions ['colcon_pkg']
[0.429s] Level 1:colcon.colcon_core.package_identification:_identify(src/culling_games/src/cg_interfaces) by extension 'colcon_pkg'
[0.430s] Level 1:colcon.colcon_core.package_identification:_identify(src/culling_games/src/cg_interfaces) by extensions ['colcon_meta']
[0.430s] Level 1:colcon.colcon_core.package_identification:_identify(src/culling_games/src/cg_interfaces) by extension 'colcon_meta'
[0.430s] Level 1:colcon.colcon_core.package_identification:_identify(src/culling_games/src/cg_interfaces) by extensions ['ros']
[0.430s] Level 1:colcon.colcon_core.package_identification:_identify(src/culling_games/src/cg_interfaces) by extension 'ros'
[0.431s] DEBUG:colcon.colcon_core.package_identification:Package 'src/culling_games/src/cg_interfaces' with type 'ros.ament_cmake' and name 'cg_interfaces'
[0.431s] Level 1:colcon.colcon_core.package_identification:_identify(src/culling_games/src/cg_teleop) by extensions ['ignore', 'ignore_ament_install']
[0.431s] Level 1:colcon.colcon_core.package_identification:_identify(src/culling_games/src/cg_teleop) by extension 'ignore'
[0.431s] Level 1:colcon.colcon_core.package_identification:_identify(src/culling_games/src/cg_teleop) by extension 'ignore_ament_install'
[0.432s] Level 1:colcon.colcon_core.package_identification:_identify(src/culling_games/src/cg_teleop) by extensions ['colcon_pkg']
[0.432s] Level 1:colcon.colcon_core.package_identification:_identify(src/culling_games/src/cg_teleop) by extension 'colcon_pkg'
[0.432s] Level 1:colcon.colcon_core.package_identification:_identify(src/culling_games/src/cg_teleop) by extensions ['colcon_meta']
[0.432s] Level 1:colcon.colcon_core.package_identification:_identify(src/culling_games/src/cg_teleop) by extension 'colcon_meta'
[0.432s] Level 1:colcon.colcon_core.package_identification:_identify(src/culling_games/src/cg_teleop) by extensions ['ros']
[0.432s] Level 1:colcon.colcon_core.package_identification:_identify(src/culling_games/src/cg_teleop) by extension 'ros'
[0.433s] DEBUG:colcon.colcon_core.package_identification:Package 'src/culling_games/src/cg_teleop' with type 'ros.ament_python' and name 'cg_teleop'
[0.433s] Level 1:colcon.colcon_core.package_identification:_identify(src/navegacao) by extensions ['ignore', 'ignore_ament_install']
[0.433s] Level 1:colcon.colcon_core.package_identification:_identify(src/navegacao) by extension 'ignore'
[0.434s] Level 1:colcon.colcon_core.package_identification:_identify(src/navegacao) by extension 'ignore_ament_install'
[0.434s] Level 1:colcon.colcon_core.package_identification:_identify(src/navegacao) by extensions ['colcon_pkg']
[0.434s] Level 1:colcon.colcon_core.package_identification:_identify(src/navegacao) by extension 'colcon_pkg'
[0.434s] Level 1:colcon.colcon_core.package_identification:_identify(src/navegacao) by extensions ['colcon_meta']
[0.434s] Level 1:colcon.colcon_core.package_identification:_identify(src/navegacao) by extension 'colcon_meta'
[0.434s] Level 1:colcon.colcon_core.package_identification:_identify(src/navegacao) by extensions ['ros']
[0.434s] Level 1:colcon.colcon_core.package_identification:_identify(src/navegacao) by extension 'ros'
[0.435s] DEBUG:colcon.colcon_core.package_identification:Package 'src/navegacao' with type 'ros.ament_cmake' and name 'navegacao'
[0.435s] Level 1:colcon.colcon_core.package_discovery:discover_packages(recursive) using defaults
[0.435s] Level 1:colcon.colcon_core.package_discovery:discover_packages(ignore) discover
[0.436s] Level 1:colcon.colcon_core.package_discovery:discover_packages(ignore) using defaults
[0.436s] Level 1:colcon.colcon_core.package_discovery:discover_packages(path) discover
[0.436s] Level 1:colcon.colcon_core.package_discovery:discover_packages(path) using defaults
[0.484s] INFO:colcon.colcon_core.package_selection:Skipping not selected package 'cg_interfaces' in 'src/culling_games/src/cg_interfaces'
[0.484s] INFO:colcon.colcon_core.package_selection:Skipping not selected package 'cg' in 'src/culling_games/src/cg'
[0.484s] INFO:colcon.colcon_core.package_selection:Skipping not selected package 'cg_teleop' in 'src/culling_games/src/cg_teleop'
[0.485s] Level 1:colcon.colcon_core.package_discovery:discover_packages(prefix_path) check parameters
[0.485s] Level 1:colcon.colcon_core.package_discovery:discover_packages(prefix_path) discover
[0.493s] DEBUG:colcon.colcon_installed_package_information.package_discovery:Found 285 installed packages in /opt/ros/jazzy
[0.498s] Level 1:colcon.colcon_core.package_discovery:discover_packages(prefix_path) using defaults
[0.598s] Level 5:colcon.colcon_core.verb:set package 'navegacao' build argument 'cmake_args' from command line to 'None'
[0.598s] Level 5:colcon.colcon_core.verb:set package 'navegacao' build argument 'cmake_target' from command line to 'None'
[0.598s] Level 5:colcon.colcon_core.verb:set package 'navegacao' build argument 'cmake_target_skip_unavailable' from command line to 'False'
[0.598s] Level 5:colcon.colcon_core.verb:set package 'navegacao' build argument 'cmake_clean_cache' from command line to 'False'
[0.598s] Level 5:colcon.colcon_core.verb:set package 'navegacao' build argument 'cmake_clean_first' from command line to 'False'
[0.598s] Level 5:colcon.colcon_core.verb:set package 'navegacao' build argument 'cmake_force_configure' from command line to 'False'
[0.598s] Level 5:colcon.colcon_core.verb:set package 'navegacao' build argument 'ament_cmake_args' from command line to 'None'
[0.598s] Level 5:colcon.colcon_core.verb:set package 'navegacao' build argument 'catkin_cmake_args' from command line to 'None'
[0.599s] Level 5:colcon.colcon_core.verb:set package 'navegacao' build argument 'catkin_skip_building_tests' from command line to 'False'
[0.599s] DEBUG:colcon.colcon_core.verb:Building package 'navegacao' with the following arguments: {'ament_cmake_args': None, 'build_base': '/home/inteli/ponderada_navegacao/build/navegacao', 'catkin_cmake_args': None, 'catkin_skip_building_tests': False, 'cmake_args': None, 'cmake_clean_cache': False, 'cmake_clean_first': False, 'cmake_force_configure': False, 'cmake_target': None, 'cmake_target_skip_unavailable': False, 'install_base': '/home/inteli/ponderada_navegacao/install/navegacao', 'merge_install': False, 'path': '/home/inteli/ponderada_navegacao/src/navegacao', 'symlink_install': False, 'test_result_base': None}
[0.599s] INFO:colcon.colcon_core.executor:Executing jobs using 'parallel' executor
[0.600s] DEBUG:colcon.colcon_parallel_executor.executor.parallel:run_until_complete
[0.601s] INFO:colcon.colcon_ros.task.ament_cmake.build:Building ROS package in '/home/inteli/ponderada_navegacao/src/navegacao' with build type 'ament_cmake'
[0.601s] INFO:colcon.colcon_cmake.task.cmake.build:Building CMake package in '/home/inteli/ponderada_navegacao/src/navegacao'
[0.607s] INFO:colcon.colcon_core.plugin_system:Skipping extension 'colcon_core.shell.bat': Not used on non-Windows systems
[0.608s] INFO:colcon.colcon_core.shell:Skip shell extension 'powershell' for command environment: Not usable outside of PowerShell
[0.608s] DEBUG:colcon.colcon_core.shell:Skip shell extension 'dsv' for command environment
[0.631s] DEBUG:colcon.colcon_core.event_handler.log_command:Invoking command in '/home/inteli/ponderada_navegacao/build/navegacao': AMENT_PREFIX_PATH=/home/inteli/ponderada_navegacao/install/cg_interfaces:${AMENT_PREFIX_PATH} CMAKE_PREFIX_PATH=/home/inteli/ponderada_navegacao/install/cg_interfaces:/opt/ros/jazzy/opt/gz_math_vendor:/opt/ros/jazzy/opt/gz_utils_vendor:/opt/ros/jazzy/opt/gz_cmake_vendor:/opt/ros/jazzy DEBUGINFOD_URLS=https://debuginfod.ubuntu.com LD_LIBRARY_PATH=/home/inteli/ponderada_navegacao/install/cg_interfaces/lib:${LD_LIBRARY_PATH} PYTHONPATH=/home/inteli/ponderada_navegacao/install/cg_interfaces/lib/python3.12/site-packages:${PYTHONPATH} /usr/bin/cmake --build /home/inteli/ponderada_navegacao/build/navegacao -- -j8 -l8
[24.573s] DEBUG:colcon.colcon_core.event_handler.log_command:Invoked command in '/home/inteli/ponderada_navegacao/build/navegacao' returned '0': AMENT_PREFIX_PATH=/home/inteli/ponderada_navegacao/install/cg_interfaces:${AMENT_PREFIX_PATH} CMAKE_PREFIX_PATH=/home/inteli/ponderada_navegacao/install/cg_interfaces:/opt/ros/jazzy/opt/gz_math_vendor:/opt/ros/jazzy/opt/gz_utils_vendor:/opt/ros/jazzy/opt/gz_cmake_vendor:/opt/ros/jazzy DEBUGINFOD_URLS=https://debuginfod.ubuntu.com LD_LIBRARY_PATH=/home/inteli/ponderada_navegacao/install/cg_interfaces/lib:${LD_LIBRARY_PATH} PYTHONPATH=/home/inteli/ponderada_navegacao/install/cg_interfaces/lib/python3.12/site-packages:${PYTHONPATH} /usr/bin/cmake --build /home/inteli/ponderada_navegacao/build/navegacao -- -j8 -l8
[24.599s] DEBUG:colcon.colcon_core.event_handler.log_command:Invoking command in '/home/inteli/ponderada_navegacao/build/navegacao': AMENT_PREFIX_PATH=/home/inteli/ponderada_navegacao/install/cg_interfaces:${AMENT_PREFIX_PATH} CMAKE_PREFIX_PATH=/home/inteli/ponderada_navegacao/install/cg_interfaces:/opt/ros/jazzy/opt/gz_math_vendor:/opt/ros/jazzy/opt/gz_utils_vendor:/opt/ros/jazzy/opt/gz_cmake_vendor:/opt/ros/jazzy DEBUGINFOD_URLS=https://debuginfod.ubuntu.com LD_LIBRARY_PATH=/home/inteli/ponderada_navegacao/install/cg_interfaces/lib:${LD_LIBRARY_PATH} PYTHONPATH=/home/inteli/ponderada_navegacao/install/cg_interfaces/lib/python3.12/site-packages:${PYTHONPATH} /usr/bin/cmake --install /home/inteli/ponderada_navegacao/build/navegacao
[24.636s] Level 1:colcon.colcon_core.environment:create_environment_scripts_only(navegacao)
[24.637s] DEBUG:colcon.colcon_core.event_handler.log_command:Invoked command in '/home/inteli/ponderada_navegacao/build/navegacao' returned '0': AMENT_PREFIX_PATH=/home/inteli/ponderada_navegacao/install/cg_interfaces:${AMENT_PREFIX_PATH} CMAKE_PREFIX_PATH=/home/inteli/ponderada_navegacao/install/cg_interfaces:/opt/ros/jazzy/opt/gz_math_vendor:/opt/ros/jazzy/opt/gz_utils_vendor:/opt/ros/jazzy/opt/gz_cmake_vendor:/opt/ros/jazzy DEBUGINFOD_URLS=https://debuginfod.ubuntu.com LD_LIBRARY_PATH=/home/inteli/ponderada_navegacao/install/cg_interfaces/lib:${LD_LIBRARY_PATH} PYTHONPATH=/home/inteli/ponderada_navegacao/install/cg_interfaces/lib/python3.12/site-packages:${PYTHONPATH} /usr/bin/cmake --install /home/inteli/ponderada_navegacao/build/navegacao
[24.644s] Level 1:colcon.colcon_core.environment:checking '/home/inteli/ponderada_navegacao/install/navegacao' for CMake module files
[24.646s] Level 1:colcon.colcon_core.environment:checking '/home/inteli/ponderada_navegacao/install/navegacao' for CMake config files
[24.647s] Level 1:colcon.colcon_core.shell:create_environment_hook('navegacao', 'cmake_prefix_path')
[24.647s] INFO:colcon.colcon_core.shell:Creating environment hook '/home/inteli/ponderada_navegacao/install/navegacao/share/navegacao/hook/cmake_prefix_path.ps1'
[24.649s] INFO:colcon.colcon_core.shell:Creating environment descriptor '/home/inteli/ponderada_navegacao/install/navegacao/share/navegacao/hook/cmake_prefix_path.dsv'
[24.650s] INFO:colcon.colcon_core.shell:Creating environment hook '/home/inteli/ponderada_navegacao/install/navegacao/share/navegacao/hook/cmake_prefix_path.sh'
[24.651s] Level 1:colcon.colcon_core.environment:checking '/home/inteli/ponderada_navegacao/install/navegacao/lib'
[24.652s] Level 1:colcon.colcon_core.environment:checking '/home/inteli/ponderada_navegacao/install/navegacao/bin'
[24.652s] Level 1:colcon.colcon_core.environment:checking '/home/inteli/ponderada_navegacao/install/navegacao/lib/pkgconfig/navegacao.pc'
[24.653s] Level 1:colcon.colcon_core.environment:checking '/home/inteli/ponderada_navegacao/install/navegacao/lib/python3.12/site-packages'
[24.654s] Level 1:colcon.colcon_core.environment:checking '/home/inteli/ponderada_navegacao/install/navegacao/bin'
[24.654s] INFO:colcon.colcon_core.shell:Creating package script '/home/inteli/ponderada_navegacao/install/navegacao/share/navegacao/package.ps1'
[24.656s] INFO:colcon.colcon_core.shell:Creating package descriptor '/home/inteli/ponderada_navegacao/install/navegacao/share/navegacao/package.dsv'
[24.657s] INFO:colcon.colcon_core.shell:Creating package script '/home/inteli/ponderada_navegacao/install/navegacao/share/navegacao/package.sh'
[24.659s] INFO:colcon.colcon_core.shell:Creating package script '/home/inteli/ponderada_navegacao/install/navegacao/share/navegacao/package.bash'
[24.661s] INFO:colcon.colcon_core.shell:Creating package script '/home/inteli/ponderada_navegacao/install/navegacao/share/navegacao/package.zsh'
[24.663s] Level 1:colcon.colcon_core.environment:create_file_with_runtime_dependencies(/home/inteli/ponderada_navegacao/install/navegacao/share/colcon-core/packages/navegacao)
[24.665s] Level 1:colcon.colcon_core.environment:create_environment_scripts_only(navegacao)
[24.665s] Level 1:colcon.colcon_core.environment:checking '/home/inteli/ponderada_navegacao/install/navegacao' for CMake module files
[24.666s] Level 1:colcon.colcon_core.environment:checking '/home/inteli/ponderada_navegacao/install/navegacao' for CMake config files
[24.667s] Level 1:colcon.colcon_core.shell:create_environment_hook('navegacao', 'cmake_prefix_path')
[24.667s] INFO:colcon.colcon_core.shell:Creating environment hook '/home/inteli/ponderada_navegacao/install/navegacao/share/navegacao/hook/cmake_prefix_path.ps1'
[24.668s] INFO:colcon.colcon_core.shell:Creating environment descriptor '/home/inteli/ponderada_navegacao/install/navegacao/share/navegacao/hook/cmake_prefix_path.dsv'
[24.669s] INFO:colcon.colcon_core.shell:Creating environment hook '/home/inteli/ponderada_navegacao/install/navegacao/share/navegacao/hook/cmake_prefix_path.sh'
[24.670s] Level 1:colcon.colcon_core.environment:checking '/home/inteli/ponderada_navegacao/install/navegacao/lib'
[24.670s] Level 1:colcon.colcon_core.environment:checking '/home/inteli/ponderada_navegacao/install/navegacao/bin'
[24.670s] Level 1:colcon.colcon_core.environment:checking '/home/inteli/ponderada_navegacao/install/navegacao/lib/pkgconfig/navegacao.pc'
[24.671s] Level 1:colcon.colcon_core.environment:checking '/home/inteli/ponderada_navegacao/install/navegacao/lib/python3.12/site-packages'
[24.672s] Level 1:colcon.colcon_core.environment:checking '/home/inteli/ponderada_navegacao/install/navegacao/bin'
[24.672s] INFO:colcon.colcon_core.shell:Creating package script '/home/inteli/ponderada_navegacao/install/navegacao/share/navegacao/package.ps1'
[24.673s] INFO:colcon.colcon_core.shell:Creating package descriptor '/home/inteli/ponderada_navegacao/install/navegacao/share/navegacao/package.dsv'
[24.675s] INFO:colcon.colcon_core.shell:Creating package script '/home/inteli/ponderada_navegacao/install/navegacao/share/navegacao/package.sh'
[24.676s] INFO:colcon.colcon_core.shell:Creating package script '/home/inteli/ponderada_navegacao/install/navegacao/share/navegacao/package.bash'
[24.677s] INFO:colcon.colcon_core.shell:Creating package script '/home/inteli/ponderada_navegacao/install/navegacao/share/navegacao/package.zsh'
[24.678s] Level 1:colcon.colcon_core.environment:create_file_with_runtime_dependencies(/home/inteli/ponderada_navegacao/install/navegacao/share/colcon-core/packages/navegacao)
[24.679s] DEBUG:colcon.colcon_parallel_executor.executor.parallel:closing loop
[24.680s] DEBUG:colcon.colcon_parallel_executor.executor.parallel:loop closed
[24.680s] DEBUG:colcon.colcon_parallel_executor.executor.parallel:run_until_complete finished with '0'
[24.680s] DEBUG:colcon.colcon_core.event_reactor:joining thread
[24.692s] INFO:colcon.colcon_core.plugin_system:Skipping extension 'colcon_notification.desktop_notification.terminal_notifier': Not used on non-Darwin systems
[24.692s] INFO:colcon.colcon_core.plugin_system:Skipping extension 'colcon_notification.desktop_notification.win32': Not used on non-Windows systems
[24.693s] INFO:colcon.colcon_notification.desktop_notification:Sending desktop notification using 'notify2'
[24.720s] DEBUG:colcon.colcon_core.event_reactor:joined thread
[24.721s] INFO:colcon.colcon_core.shell:Creating prefix script '/home/inteli/ponderada_navegacao/install/local_setup.ps1'
[24.724s] INFO:colcon.colcon_core.shell:Creating prefix util module '/home/inteli/ponderada_navegacao/install/_local_setup_util_ps1.py'
[24.729s] INFO:colcon.colcon_core.shell:Creating prefix chain script '/home/inteli/ponderada_navegacao/install/setup.ps1'
[24.731s] INFO:colcon.colcon_core.shell:Creating prefix script '/home/inteli/ponderada_navegacao/install/local_setup.sh'
[24.733s] INFO:colcon.colcon_core.shell:Creating prefix util module '/home/inteli/ponderada_navegacao/install/_local_setup_util_sh.py'
[24.734s] INFO:colcon.colcon_core.shell:Creating prefix chain script '/home/inteli/ponderada_navegacao/install/setup.sh'
[24.737s] INFO:colcon.colcon_core.shell:Creating prefix script '/home/inteli/ponderada_navegacao/install/local_setup.bash'
[24.738s] INFO:colcon.colcon_core.shell:Creating prefix chain script '/home/inteli/ponderada_navegacao/install/setup.bash'
[24.741s] INFO:colcon.colcon_core.shell:Creating prefix script '/home/inteli/ponderada_navegacao/install/local_setup.zsh'
[24.742s] INFO:colcon.colcon_core.shell:Creating prefix chain script '/home/inteli/ponderada_navegacao/install/setup.zsh'
