-- The C compiler identification is GNU 13.3.0
-- The CXX compiler identification is GNU 13.3.0
-- Detecting C compiler ABI info
-- Detecting C compiler ABI info - done
-- Check for working C compiler: /usr/bin/cc - skipped
-- Detecting C compile features
-- Detecting C compile features - done
-- Detecting CXX compiler ABI info
-- Detecting CXX compiler ABI info - done
-- Check for working CXX compiler: /usr/bin/c++ - skipped
-- Detecting CXX compile features
-- Detecting CXX compile features - done
-- Found ament_cmake: 2.5.4 (/opt/ros/jazzy/share/ament_cmake/cmake)
-- Found Python3: /usr/bin/python3 (found version "3.12.3") found components: Interpreter 
-- Found rosidl_default_generators: 1.6.0 (/opt/ros/jazzy/share/rosidl_default_generators/cmake)
-- Using all available rosidl_typesupport_c: rosidl_typesupport_fastrtps_c;rosidl_typesupport_introspection_c
-- Using all available rosidl_typesupport_cpp: rosidl_typesupport_fastrtps_cpp;rosidl_typesupport_introspection_cpp
-- Found rosidl_adapter: 4.6.6 (/opt/ros/jazzy/share/rosidl_adapter/cmake)
-- Found ament_cmake_ros: 0.12.0 (/opt/ros/jazzy/share/ament_cmake_ros/cmake)
-- Using all available rosidl_typesupport_c: rosidl_typesupport_fastrtps_c;rosidl_typesupport_introspection_c
-- Using all available rosidl_typesupport_cpp: rosidl_typesupport_fastrtps_cpp;rosidl_typesupport_introspection_cpp
-- Found python_cmake_module: 0.11.1 (/opt/ros/jazzy/share/python_cmake_module/cmake)
-- Found PythonExtra: /usr/bin/python3  
-- Found Python3: /usr/bin/python3 (found version "3.12.3") found components: Interpreter Development NumPy Development.Module Development.Embed 
-- Configuring done (5.3s)
-- Generating done (0.1s)
-- Build files have been written to: /home/inteli/ponderada_navegacao/build/cg_interfaces
[  1%] [34m[1mGenerating type hashes for ROS interfaces[0m
[  1%] Built target ament_cmake_python_copy_cg_interfaces
running egg_info
creating cg_interfaces.egg-info
writing cg_interfaces.egg-info/PKG-INFO
writing dependency_links to cg_interfaces.egg-info/dependency_links.txt
writing top-level names to cg_interfaces.egg-info/top_level.txt
writing manifest file 'cg_interfaces.egg-info/SOURCES.txt'
[  1%] Built target cg_interfaces__rosidl_generator_type_description
[  3%] [34m[1mGenerating C code for ROS interfaces[0m
[  4%] [34m[1mGenerating C++ code for ROS interfaces[0m
reading manifest file 'cg_interfaces.egg-info/SOURCES.txt'
writing manifest file 'cg_interfaces.egg-info/SOURCES.txt'
[  4%] Built target ament_cmake_python_build_cg_interfaces_egg
[  4%] Built target cg_interfaces__cpp
[  6%] [32mBuilding C object CMakeFiles/cg_interfaces__rosidl_generator_c.dir/rosidl_generator_c/cg_interfaces/srv/detail/move_cmd__type_support.c.o[0m
[  7%] [32mBuilding C object CMakeFiles/cg_interfaces__rosidl_generator_c.dir/rosidl_generator_c/cg_interfaces/srv/detail/move_cmd__description.c.o[0m
[  9%] [32mBuilding C object CMakeFiles/cg_interfaces__rosidl_generator_c.dir/rosidl_generator_c/cg_interfaces/srv/detail/move_cmd__functions.c.o[0m
[ 10%] [32mBuilding C object CMakeFiles/cg_interfaces__rosidl_generator_c.dir/rosidl_generator_c/cg_interfaces/srv/detail/get_map__type_support.c.o[0m
[ 14%] [32mBuilding C object CMakeFiles/cg_interfaces__rosidl_generator_c.dir/rosidl_generator_c/cg_interfaces/msg/detail/robot_sensors__functions.c.o[0m
[ 12%] [32mBuilding C object CMakeFiles/cg_interfaces__rosidl_generator_c.dir/rosidl_generator_c/cg_interfaces/srv/detail/get_map__functions.c.o[0m
[ 15%] [32mBuilding C object CMakeFiles/cg_interfaces__rosidl_generator_c.dir/rosidl_generator_c/cg_interfaces/srv/detail/get_map__description.c.o[0m
[ 17%] [32mBuilding C object CMakeFiles/cg_interfaces__rosidl_generator_c.dir/rosidl_generator_c/cg_interfaces/msg/detail/robot_sensors__description.c.o[0m
[ 18%] [32mBuilding C object CMakeFiles/cg_interfaces__rosidl_generator_c.dir/rosidl_generator_c/cg_interfaces/msg/detail/robot_sensors__type_support.c.o[0m
[ 20%] [32mBuilding C object CMakeFiles/cg_interfaces__rosidl_generator_c.dir/rosidl_generator_c/cg_interfaces/srv/detail/reset__description.c.o[0m
[ 21%] [32mBuilding C object CMakeFiles/cg_interfaces__rosidl_generator_c.dir/rosidl_generator_c/cg_interfaces/srv/detail/reset__functions.c.o[0m
[ 23%] [32mBuilding C object CMakeFiles/cg_interfaces__rosidl_generator_c.dir/rosidl_generator_c/cg_interfaces/srv/detail/reset__type_support.c.o[0m
[ 25%] [32m[1mLinking C shared library libcg_interfaces__rosidl_generator_c.so[0m
[ 25%] Built target cg_interfaces__rosidl_generator_c
[ 26%] [34m[1mGenerating C type support for eProsima Fast-RTPS[0m
[ 28%] [34m[1mGenerating C++ introspection for ROS interfaces[0m
[ 29%] [34m[1mGenerating C++ type support dispatch for ROS interfaces[0m
[ 31%] [34m[1mGenerating C introspection for ROS interfaces[0m
[ 32%] [34m[1mGenerating C++ type support for eProsima Fast-RTPS[0m
[ 34%] [34m[1mGenerating C type support dispatch for ROS interfaces[0m
[ 35%] [32mBuilding CXX object CMakeFiles/cg_interfaces__rosidl_typesupport_cpp.dir/rosidl_typesupport_cpp/cg_interfaces/srv/move_cmd__type_support.cpp.o[0m
[ 37%] [32mBuilding CXX object CMakeFiles/cg_interfaces__rosidl_typesupport_cpp.dir/rosidl_typesupport_cpp/cg_interfaces/srv/get_map__type_support.cpp.o[0m
[ 39%] [32mBuilding CXX object CMakeFiles/cg_interfaces__rosidl_typesupport_cpp.dir/rosidl_typesupport_cpp/cg_interfaces/msg/robot_sensors__type_support.cpp.o[0m
[ 40%] [32mBuilding CXX object CMakeFiles/cg_interfaces__rosidl_typesupport_c.dir/rosidl_typesupport_c/cg_interfaces/srv/move_cmd__type_support.cpp.o[0m
[ 42%] [32mBuilding CXX object CMakeFiles/cg_interfaces__rosidl_typesupport_c.dir/rosidl_typesupport_c/cg_interfaces/srv/get_map__type_support.cpp.o[0m
[ 43%] [32mBuilding CXX object CMakeFiles/cg_interfaces__rosidl_typesupport_c.dir/rosidl_typesupport_c/cg_interfaces/msg/robot_sensors__type_support.cpp.o[0m
[ 45%] [32mBuilding C object CMakeFiles/cg_interfaces__rosidl_typesupport_introspection_c.dir/rosidl_typesupport_introspection_c/cg_interfaces/srv/detail/move_cmd__type_support.c.o[0m
[ 46%] [32mBuilding CXX object CMakeFiles/cg_interfaces__rosidl_typesupport_introspection_cpp.dir/rosidl_typesupport_introspection_cpp/cg_interfaces/srv/detail/move_cmd__type_support.cpp.o[0m
[ 48%] [32mBuilding CXX object CMakeFiles/cg_interfaces__rosidl_typesupport_c.dir/rosidl_typesupport_c/cg_interfaces/srv/reset__type_support.cpp.o[0m
[ 50%] [32mBuilding CXX object CMakeFiles/cg_interfaces__rosidl_typesupport_fastrtps_cpp.dir/rosidl_typesupport_fastrtps_cpp/cg_interfaces/srv/detail/dds_fastrtps/move_cmd__type_support.cpp.o[0m
[ 51%] [32mBuilding C object CMakeFiles/cg_interfaces__rosidl_typesupport_introspection_c.dir/rosidl_typesupport_introspection_c/cg_interfaces/srv/detail/get_map__type_support.c.o[0m
[ 53%] [32m[1mLinking CXX shared library libcg_interfaces__rosidl_typesupport_c.so[0m
[ 54%] [32mBuilding C object CMakeFiles/cg_interfaces__rosidl_typesupport_introspection_c.dir/rosidl_typesupport_introspection_c/cg_interfaces/msg/detail/robot_sensors__type_support.c.o[0m
[ 56%] [32mBuilding C object CMakeFiles/cg_interfaces__rosidl_typesupport_introspection_c.dir/rosidl_typesupport_introspection_c/cg_interfaces/srv/detail/reset__type_support.c.o[0m
[ 56%] Built target cg_interfaces__rosidl_typesupport_c
[ 57%] [32mBuilding CXX object CMakeFiles/cg_interfaces__rosidl_typesupport_cpp.dir/rosidl_typesupport_cpp/cg_interfaces/srv/reset__type_support.cpp.o[0m
[ 59%] [32mBuilding CXX object CMakeFiles/cg_interfaces__rosidl_typesupport_introspection_cpp.dir/rosidl_typesupport_introspection_cpp/cg_interfaces/srv/detail/get_map__type_support.cpp.o[0m
[ 60%] [32mBuilding CXX object CMakeFiles/cg_interfaces__rosidl_typesupport_fastrtps_c.dir/rosidl_typesupport_fastrtps_c/cg_interfaces/srv/detail/move_cmd__type_support_c.cpp.o[0m
[ 62%] [32m[1mLinking C shared library libcg_interfaces__rosidl_typesupport_introspection_c.so[0m
[ 62%] Built target cg_interfaces__rosidl_typesupport_introspection_c
[ 64%] [32mBuilding CXX object CMakeFiles/cg_interfaces__rosidl_typesupport_fastrtps_cpp.dir/rosidl_typesupport_fastrtps_cpp/cg_interfaces/srv/detail/dds_fastrtps/get_map__type_support.cpp.o[0m
[ 65%] [32mBuilding CXX object CMakeFiles/cg_interfaces__rosidl_typesupport_introspection_cpp.dir/rosidl_typesupport_introspection_cpp/cg_interfaces/msg/detail/robot_sensors__type_support.cpp.o[0m
[ 67%] [32mBuilding CXX object CMakeFiles/cg_interfaces__rosidl_typesupport_introspection_cpp.dir/rosidl_typesupport_introspection_cpp/cg_interfaces/srv/detail/reset__type_support.cpp.o[0m
[ 68%] [32mBuilding CXX object CMakeFiles/cg_interfaces__rosidl_typesupport_fastrtps_c.dir/rosidl_typesupport_fastrtps_c/cg_interfaces/srv/detail/get_map__type_support_c.cpp.o[0m
[ 70%] [32m[1mLinking CXX shared library libcg_interfaces__rosidl_typesupport_cpp.so[0m
[ 71%] [32mBuilding CXX object CMakeFiles/cg_interfaces__rosidl_typesupport_fastrtps_c.dir/rosidl_typesupport_fastrtps_c/cg_interfaces/msg/detail/robot_sensors__type_support_c.cpp.o[0m
[ 73%] [32mBuilding CXX object CMakeFiles/cg_interfaces__rosidl_typesupport_fastrtps_c.dir/rosidl_typesupport_fastrtps_c/cg_interfaces/srv/detail/reset__type_support_c.cpp.o[0m
[ 73%] Built target cg_interfaces__rosidl_typesupport_cpp
[ 75%] [32mBuilding CXX object CMakeFiles/cg_interfaces__rosidl_typesupport_fastrtps_cpp.dir/rosidl_typesupport_fastrtps_cpp/cg_interfaces/msg/detail/dds_fastrtps/robot_sensors__type_support.cpp.o[0m
[ 76%] [32mBuilding CXX object CMakeFiles/cg_interfaces__rosidl_typesupport_fastrtps_cpp.dir/rosidl_typesupport_fastrtps_cpp/cg_interfaces/srv/detail/dds_fastrtps/reset__type_support.cpp.o[0m
[ 78%] [32m[1mLinking CXX shared library libcg_interfaces__rosidl_typesupport_introspection_cpp.so[0m
[ 78%] Built target cg_interfaces__rosidl_typesupport_introspection_cpp
[ 79%] [32m[1mLinking CXX shared library libcg_interfaces__rosidl_typesupport_fastrtps_c.so[0m
[ 79%] Built target cg_interfaces__rosidl_typesupport_fastrtps_c
[ 81%] [32m[1mLinking CXX shared library libcg_interfaces__rosidl_typesupport_fastrtps_cpp.so[0m
[ 81%] Built target cg_interfaces__rosidl_typesupport_fastrtps_cpp
[ 81%] Built target cg_interfaces
[ 82%] [34m[1mGenerating Python code for ROS interfaces[0m
[ 82%] Built target cg_interfaces__py
[ 84%] [32mBuilding C object CMakeFiles/cg_interfaces__rosidl_generator_py.dir/rosidl_generator_py/cg_interfaces/srv/_get_map_s.c.o[0m
[ 85%] [32mBuilding C object CMakeFiles/cg_interfaces__rosidl_generator_py.dir/rosidl_generator_py/cg_interfaces/msg/_robot_sensors_s.c.o[0m
[ 87%] [32mBuilding C object CMakeFiles/cg_interfaces__rosidl_generator_py.dir/rosidl_generator_py/cg_interfaces/srv/_move_cmd_s.c.o[0m
[ 89%] [32mBuilding C object CMakeFiles/cg_interfaces__rosidl_generator_py.dir/rosidl_generator_py/cg_interfaces/srv/_reset_s.c.o[0m
[ 90%] [32m[1mLinking C shared library libcg_interfaces__rosidl_generator_py.so[0m
[ 90%] Built target cg_interfaces__rosidl_generator_py
[ 95%] [32mBuilding C object CMakeFiles/cg_interfaces_s__rosidl_typesupport_introspection_c.dir/rosidl_generator_py/cg_interfaces/_cg_interfaces_s.ep.rosidl_typesupport_introspection_c.c.o[0m
[ 95%] [32mBuilding C object CMakeFiles/cg_interfaces_s__rosidl_typesupport_fastrtps_c.dir/rosidl_generator_py/cg_interfaces/_cg_interfaces_s.ep.rosidl_typesupport_fastrtps_c.c.o[0m
[ 95%] [32mBuilding C object CMakeFiles/cg_interfaces_s__rosidl_typesupport_c.dir/rosidl_generator_py/cg_interfaces/_cg_interfaces_s.ep.rosidl_typesupport_c.c.o[0m
[ 96%] [32m[1mLinking C shared module rosidl_generator_py/cg_interfaces/cg_interfaces_s__rosidl_typesupport_introspection_c.so[0m
[ 96%] Built target cg_interfaces_s__rosidl_typesupport_introspection_c
[ 98%] [32m[1mLinking C shared module rosidl_generator_py/cg_interfaces/cg_interfaces_s__rosidl_typesupport_c.so[0m
[100%] [32m[1mLinking C shared module rosidl_generator_py/cg_interfaces/cg_interfaces_s__rosidl_typesupport_fastrtps_c.so[0m
[100%] Built target cg_interfaces_s__rosidl_typesupport_c
[100%] Built target cg_interfaces_s__rosidl_typesupport_fastrtps_c
-- Install configuration: ""
-- Installing: /home/inteli/ponderada_navegacao/install/cg_interfaces/share/ament_index/resource_index/rosidl_interfaces/cg_interfaces
-- Installing: /home/inteli/ponderada_navegacao/install/cg_interfaces/share/cg_interfaces/srv/MoveCmd.json
-- Installing: /home/inteli/ponderada_navegacao/install/cg_interfaces/share/cg_interfaces/srv/GetMap.json
-- Installing: /home/inteli/ponderada_navegacao/install/cg_interfaces/share/cg_interfaces/msg/RobotSensors.json
-- Installing: /home/inteli/ponderada_navegacao/install/cg_interfaces/share/cg_interfaces/srv/Reset.json
-- Installing: /home/inteli/ponderada_navegacao/install/cg_interfaces/include/cg_interfaces/cg_interfaces
-- Installing: /home/inteli/ponderada_navegacao/install/cg_interfaces/include/cg_interfaces/cg_interfaces/msg
-- Installing: /home/inteli/ponderada_navegacao/install/cg_interfaces/include/cg_interfaces/cg_interfaces/msg/robot_sensors.h
-- Installing: /home/inteli/ponderada_navegacao/install/cg_interfaces/include/cg_interfaces/cg_interfaces/msg/detail
-- Installing: /home/inteli/ponderada_navegacao/install/cg_interfaces/include/cg_interfaces/cg_interfaces/msg/detail/robot_sensors__functions.h
-- Installing: /home/inteli/ponderada_navegacao/install/cg_interfaces/include/cg_interfaces/cg_interfaces/msg/detail/robot_sensors__functions.c
-- Installing: /home/inteli/ponderada_navegacao/install/cg_interfaces/include/cg_interfaces/cg_interfaces/msg/detail/robot_sensors__type_support.c
-- Installing: /home/inteli/ponderada_navegacao/install/cg_interfaces/include/cg_interfaces/cg_interfaces/msg/detail/robot_sensors__type_support.h
-- Installing: /home/inteli/ponderada_navegacao/install/cg_interfaces/include/cg_interfaces/cg_interfaces/msg/detail/robot_sensors__description.c
-- Installing: /home/inteli/ponderada_navegacao/install/cg_interfaces/include/cg_interfaces/cg_interfaces/msg/detail/robot_sensors__struct.h
-- Installing: /home/inteli/ponderada_navegacao/install/cg_interfaces/include/cg_interfaces/cg_interfaces/msg/rosidl_generator_c__visibility_control.h
-- Installing: /home/inteli/ponderada_navegacao/install/cg_interfaces/include/cg_interfaces/cg_interfaces/srv
-- Installing: /home/inteli/ponderada_navegacao/install/cg_interfaces/include/cg_interfaces/cg_interfaces/srv/get_map.h
-- Installing: /home/inteli/ponderada_navegacao/install/cg_interfaces/include/cg_interfaces/cg_interfaces/srv/reset.h
-- Installing: /home/inteli/ponderada_navegacao/install/cg_interfaces/include/cg_interfaces/cg_interfaces/srv/detail
-- Installing: /home/inteli/ponderada_navegacao/install/cg_interfaces/include/cg_interfaces/cg_interfaces/srv/detail/reset__description.c
-- Installing: /home/inteli/ponderada_navegacao/install/cg_interfaces/include/cg_interfaces/cg_interfaces/srv/detail/get_map__functions.c
-- Installing: /home/inteli/ponderada_navegacao/install/cg_interfaces/include/cg_interfaces/cg_interfaces/srv/detail/reset__struct.h
-- Installing: /home/inteli/ponderada_navegacao/install/cg_interfaces/include/cg_interfaces/cg_interfaces/srv/detail/move_cmd__struct.h
-- Installing: /home/inteli/ponderada_navegacao/install/cg_interfaces/include/cg_interfaces/cg_interfaces/srv/detail/reset__functions.c
-- Installing: /home/inteli/ponderada_navegacao/install/cg_interfaces/include/cg_interfaces/cg_interfaces/srv/detail/get_map__functions.h
-- Installing: /home/inteli/ponderada_navegacao/install/cg_interfaces/include/cg_interfaces/cg_interfaces/srv/detail/reset__type_support.h
-- Installing: /home/inteli/ponderada_navegacao/install/cg_interfaces/include/cg_interfaces/cg_interfaces/srv/detail/move_cmd__type_support.c
-- Installing: /home/inteli/ponderada_navegacao/install/cg_interfaces/include/cg_interfaces/cg_interfaces/srv/detail/get_map__type_support.c
-- Installing: /home/inteli/ponderada_navegacao/install/cg_interfaces/include/cg_interfaces/cg_interfaces/srv/detail/reset__type_support.c
-- Installing: /home/inteli/ponderada_navegacao/install/cg_interfaces/include/cg_interfaces/cg_interfaces/srv/detail/reset__functions.h
-- Installing: /home/inteli/ponderada_navegacao/install/cg_interfaces/include/cg_interfaces/cg_interfaces/srv/detail/move_cmd__description.c
-- Installing: /home/inteli/ponderada_navegacao/install/cg_interfaces/include/cg_interfaces/cg_interfaces/srv/detail/get_map__description.c
-- Installing: /home/inteli/ponderada_navegacao/install/cg_interfaces/include/cg_interfaces/cg_interfaces/srv/detail/get_map__type_support.h
-- Installing: /home/inteli/ponderada_navegacao/install/cg_interfaces/include/cg_interfaces/cg_interfaces/srv/detail/move_cmd__functions.c
-- Installing: /home/inteli/ponderada_navegacao/install/cg_interfaces/include/cg_interfaces/cg_interfaces/srv/detail/move_cmd__functions.h
-- Installing: /home/inteli/ponderada_navegacao/install/cg_interfaces/include/cg_interfaces/cg_interfaces/srv/detail/get_map__struct.h
-- Installing: /home/inteli/ponderada_navegacao/install/cg_interfaces/include/cg_interfaces/cg_interfaces/srv/detail/move_cmd__type_support.h
-- Installing: /home/inteli/ponderada_navegacao/install/cg_interfaces/include/cg_interfaces/cg_interfaces/srv/move_cmd.h
-- Installing: /home/inteli/ponderada_navegacao/install/cg_interfaces/share/cg_interfaces/environment/library_path.sh
-- Installing: /home/inteli/ponderada_navegacao/install/cg_interfaces/share/cg_interfaces/environment/library_path.dsv
-- Installing: /home/inteli/ponderada_navegacao/install/cg_interfaces/lib/libcg_interfaces__rosidl_generator_c.so
-- Set non-toolchain portion of runtime path of "/home/inteli/ponderada_navegacao/install/cg_interfaces/lib/libcg_interfaces__rosidl_generator_c.so" to ""
-- Up-to-date: /home/inteli/ponderada_navegacao/install/cg_interfaces/include/cg_interfaces/cg_interfaces
-- Up-to-date: /home/inteli/ponderada_navegacao/install/cg_interfaces/include/cg_interfaces/cg_interfaces/msg
-- Up-to-date: /home/inteli/ponderada_navegacao/install/cg_interfaces/include/cg_interfaces/cg_interfaces/msg/detail
-- Installing: /home/inteli/ponderada_navegacao/install/cg_interfaces/include/cg_interfaces/cg_interfaces/msg/detail/robot_sensors__rosidl_typesupport_fastrtps_c.h
-- Installing: /home/inteli/ponderada_navegacao/install/cg_interfaces/include/cg_interfaces/cg_interfaces/msg/rosidl_typesupport_fastrtps_c__visibility_control.h
-- Up-to-date: /home/inteli/ponderada_navegacao/install/cg_interfaces/include/cg_interfaces/cg_interfaces/srv
-- Up-to-date: /home/inteli/ponderada_navegacao/install/cg_interfaces/include/cg_interfaces/cg_interfaces/srv/detail
-- Installing: /home/inteli/ponderada_navegacao/install/cg_interfaces/include/cg_interfaces/cg_interfaces/srv/detail/reset__rosidl_typesupport_fastrtps_c.h
-- Installing: /home/inteli/ponderada_navegacao/install/cg_interfaces/include/cg_interfaces/cg_interfaces/srv/detail/move_cmd__rosidl_typesupport_fastrtps_c.h
-- Installing: /home/inteli/ponderada_navegacao/install/cg_interfaces/include/cg_interfaces/cg_interfaces/srv/detail/get_map__rosidl_typesupport_fastrtps_c.h
-- Installing: /home/inteli/ponderada_navegacao/install/cg_interfaces/lib/libcg_interfaces__rosidl_typesupport_fastrtps_c.so
-- Set non-toolchain portion of runtime path of "/home/inteli/ponderada_navegacao/install/cg_interfaces/lib/libcg_interfaces__rosidl_typesupport_fastrtps_c.so" to ""
-- Up-to-date: /home/inteli/ponderada_navegacao/install/cg_interfaces/include/cg_interfaces/cg_interfaces
-- Up-to-date: /home/inteli/ponderada_navegacao/install/cg_interfaces/include/cg_interfaces/cg_interfaces/msg
-- Up-to-date: /home/inteli/ponderada_navegacao/install/cg_interfaces/include/cg_interfaces/cg_interfaces/msg/detail
-- Installing: /home/inteli/ponderada_navegacao/install/cg_interfaces/include/cg_interfaces/cg_interfaces/msg/detail/robot_sensors__type_support.c
-- Installing: /home/inteli/ponderada_navegacao/install/cg_interfaces/include/cg_interfaces/cg_interfaces/msg/detail/robot_sensors__rosidl_typesupport_introspection_c.h
-- Installing: /home/inteli/ponderada_navegacao/install/cg_interfaces/include/cg_interfaces/cg_interfaces/msg/rosidl_typesupport_introspection_c__visibility_control.h
-- Up-to-date: /home/inteli/ponderada_navegacao/install/cg_interfaces/include/cg_interfaces/cg_interfaces/srv
-- Up-to-date: /home/inteli/ponderada_navegacao/install/cg_interfaces/include/cg_interfaces/cg_interfaces/srv/detail
-- Installing: /home/inteli/ponderada_navegacao/install/cg_interfaces/include/cg_interfaces/cg_interfaces/srv/detail/get_map__rosidl_typesupport_introspection_c.h
-- Installing: /home/inteli/ponderada_navegacao/install/cg_interfaces/include/cg_interfaces/cg_interfaces/srv/detail/move_cmd__type_support.c
-- Installing: /home/inteli/ponderada_navegacao/install/cg_interfaces/include/cg_interfaces/cg_interfaces/srv/detail/get_map__type_support.c
-- Installing: /home/inteli/ponderada_navegacao/install/cg_interfaces/include/cg_interfaces/cg_interfaces/srv/detail/reset__type_support.c
-- Installing: /home/inteli/ponderada_navegacao/install/cg_interfaces/include/cg_interfaces/cg_interfaces/srv/detail/reset__rosidl_typesupport_introspection_c.h
-- Installing: /home/inteli/ponderada_navegacao/install/cg_interfaces/include/cg_interfaces/cg_interfaces/srv/detail/move_cmd__rosidl_typesupport_introspection_c.h
-- Installing: /home/inteli/ponderada_navegacao/install/cg_interfaces/lib/libcg_interfaces__rosidl_typesupport_introspection_c.so
-- Set non-toolchain portion of runtime path of "/home/inteli/ponderada_navegacao/install/cg_interfaces/lib/libcg_interfaces__rosidl_typesupport_introspection_c.so" to ""
-- Installing: /home/inteli/ponderada_navegacao/install/cg_interfaces/lib/libcg_interfaces__rosidl_typesupport_c.so
-- Set non-toolchain portion of runtime path of "/home/inteli/ponderada_navegacao/install/cg_interfaces/lib/libcg_interfaces__rosidl_typesupport_c.so" to ""
-- Up-to-date: /home/inteli/ponderada_navegacao/install/cg_interfaces/include/cg_interfaces/cg_interfaces
-- Up-to-date: /home/inteli/ponderada_navegacao/install/cg_interfaces/include/cg_interfaces/cg_interfaces/msg
-- Installing: /home/inteli/ponderada_navegacao/install/cg_interfaces/include/cg_interfaces/cg_interfaces/msg/robot_sensors.hpp
-- Up-to-date: /home/inteli/ponderada_navegacao/install/cg_interfaces/include/cg_interfaces/cg_interfaces/msg/detail
-- Installing: /home/inteli/ponderada_navegacao/install/cg_interfaces/include/cg_interfaces/cg_interfaces/msg/detail/robot_sensors__traits.hpp
-- Installing: /home/inteli/ponderada_navegacao/install/cg_interfaces/include/cg_interfaces/cg_interfaces/msg/detail/robot_sensors__builder.hpp
-- Installing: /home/inteli/ponderada_navegacao/install/cg_interfaces/include/cg_interfaces/cg_interfaces/msg/detail/robot_sensors__struct.hpp
-- Installing: /home/inteli/ponderada_navegacao/install/cg_interfaces/include/cg_interfaces/cg_interfaces/msg/detail/robot_sensors__type_support.hpp
-- Installing: /home/inteli/ponderada_navegacao/install/cg_interfaces/include/cg_interfaces/cg_interfaces/msg/rosidl_generator_cpp__visibility_control.hpp
-- Up-to-date: /home/inteli/ponderada_navegacao/install/cg_interfaces/include/cg_interfaces/cg_interfaces/srv
-- Installing: /home/inteli/ponderada_navegacao/install/cg_interfaces/include/cg_interfaces/cg_interfaces/srv/move_cmd.hpp
-- Up-to-date: /home/inteli/ponderada_navegacao/install/cg_interfaces/include/cg_interfaces/cg_interfaces/srv/detail
-- Installing: /home/inteli/ponderada_navegacao/install/cg_interfaces/include/cg_interfaces/cg_interfaces/srv/detail/reset__type_support.hpp
-- Installing: /home/inteli/ponderada_navegacao/install/cg_interfaces/include/cg_interfaces/cg_interfaces/srv/detail/move_cmd__traits.hpp
-- Installing: /home/inteli/ponderada_navegacao/install/cg_interfaces/include/cg_interfaces/cg_interfaces/srv/detail/reset__builder.hpp
-- Installing: /home/inteli/ponderada_navegacao/install/cg_interfaces/include/cg_interfaces/cg_interfaces/srv/detail/get_map__type_support.hpp
-- Installing: /home/inteli/ponderada_navegacao/install/cg_interfaces/include/cg_interfaces/cg_interfaces/srv/detail/get_map__builder.hpp
-- Installing: /home/inteli/ponderada_navegacao/install/cg_interfaces/include/cg_interfaces/cg_interfaces/srv/detail/move_cmd__struct.hpp
-- Installing: /home/inteli/ponderada_navegacao/install/cg_interfaces/include/cg_interfaces/cg_interfaces/srv/detail/get_map__struct.hpp
-- Installing: /home/inteli/ponderada_navegacao/install/cg_interfaces/include/cg_interfaces/cg_interfaces/srv/detail/move_cmd__builder.hpp
-- Installing: /home/inteli/ponderada_navegacao/install/cg_interfaces/include/cg_interfaces/cg_interfaces/srv/detail/reset__traits.hpp
-- Installing: /home/inteli/ponderada_navegacao/install/cg_interfaces/include/cg_interfaces/cg_interfaces/srv/detail/reset__struct.hpp
-- Installing: /home/inteli/ponderada_navegacao/install/cg_interfaces/include/cg_interfaces/cg_interfaces/srv/detail/get_map__traits.hpp
-- Installing: /home/inteli/ponderada_navegacao/install/cg_interfaces/include/cg_interfaces/cg_interfaces/srv/detail/move_cmd__type_support.hpp
-- Installing: /home/inteli/ponderada_navegacao/install/cg_interfaces/include/cg_interfaces/cg_interfaces/srv/reset.hpp
-- Installing: /home/inteli/ponderada_navegacao/install/cg_interfaces/include/cg_interfaces/cg_interfaces/srv/get_map.hpp
-- Up-to-date: /home/inteli/ponderada_navegacao/install/cg_interfaces/include/cg_interfaces/cg_interfaces
-- Up-to-date: /home/inteli/ponderada_navegacao/install/cg_interfaces/include/cg_interfaces/cg_interfaces/msg
-- Up-to-date: /home/inteli/ponderada_navegacao/install/cg_interfaces/include/cg_interfaces/cg_interfaces/msg/detail
-- Installing: /home/inteli/ponderada_navegacao/install/cg_interfaces/include/cg_interfaces/cg_interfaces/msg/detail/dds_fastrtps
-- Installing: /home/inteli/ponderada_navegacao/install/cg_interfaces/include/cg_interfaces/cg_interfaces/msg/detail/robot_sensors__rosidl_typesupport_fastrtps_cpp.hpp
-- Installing: /home/inteli/ponderada_navegacao/install/cg_interfaces/include/cg_interfaces/cg_interfaces/msg/rosidl_typesupport_fastrtps_cpp__visibility_control.h
-- Up-to-date: /home/inteli/ponderada_navegacao/install/cg_interfaces/include/cg_interfaces/cg_interfaces/srv
-- Up-to-date: /home/inteli/ponderada_navegacao/install/cg_interfaces/include/cg_interfaces/cg_interfaces/srv/detail
-- Installing: /home/inteli/ponderada_navegacao/install/cg_interfaces/include/cg_interfaces/cg_interfaces/srv/detail/reset__rosidl_typesupport_fastrtps_cpp.hpp
-- Installing: /home/inteli/ponderada_navegacao/install/cg_interfaces/include/cg_interfaces/cg_interfaces/srv/detail/move_cmd__rosidl_typesupport_fastrtps_cpp.hpp
-- Installing: /home/inteli/ponderada_navegacao/install/cg_interfaces/include/cg_interfaces/cg_interfaces/srv/detail/dds_fastrtps
-- Installing: /home/inteli/ponderada_navegacao/install/cg_interfaces/include/cg_interfaces/cg_interfaces/srv/detail/get_map__rosidl_typesupport_fastrtps_cpp.hpp
-- Installing: /home/inteli/ponderada_navegacao/install/cg_interfaces/lib/libcg_interfaces__rosidl_typesupport_fastrtps_cpp.so
-- Set non-toolchain portion of runtime path of "/home/inteli/ponderada_navegacao/install/cg_interfaces/lib/libcg_interfaces__rosidl_typesupport_fastrtps_cpp.so" to ""
-- Up-to-date: /home/inteli/ponderada_navegacao/install/cg_interfaces/include/cg_interfaces/cg_interfaces
-- Up-to-date: /home/inteli/ponderada_navegacao/install/cg_interfaces/include/cg_interfaces/cg_interfaces/msg
-- Up-to-date: /home/inteli/ponderada_navegacao/install/cg_interfaces/include/cg_interfaces/cg_interfaces/msg/detail
-- Installing: /home/inteli/ponderada_navegacao/install/cg_interfaces/include/cg_interfaces/cg_interfaces/msg/detail/robot_sensors__type_support.cpp
-- Installing: /home/inteli/ponderada_navegacao/install/cg_interfaces/include/cg_interfaces/cg_interfaces/msg/detail/robot_sensors__rosidl_typesupport_introspection_cpp.hpp
-- Up-to-date: /home/inteli/ponderada_navegacao/install/cg_interfaces/include/cg_interfaces/cg_interfaces/srv
-- Up-to-date: /home/inteli/ponderada_navegacao/install/cg_interfaces/include/cg_interfaces/cg_interfaces/srv/detail
-- Installing: /home/inteli/ponderada_navegacao/install/cg_interfaces/include/cg_interfaces/cg_interfaces/srv/detail/reset__rosidl_typesupport_introspection_cpp.hpp
-- Installing: /home/inteli/ponderada_navegacao/install/cg_interfaces/include/cg_interfaces/cg_interfaces/srv/detail/move_cmd__rosidl_typesupport_introspection_cpp.hpp
-- Installing: /home/inteli/ponderada_navegacao/install/cg_interfaces/include/cg_interfaces/cg_interfaces/srv/detail/get_map__type_support.cpp
-- Installing: /home/inteli/ponderada_navegacao/install/cg_interfaces/include/cg_interfaces/cg_interfaces/srv/detail/move_cmd__type_support.cpp
-- Installing: /home/inteli/ponderada_navegacao/install/cg_interfaces/include/cg_interfaces/cg_interfaces/srv/detail/get_map__rosidl_typesupport_introspection_cpp.hpp
-- Installing: /home/inteli/ponderada_navegacao/install/cg_interfaces/include/cg_interfaces/cg_interfaces/srv/detail/reset__type_support.cpp
-- Installing: /home/inteli/ponderada_navegacao/install/cg_interfaces/lib/libcg_interfaces__rosidl_typesupport_introspection_cpp.so
-- Set non-toolchain portion of runtime path of "/home/inteli/ponderada_navegacao/install/cg_interfaces/lib/libcg_interfaces__rosidl_typesupport_introspection_cpp.so" to ""
-- Installing: /home/inteli/ponderada_navegacao/install/cg_interfaces/lib/libcg_interfaces__rosidl_typesupport_cpp.so
-- Set non-toolchain portion of runtime path of "/home/inteli/ponderada_navegacao/install/cg_interfaces/lib/libcg_interfaces__rosidl_typesupport_cpp.so" to ""
-- Installing: /home/inteli/ponderada_navegacao/install/cg_interfaces/share/cg_interfaces/environment/pythonpath.sh
-- Installing: /home/inteli/ponderada_navegacao/install/cg_interfaces/share/cg_interfaces/environment/pythonpath.dsv
-- Installing: /home/inteli/ponderada_navegacao/install/cg_interfaces/lib/python3.12/site-packages/cg_interfaces-0.0.0-py3.12.egg-info
-- Installing: /home/inteli/ponderada_navegacao/install/cg_interfaces/lib/python3.12/site-packages/cg_interfaces-0.0.0-py3.12.egg-info/SOURCES.txt
-- Installing: /home/inteli/ponderada_navegacao/install/cg_interfaces/lib/python3.12/site-packages/cg_interfaces-0.0.0-py3.12.egg-info/top_level.txt
-- Installing: /home/inteli/ponderada_navegacao/install/cg_interfaces/lib/python3.12/site-packages/cg_interfaces-0.0.0-py3.12.egg-info/PKG-INFO
-- Installing: /home/inteli/ponderada_navegacao/install/cg_interfaces/lib/python3.12/site-packages/cg_interfaces-0.0.0-py3.12.egg-info/dependency_links.txt
-- Installing: /home/inteli/ponderada_navegacao/install/cg_interfaces/lib/python3.12/site-packages/cg_interfaces
-- Installing: /home/inteli/ponderada_navegacao/install/cg_interfaces/lib/python3.12/site-packages/cg_interfaces/cg_interfaces_s__rosidl_typesupport_c.so
-- Installing: /home/inteli/ponderada_navegacao/install/cg_interfaces/lib/python3.12/site-packages/cg_interfaces/msg
-- Installing: /home/inteli/ponderada_navegacao/install/cg_interfaces/lib/python3.12/site-packages/cg_interfaces/msg/__init__.py
-- Installing: /home/inteli/ponderada_navegacao/install/cg_interfaces/lib/python3.12/site-packages/cg_interfaces/msg/_robot_sensors_s.c
-- Installing: /home/inteli/ponderada_navegacao/install/cg_interfaces/lib/python3.12/site-packages/cg_interfaces/msg/_robot_sensors.py
-- Installing: /home/inteli/ponderada_navegacao/install/cg_interfaces/lib/python3.12/site-packages/cg_interfaces/_cg_interfaces_s.ep.rosidl_typesupport_introspection_c.c
-- Installing: /home/inteli/ponderada_navegacao/install/cg_interfaces/lib/python3.12/site-packages/cg_interfaces/srv
-- Installing: /home/inteli/ponderada_navegacao/install/cg_interfaces/lib/python3.12/site-packages/cg_interfaces/srv/_get_map_s.c
-- Installing: /home/inteli/ponderada_navegacao/install/cg_interfaces/lib/python3.12/site-packages/cg_interfaces/srv/_move_cmd.py
-- Installing: /home/inteli/ponderada_navegacao/install/cg_interfaces/lib/python3.12/site-packages/cg_interfaces/srv/_reset.py
-- Installing: /home/inteli/ponderada_navegacao/install/cg_interfaces/lib/python3.12/site-packages/cg_interfaces/srv/__init__.py
-- Installing: /home/inteli/ponderada_navegacao/install/cg_interfaces/lib/python3.12/site-packages/cg_interfaces/srv/_get_map.py
-- Installing: /home/inteli/ponderada_navegacao/install/cg_interfaces/lib/python3.12/site-packages/cg_interfaces/srv/_reset_s.c
-- Installing: /home/inteli/ponderada_navegacao/install/cg_interfaces/lib/python3.12/site-packages/cg_interfaces/srv/_move_cmd_s.c
-- Installing: /home/inteli/ponderada_navegacao/install/cg_interfaces/lib/python3.12/site-packages/cg_interfaces/_cg_interfaces_s.ep.rosidl_typesupport_fastrtps_c.c
-- Installing: /home/inteli/ponderada_navegacao/install/cg_interfaces/lib/python3.12/site-packages/cg_interfaces/_cg_interfaces_s.ep.rosidl_typesupport_c.c
-- Installing: /home/inteli/ponderada_navegacao/install/cg_interfaces/lib/python3.12/site-packages/cg_interfaces/__init__.py
-- Installing: /home/inteli/ponderada_navegacao/install/cg_interfaces/lib/python3.12/site-packages/cg_interfaces/cg_interfaces_s__rosidl_typesupport_introspection_c.so
-- Installing: /home/inteli/ponderada_navegacao/install/cg_interfaces/lib/python3.12/site-packages/cg_interfaces/cg_interfaces_s__rosidl_typesupport_fastrtps_c.so
Listing '/home/inteli/ponderada_navegacao/install/cg_interfaces/lib/python3.12/site-packages/cg_interfaces'...
Compiling '/home/inteli/ponderada_navegacao/install/cg_interfaces/lib/python3.12/site-packages/cg_interfaces/__init__.py'...
Listing '/home/inteli/ponderada_navegacao/install/cg_interfaces/lib/python3.12/site-packages/cg_interfaces/msg'...
Compiling '/home/inteli/ponderada_navegacao/install/cg_interfaces/lib/python3.12/site-packages/cg_interfaces/msg/__init__.py'...
Compiling '/home/inteli/ponderada_navegacao/install/cg_interfaces/lib/python3.12/site-packages/cg_interfaces/msg/_robot_sensors.py'...
Listing '/home/inteli/ponderada_navegacao/install/cg_interfaces/lib/python3.12/site-packages/cg_interfaces/srv'...
Compiling '/home/inteli/ponderada_navegacao/install/cg_interfaces/lib/python3.12/site-packages/cg_interfaces/srv/__init__.py'...
Compiling '/home/inteli/ponderada_navegacao/install/cg_interfaces/lib/python3.12/site-packages/cg_interfaces/srv/_get_map.py'...
Compiling '/home/inteli/ponderada_navegacao/install/cg_interfaces/lib/python3.12/site-packages/cg_interfaces/srv/_move_cmd.py'...
Compiling '/home/inteli/ponderada_navegacao/install/cg_interfaces/lib/python3.12/site-packages/cg_interfaces/srv/_reset.py'...
-- Installing: /home/inteli/ponderada_navegacao/install/cg_interfaces/lib/python3.12/site-packages/cg_interfaces/cg_interfaces_s__rosidl_typesupport_fastrtps_c.so
-- Set non-toolchain portion of runtime path of "/home/inteli/ponderada_navegacao/install/cg_interfaces/lib/python3.12/site-packages/cg_interfaces/cg_interfaces_s__rosidl_typesupport_fastrtps_c.so" to ""
-- Installing: /home/inteli/ponderada_navegacao/install/cg_interfaces/lib/python3.12/site-packages/cg_interfaces/cg_interfaces_s__rosidl_typesupport_introspection_c.so
-- Set non-toolchain portion of runtime path of "/home/inteli/ponderada_navegacao/install/cg_interfaces/lib/python3.12/site-packages/cg_interfaces/cg_interfaces_s__rosidl_typesupport_introspection_c.so" to ""
-- Installing: /home/inteli/ponderada_navegacao/install/cg_interfaces/lib/python3.12/site-packages/cg_interfaces/cg_interfaces_s__rosidl_typesupport_c.so
-- Set non-toolchain portion of runtime path of "/home/inteli/ponderada_navegacao/install/cg_interfaces/lib/python3.12/site-packages/cg_interfaces/cg_interfaces_s__rosidl_typesupport_c.so" to ""
-- Installing: /home/inteli/ponderada_navegacao/install/cg_interfaces/lib/libcg_interfaces__rosidl_generator_py.so
-- Set non-toolchain portion of runtime path of "/home/inteli/ponderada_navegacao/install/cg_interfaces/lib/libcg_interfaces__rosidl_generator_py.so" to ""
-- Installing: /home/inteli/ponderada_navegacao/install/cg_interfaces/share/cg_interfaces/srv/MoveCmd.idl
-- Installing: /home/inteli/ponderada_navegacao/install/cg_interfaces/share/cg_interfaces/srv/GetMap.idl
-- Installing: /home/inteli/ponderada_navegacao/install/cg_interfaces/share/cg_interfaces/msg/RobotSensors.idl
-- Installing: /home/inteli/ponderada_navegacao/install/cg_interfaces/share/cg_interfaces/srv/Reset.idl
-- Installing: /home/inteli/ponderada_navegacao/install/cg_interfaces/share/cg_interfaces/srv/MoveCmd.srv
-- Installing: /home/inteli/ponderada_navegacao/install/cg_interfaces/share/cg_interfaces/srv/GetMap.srv
-- Installing: /home/inteli/ponderada_navegacao/install/cg_interfaces/share/cg_interfaces/msg/RobotSensors.msg
-- Installing: /home/inteli/ponderada_navegacao/install/cg_interfaces/share/cg_interfaces/srv/Reset.srv
-- Installing: /home/inteli/ponderada_navegacao/install/cg_interfaces/share/ament_index/resource_index/package_run_dependencies/cg_interfaces
-- Installing: /home/inteli/ponderada_navegacao/install/cg_interfaces/share/ament_index/resource_index/parent_prefix_path/cg_interfaces
-- Installing: /home/inteli/ponderada_navegacao/install/cg_interfaces/share/cg_interfaces/environment/ament_prefix_path.sh
-- Installing: /home/inteli/ponderada_navegacao/install/cg_interfaces/share/cg_interfaces/environment/ament_prefix_path.dsv
-- Installing: /home/inteli/ponderada_navegacao/install/cg_interfaces/share/cg_interfaces/environment/path.sh
-- Installing: /home/inteli/ponderada_navegacao/install/cg_interfaces/share/cg_interfaces/environment/path.dsv
-- Installing: /home/inteli/ponderada_navegacao/install/cg_interfaces/share/cg_interfaces/local_setup.bash
-- Installing: /home/inteli/ponderada_navegacao/install/cg_interfaces/share/cg_interfaces/local_setup.sh
-- Installing: /home/inteli/ponderada_navegacao/install/cg_interfaces/share/cg_interfaces/local_setup.zsh
-- Installing: /home/inteli/ponderada_navegacao/install/cg_interfaces/share/cg_interfaces/local_setup.dsv
-- Installing: /home/inteli/ponderada_navegacao/install/cg_interfaces/share/cg_interfaces/package.dsv
-- Installing: /home/inteli/ponderada_navegacao/install/cg_interfaces/share/ament_index/resource_index/packages/cg_interfaces
-- Installing: /home/inteli/ponderada_navegacao/install/cg_interfaces/share/cg_interfaces/cmake/export_cg_interfaces__rosidl_generator_cExport.cmake
-- Installing: /home/inteli/ponderada_navegacao/install/cg_interfaces/share/cg_interfaces/cmake/export_cg_interfaces__rosidl_generator_cExport-noconfig.cmake
-- Installing: /home/inteli/ponderada_navegacao/install/cg_interfaces/share/cg_interfaces/cmake/export_cg_interfaces__rosidl_typesupport_fastrtps_cExport.cmake
-- Installing: /home/inteli/ponderada_navegacao/install/cg_interfaces/share/cg_interfaces/cmake/export_cg_interfaces__rosidl_typesupport_fastrtps_cExport-noconfig.cmake
-- Installing: /home/inteli/ponderada_navegacao/install/cg_interfaces/share/cg_interfaces/cmake/cg_interfaces__rosidl_typesupport_introspection_cExport.cmake
-- Installing: /home/inteli/ponderada_navegacao/install/cg_interfaces/share/cg_interfaces/cmake/cg_interfaces__rosidl_typesupport_introspection_cExport-noconfig.cmake
-- Installing: /home/inteli/ponderada_navegacao/install/cg_interfaces/share/cg_interfaces/cmake/cg_interfaces__rosidl_typesupport_cExport.cmake
-- Installing: /home/inteli/ponderada_navegacao/install/cg_interfaces/share/cg_interfaces/cmake/cg_interfaces__rosidl_typesupport_cExport-noconfig.cmake
-- Installing: /home/inteli/ponderada_navegacao/install/cg_interfaces/share/cg_interfaces/cmake/export_cg_interfaces__rosidl_generator_cppExport.cmake
-- Installing: /home/inteli/ponderada_navegacao/install/cg_interfaces/share/cg_interfaces/cmake/export_cg_interfaces__rosidl_typesupport_fastrtps_cppExport.cmake
-- Installing: /home/inteli/ponderada_navegacao/install/cg_interfaces/share/cg_interfaces/cmake/export_cg_interfaces__rosidl_typesupport_fastrtps_cppExport-noconfig.cmake
-- Installing: /home/inteli/ponderada_navegacao/install/cg_interfaces/share/cg_interfaces/cmake/cg_interfaces__rosidl_typesupport_introspection_cppExport.cmake
-- Installing: /home/inteli/ponderada_navegacao/install/cg_interfaces/share/cg_interfaces/cmake/cg_interfaces__rosidl_typesupport_introspection_cppExport-noconfig.cmake
-- Installing: /home/inteli/ponderada_navegacao/install/cg_interfaces/share/cg_interfaces/cmake/cg_interfaces__rosidl_typesupport_cppExport.cmake
-- Installing: /home/inteli/ponderada_navegacao/install/cg_interfaces/share/cg_interfaces/cmake/cg_interfaces__rosidl_typesupport_cppExport-noconfig.cmake
-- Installing: /home/inteli/ponderada_navegacao/install/cg_interfaces/share/cg_interfaces/cmake/export_cg_interfaces__rosidl_generator_pyExport.cmake
-- Installing: /home/inteli/ponderada_navegacao/install/cg_interfaces/share/cg_interfaces/cmake/export_cg_interfaces__rosidl_generator_pyExport-noconfig.cmake
-- Installing: /home/inteli/ponderada_navegacao/install/cg_interfaces/share/cg_interfaces/cmake/rosidl_cmake-extras.cmake
-- Installing: /home/inteli/ponderada_navegacao/install/cg_interfaces/share/cg_interfaces/cmake/ament_cmake_export_dependencies-extras.cmake
-- Installing: /home/inteli/ponderada_navegacao/install/cg_interfaces/share/cg_interfaces/cmake/ament_cmake_export_include_directories-extras.cmake
-- Installing: /home/inteli/ponderada_navegacao/install/cg_interfaces/share/cg_interfaces/cmake/ament_cmake_export_libraries-extras.cmake
-- Installing: /home/inteli/ponderada_navegacao/install/cg_interfaces/share/cg_interfaces/cmake/ament_cmake_export_targets-extras.cmake
-- Installing: /home/inteli/ponderada_navegacao/install/cg_interfaces/share/cg_interfaces/cmake/rosidl_cmake_export_typesupport_targets-extras.cmake
-- Installing: /home/inteli/ponderada_navegacao/install/cg_interfaces/share/cg_interfaces/cmake/rosidl_cmake_export_typesupport_libraries-extras.cmake
-- Installing: /home/inteli/ponderada_navegacao/install/cg_interfaces/share/cg_interfaces/cmake/cg_interfacesConfig.cmake
-- Installing: /home/inteli/ponderada_navegacao/install/cg_interfaces/share/cg_interfaces/cmake/cg_interfacesConfig-version.cmake
-- Installing: /home/inteli/ponderada_navegacao/install/cg_interfaces/share/cg_interfaces/package.xml
