[0.305s] DEBUG:colcon:Command line arguments: ['/usr/bin/colcon', 'build', '--packages-select', 'navegacao']
[0.305s] DEBUG:colcon:Parsed command line arguments: Namespace(log_base=None, log_level=None, verb_name='build', build_base='build', install_base='install', merge_install=False, symlink_install=False, test_result_base=None, continue_on_error=False, executor='parallel', parallel_workers=8, event_handlers=None, ignore_user_meta=False, metas=['./colcon.meta'], base_paths=['.'], packages_ignore=None, packages_ignore_regex=None, paths=None, packages_up_to=None, packages_up_to_regex=None, packages_above=None, packages_above_and_dependencies=None, packages_above_depth=None, packages_select_by_dep=None, packages_skip_by_dep=None, packages_skip_up_to=None, packages_select_build_failed=False, packages_skip_build_finished=False, packages_select_test_failures=False, packages_skip_test_passed=False, packages_select=['navegacao'], packages_skip=None, packages_select_regex=None, packages_skip_regex=None, packages_start=None, packages_end=None, allow_overriding=[], cmake_args=None, cmake_target=None, cmake_target_skip_unavailable=False, cmake_clean_cache=False, cmake_clean_first=False, cmake_force_configure=False, ament_cmake_args=None, catkin_cmake_args=None, catkin_skip_building_tests=False, mixin_files=None, mixin=None, verb_parser=<colcon_mixin.mixin.mixin_argument.MixinArgumentDecorator object at 0x74d8af2a8bc0>, verb_extension=<colcon_core.verb.build.BuildVerb object at 0x74d8afa226c0>, main=<bound method BuildVerb.main of <colcon_core.verb.build.BuildVerb object at 0x74d8afa226c0>>, mixin_verb=('build',))
[0.438s] Level 1:colcon.colcon_core.package_discovery:discover_packages(colcon_meta) check parameters
[0.438s] Level 1:colcon.colcon_core.package_discovery:discover_packages(recursive) check parameters
[0.438s] Level 1:colcon.colcon_core.package_discovery:discover_packages(ignore) check parameters
[0.439s] Level 1:colcon.colcon_core.package_discovery:discover_packages(path) check parameters
[0.439s] Level 1:colcon.colcon_core.package_discovery:discover_packages(colcon_meta) discover
[0.439s] Level 1:colcon.colcon_core.package_discovery:discover_packages(recursive) discover
[0.439s] INFO:colcon.colcon_core.package_discovery:Crawling recursively for packages in '/home/inteli/ponderada_navegacao'
[0.439s] Level 1:colcon.colcon_core.package_identification:_identify(.) by extensions ['ignore', 'ignore_ament_install']
[0.439s] Level 1:colcon.colcon_core.package_identification:_identify(.) by extension 'ignore'
[0.440s] Level 1:colcon.colcon_core.package_identification:_identify(.) by extension 'ignore_ament_install'
[0.440s] Level 1:colcon.colcon_core.package_identification:_identify(.) by extensions ['colcon_pkg']
[0.440s] Level 1:colcon.colcon_core.package_identification:_identify(.) by extension 'colcon_pkg'
[0.440s] Level 1:colcon.colcon_core.package_identification:_identify(.) by extensions ['colcon_meta']
[0.440s] Level 1:colcon.colcon_core.package_identification:_identify(.) by extension 'colcon_meta'
[0.440s] Level 1:colcon.colcon_core.package_identification:_identify(.) by extensions ['ros']
[0.440s] Level 1:colcon.colcon_core.package_identification:_identify(.) by extension 'ros'
[0.480s] Level 1:colcon.colcon_core.package_identification:_identify(.) by extensions ['cmake', 'python']
[0.480s] Level 1:colcon.colcon_core.package_identification:_identify(.) by extension 'cmake'
[0.481s] Level 1:colcon.colcon_core.package_identification:_identify(.) by extension 'python'
[0.481s] Level 1:colcon.colcon_core.package_identification:_identify(.) by extensions ['python_setup_py']
[0.481s] Level 1:colcon.colcon_core.package_identification:_identify(.) by extension 'python_setup_py'
[0.482s] Level 1:colcon.colcon_core.package_identification:_identify(build) by extensions ['ignore', 'ignore_ament_install']
[0.482s] Level 1:colcon.colcon_core.package_identification:_identify(build) by extension 'ignore'
[0.482s] Level 1:colcon.colcon_core.package_identification:_identify(build) ignored
[0.482s] Level 1:colcon.colcon_core.package_identification:_identify(install) by extensions ['ignore', 'ignore_ament_install']
[0.482s] Level 1:colcon.colcon_core.package_identification:_identify(install) by extension 'ignore'
[0.482s] Level 1:colcon.colcon_core.package_identification:_identify(install) ignored
[0.483s] Level 1:colcon.colcon_core.package_identification:_identify(log) by extensions ['ignore', 'ignore_ament_install']
[0.483s] Level 1:colcon.colcon_core.package_identification:_identify(log) by extension 'ignore'
[0.483s] Level 1:colcon.colcon_core.package_identification:_identify(log) ignored
[0.483s] Level 1:colcon.colcon_core.package_identification:_identify(src) by extensions ['ignore', 'ignore_ament_install']
[0.484s] Level 1:colcon.colcon_core.package_identification:_identify(src) by extension 'ignore'
[0.484s] Level 1:colcon.colcon_core.package_identification:_identify(src) by extension 'ignore_ament_install'
[0.484s] Level 1:colcon.colcon_core.package_identification:_identify(src) by extensions ['colcon_pkg']
[0.484s] Level 1:colcon.colcon_core.package_identification:_identify(src) by extension 'colcon_pkg'
[0.485s] Level 1:colcon.colcon_core.package_identification:_identify(src) by extensions ['colcon_meta']
[0.485s] Level 1:colcon.colcon_core.package_identification:_identify(src) by extension 'colcon_meta'
[0.485s] Level 1:colcon.colcon_core.package_identification:_identify(src) by extensions ['ros']
[0.485s] Level 1:colcon.colcon_core.package_identification:_identify(src) by extension 'ros'
[0.485s] Level 1:colcon.colcon_core.package_identification:_identify(src) by extensions ['cmake', 'python']
[0.485s] Level 1:colcon.colcon_core.package_identification:_identify(src) by extension 'cmake'
[0.485s] Level 1:colcon.colcon_core.package_identification:_identify(src) by extension 'python'
[0.485s] Level 1:colcon.colcon_core.package_identification:_identify(src) by extensions ['python_setup_py']
[0.485s] Level 1:colcon.colcon_core.package_identification:_identify(src) by extension 'python_setup_py'
[0.485s] Level 1:colcon.colcon_core.package_identification:_identify(src/culling_games) by extensions ['ignore', 'ignore_ament_install']
[0.485s] Level 1:colcon.colcon_core.package_identification:_identify(src/culling_games) by extension 'ignore'
[0.485s] Level 1:colcon.colcon_core.package_identification:_identify(src/culling_games) by extension 'ignore_ament_install'
[0.486s] Level 1:colcon.colcon_core.package_identification:_identify(src/culling_games) by extensions ['colcon_pkg']
[0.486s] Level 1:colcon.colcon_core.package_identification:_identify(src/culling_games) by extension 'colcon_pkg'
[0.486s] Level 1:colcon.colcon_core.package_identification:_identify(src/culling_games) by extensions ['colcon_meta']
[0.486s] Level 1:colcon.colcon_core.package_identification:_identify(src/culling_games) by extension 'colcon_meta'
[0.486s] Level 1:colcon.colcon_core.package_identification:_identify(src/culling_games) by extensions ['ros']
[0.486s] Level 1:colcon.colcon_core.package_identification:_identify(src/culling_games) by extension 'ros'
[0.486s] Level 1:colcon.colcon_core.package_identification:_identify(src/culling_games) by extensions ['cmake', 'python']
[0.486s] Level 1:colcon.colcon_core.package_identification:_identify(src/culling_games) by extension 'cmake'
[0.486s] Level 1:colcon.colcon_core.package_identification:_identify(src/culling_games) by extension 'python'
[0.486s] Level 1:colcon.colcon_core.package_identification:_identify(src/culling_games) by extensions ['python_setup_py']
[0.486s] Level 1:colcon.colcon_core.package_identification:_identify(src/culling_games) by extension 'python_setup_py'
[0.486s] Level 1:colcon.colcon_core.package_identification:_identify(src/culling_games/lobotomy_kaisen) by extensions ['ignore', 'ignore_ament_install']
[0.486s] Level 1:colcon.colcon_core.package_identification:_identify(src/culling_games/lobotomy_kaisen) by extension 'ignore'
[0.486s] Level 1:colcon.colcon_core.package_identification:_identify(src/culling_games/lobotomy_kaisen) by extension 'ignore_ament_install'
[0.486s] Level 1:colcon.colcon_core.package_identification:_identify(src/culling_games/lobotomy_kaisen) by extensions ['colcon_pkg']
[0.486s] Level 1:colcon.colcon_core.package_identification:_identify(src/culling_games/lobotomy_kaisen) by extension 'colcon_pkg'
[0.486s] Level 1:colcon.colcon_core.package_identification:_identify(src/culling_games/lobotomy_kaisen) by extensions ['colcon_meta']
[0.486s] Level 1:colcon.colcon_core.package_identification:_identify(src/culling_games/lobotomy_kaisen) by extension 'colcon_meta'
[0.487s] Level 1:colcon.colcon_core.package_identification:_identify(src/culling_games/lobotomy_kaisen) by extensions ['ros']
[0.487s] Level 1:colcon.colcon_core.package_identification:_identify(src/culling_games/lobotomy_kaisen) by extension 'ros'
[0.487s] Level 1:colcon.colcon_core.package_identification:_identify(src/culling_games/lobotomy_kaisen) by extensions ['cmake', 'python']
[0.487s] Level 1:colcon.colcon_core.package_identification:_identify(src/culling_games/lobotomy_kaisen) by extension 'cmake'
[0.487s] Level 1:colcon.colcon_core.package_identification:_identify(src/culling_games/lobotomy_kaisen) by extension 'python'
[0.487s] Level 1:colcon.colcon_core.package_identification:_identify(src/culling_games/lobotomy_kaisen) by extensions ['python_setup_py']
[0.487s] Level 1:colcon.colcon_core.package_identification:_identify(src/culling_games/lobotomy_kaisen) by extension 'python_setup_py'
[0.487s] Level 1:colcon.colcon_core.package_identification:_identify(src/culling_games/src) by extensions ['ignore', 'ignore_ament_install']
[0.487s] Level 1:colcon.colcon_core.package_identification:_identify(src/culling_games/src) by extension 'ignore'
[0.487s] Level 1:colcon.colcon_core.package_identification:_identify(src/culling_games/src) by extension 'ignore_ament_install'
[0.487s] Level 1:colcon.colcon_core.package_identification:_identify(src/culling_games/src) by extensions ['colcon_pkg']
[0.487s] Level 1:colcon.colcon_core.package_identification:_identify(src/culling_games/src) by extension 'colcon_pkg'
[0.487s] Level 1:colcon.colcon_core.package_identification:_identify(src/culling_games/src) by extensions ['colcon_meta']
[0.487s] Level 1:colcon.colcon_core.package_identification:_identify(src/culling_games/src) by extension 'colcon_meta'
[0.488s] Level 1:colcon.colcon_core.package_identification:_identify(src/culling_games/src) by extensions ['ros']
[0.488s] Level 1:colcon.colcon_core.package_identification:_identify(src/culling_games/src) by extension 'ros'
[0.488s] Level 1:colcon.colcon_core.package_identification:_identify(src/culling_games/src) by extensions ['cmake', 'python']
[0.488s] Level 1:colcon.colcon_core.package_identification:_identify(src/culling_games/src) by extension 'cmake'
[0.488s] Level 1:colcon.colcon_core.package_identification:_identify(src/culling_games/src) by extension 'python'
[0.489s] Level 1:colcon.colcon_core.package_identification:_identify(src/culling_games/src) by extensions ['python_setup_py']
[0.489s] Level 1:colcon.colcon_core.package_identification:_identify(src/culling_games/src) by extension 'python_setup_py'
[0.489s] Level 1:colcon.colcon_core.package_identification:_identify(src/culling_games/src/cg) by extensions ['ignore', 'ignore_ament_install']
[0.489s] Level 1:colcon.colcon_core.package_identification:_identify(src/culling_games/src/cg) by extension 'ignore'
[0.490s] Level 1:colcon.colcon_core.package_identification:_identify(src/culling_games/src/cg) by extension 'ignore_ament_install'
[0.490s] Level 1:colcon.colcon_core.package_identification:_identify(src/culling_games/src/cg) by extensions ['colcon_pkg']
[0.490s] Level 1:colcon.colcon_core.package_identification:_identify(src/culling_games/src/cg) by extension 'colcon_pkg'
[0.490s] Level 1:colcon.colcon_core.package_identification:_identify(src/culling_games/src/cg) by extensions ['colcon_meta']
[0.490s] Level 1:colcon.colcon_core.package_identification:_identify(src/culling_games/src/cg) by extension 'colcon_meta'
[0.491s] Level 1:colcon.colcon_core.package_identification:_identify(src/culling_games/src/cg) by extensions ['ros']
[0.491s] Level 1:colcon.colcon_core.package_identification:_identify(src/culling_games/src/cg) by extension 'ros'
[0.494s] DEBUG:colcon.colcon_core.package_identification:Package 'src/culling_games/src/cg' with type 'ros.ament_python' and name 'cg'
[0.495s] Level 1:colcon.colcon_core.package_identification:_identify(src/culling_games/src/cg_interfaces) by extensions ['ignore', 'ignore_ament_install']
[0.495s] Level 1:colcon.colcon_core.package_identification:_identify(src/culling_games/src/cg_interfaces) by extension 'ignore'
[0.495s] Level 1:colcon.colcon_core.package_identification:_identify(src/culling_games/src/cg_interfaces) by extension 'ignore_ament_install'
[0.495s] Level 1:colcon.colcon_core.package_identification:_identify(src/culling_games/src/cg_interfaces) by extensions ['colcon_pkg']
[0.496s] Level 1:colcon.colcon_core.package_identification:_identify(src/culling_games/src/cg_interfaces) by extension 'colcon_pkg'
[0.496s] Level 1:colcon.colcon_core.package_identification:_identify(src/culling_games/src/cg_interfaces) by extensions ['colcon_meta']
[0.496s] Level 1:colcon.colcon_core.package_identification:_identify(src/culling_games/src/cg_interfaces) by extension 'colcon_meta'
[0.496s] Level 1:colcon.colcon_core.package_identification:_identify(src/culling_games/src/cg_interfaces) by extensions ['ros']
[0.496s] Level 1:colcon.colcon_core.package_identification:_identify(src/culling_games/src/cg_interfaces) by extension 'ros'
[0.496s] DEBUG:colcon.colcon_core.package_identification:Package 'src/culling_games/src/cg_interfaces' with type 'ros.ament_cmake' and name 'cg_interfaces'
[0.497s] Level 1:colcon.colcon_core.package_identification:_identify(src/culling_games/src/cg_teleop) by extensions ['ignore', 'ignore_ament_install']
[0.497s] Level 1:colcon.colcon_core.package_identification:_identify(src/culling_games/src/cg_teleop) by extension 'ignore'
[0.497s] Level 1:colcon.colcon_core.package_identification:_identify(src/culling_games/src/cg_teleop) by extension 'ignore_ament_install'
[0.497s] Level 1:colcon.colcon_core.package_identification:_identify(src/culling_games/src/cg_teleop) by extensions ['colcon_pkg']
[0.498s] Level 1:colcon.colcon_core.package_identification:_identify(src/culling_games/src/cg_teleop) by extension 'colcon_pkg'
[0.498s] Level 1:colcon.colcon_core.package_identification:_identify(src/culling_games/src/cg_teleop) by extensions ['colcon_meta']
[0.498s] Level 1:colcon.colcon_core.package_identification:_identify(src/culling_games/src/cg_teleop) by extension 'colcon_meta'
[0.498s] Level 1:colcon.colcon_core.package_identification:_identify(src/culling_games/src/cg_teleop) by extensions ['ros']
[0.498s] Level 1:colcon.colcon_core.package_identification:_identify(src/culling_games/src/cg_teleop) by extension 'ros'
[0.499s] DEBUG:colcon.colcon_core.package_identification:Package 'src/culling_games/src/cg_teleop' with type 'ros.ament_python' and name 'cg_teleop'
[0.499s] Level 1:colcon.colcon_core.package_identification:_identify(src/navegacao) by extensions ['ignore', 'ignore_ament_install']
[0.499s] Level 1:colcon.colcon_core.package_identification:_identify(src/navegacao) by extension 'ignore'
[0.499s] Level 1:colcon.colcon_core.package_identification:_identify(src/navegacao) by extension 'ignore_ament_install'
[0.499s] Level 1:colcon.colcon_core.package_identification:_identify(src/navegacao) by extensions ['colcon_pkg']
[0.500s] Level 1:colcon.colcon_core.package_identification:_identify(src/navegacao) by extension 'colcon_pkg'
[0.500s] Level 1:colcon.colcon_core.package_identification:_identify(src/navegacao) by extensions ['colcon_meta']
[0.500s] Level 1:colcon.colcon_core.package_identification:_identify(src/navegacao) by extension 'colcon_meta'
[0.500s] Level 1:colcon.colcon_core.package_identification:_identify(src/navegacao) by extensions ['ros']
[0.501s] Level 1:colcon.colcon_core.package_identification:_identify(src/navegacao) by extension 'ros'
[0.501s] DEBUG:colcon.colcon_core.package_identification:Package 'src/navegacao' with type 'ros.ament_cmake' and name 'navegacao'
[0.502s] Level 1:colcon.colcon_core.package_discovery:discover_packages(recursive) using defaults
[0.502s] Level 1:colcon.colcon_core.package_discovery:discover_packages(ignore) discover
[0.502s] Level 1:colcon.colcon_core.package_discovery:discover_packages(ignore) using defaults
[0.502s] Level 1:colcon.colcon_core.package_discovery:discover_packages(path) discover
[0.502s] Level 1:colcon.colcon_core.package_discovery:discover_packages(path) using defaults
[0.543s] INFO:colcon.colcon_core.package_selection:Skipping not selected package 'cg_interfaces' in 'src/culling_games/src/cg_interfaces'
[0.544s] INFO:colcon.colcon_core.package_selection:Skipping not selected package 'cg' in 'src/culling_games/src/cg'
[0.544s] INFO:colcon.colcon_core.package_selection:Skipping not selected package 'cg_teleop' in 'src/culling_games/src/cg_teleop'
[0.546s] Level 1:colcon.colcon_core.package_discovery:discover_packages(prefix_path) check parameters
[0.546s] Level 1:colcon.colcon_core.package_discovery:discover_packages(prefix_path) discover
[0.551s] DEBUG:colcon.colcon_installed_package_information.package_discovery:Found 4 installed packages in /home/inteli/ponderada_navegacao/install
[0.554s] DEBUG:colcon.colcon_installed_package_information.package_discovery:Found 285 installed packages in /opt/ros/jazzy
[0.556s] Level 1:colcon.colcon_core.package_discovery:discover_packages(prefix_path) using defaults
[0.621s] Level 5:colcon.colcon_core.verb:set package 'navegacao' build argument 'cmake_args' from command line to 'None'
[0.622s] Level 5:colcon.colcon_core.verb:set package 'navegacao' build argument 'cmake_target' from command line to 'None'
[0.622s] Level 5:colcon.colcon_core.verb:set package 'navegacao' build argument 'cmake_target_skip_unavailable' from command line to 'False'
[0.622s] Level 5:colcon.colcon_core.verb:set package 'navegacao' build argument 'cmake_clean_cache' from command line to 'False'
[0.623s] Level 5:colcon.colcon_core.verb:set package 'navegacao' build argument 'cmake_clean_first' from command line to 'False'
[0.623s] Level 5:colcon.colcon_core.verb:set package 'navegacao' build argument 'cmake_force_configure' from command line to 'False'
[0.623s] Level 5:colcon.colcon_core.verb:set package 'navegacao' build argument 'ament_cmake_args' from command line to 'None'
[0.623s] Level 5:colcon.colcon_core.verb:set package 'navegacao' build argument 'catkin_cmake_args' from command line to 'None'
[0.623s] Level 5:colcon.colcon_core.verb:set package 'navegacao' build argument 'catkin_skip_building_tests' from command line to 'False'
[0.623s] DEBUG:colcon.colcon_core.verb:Building package 'navegacao' with the following arguments: {'ament_cmake_args': None, 'build_base': '/home/inteli/ponderada_navegacao/build/navegacao', 'catkin_cmake_args': None, 'catkin_skip_building_tests': False, 'cmake_args': None, 'cmake_clean_cache': False, 'cmake_clean_first': False, 'cmake_force_configure': False, 'cmake_target': None, 'cmake_target_skip_unavailable': False, 'install_base': '/home/inteli/ponderada_navegacao/install/navegacao', 'merge_install': False, 'path': '/home/inteli/ponderada_navegacao/src/navegacao', 'symlink_install': False, 'test_result_base': None}
[0.624s] INFO:colcon.colcon_core.executor:Executing jobs using 'parallel' executor
[0.625s] DEBUG:colcon.colcon_parallel_executor.executor.parallel:run_until_complete
[0.627s] INFO:colcon.colcon_ros.task.ament_cmake.build:Building ROS package in '/home/inteli/ponderada_navegacao/src/navegacao' with build type 'ament_cmake'
[0.627s] INFO:colcon.colcon_cmake.task.cmake.build:Building CMake package in '/home/inteli/ponderada_navegacao/src/navegacao'
[0.631s] INFO:colcon.colcon_core.plugin_system:Skipping extension 'colcon_core.shell.bat': Not used on non-Windows systems
[0.632s] INFO:colcon.colcon_core.shell:Skip shell extension 'powershell' for command environment: Not usable outside of PowerShell
[0.632s] DEBUG:colcon.colcon_core.shell:Skip shell extension 'dsv' for command environment
[0.654s] DEBUG:colcon.colcon_core.event_handler.log_command:Invoking command in '/home/inteli/ponderada_navegacao/build/navegacao': CMAKE_PREFIX_PATH=/home/inteli/ponderada_navegacao/install/cg_interfaces:/home/inteli/ponderada_navegacao/install/navegacao:/opt/ros/jazzy/opt/gz_math_vendor:/opt/ros/jazzy/opt/gz_utils_vendor:/opt/ros/jazzy/opt/gz_cmake_vendor:/home/inteli/ponderada_navegacao/install/cg_teleop:/home/inteli/ponderada_navegacao/install/cg:/opt/ros/jazzy DEBUGINFOD_URLS=https://debuginfod.ubuntu.com PYTHONPATH=/home/inteli/ponderada_navegacao/install/cg_interfaces/lib/python3.12/site-packages:/home/inteli/ponderada_navegacao/install/cg_teleop/lib/python3.12/site-packages:/home/inteli/ponderada_navegacao/install/cg/lib/python3.12/site-packages:/opt/ros/jazzy/lib/python3.12/site-packages /usr/bin/cmake --build /home/inteli/ponderada_navegacao/build/navegacao -- -j8 -l8
[18.719s] DEBUG:colcon.colcon_core.event_handler.log_command:Invoked command in '/home/inteli/ponderada_navegacao/build/navegacao' returned '0': CMAKE_PREFIX_PATH=/home/inteli/ponderada_navegacao/install/cg_interfaces:/home/inteli/ponderada_navegacao/install/navegacao:/opt/ros/jazzy/opt/gz_math_vendor:/opt/ros/jazzy/opt/gz_utils_vendor:/opt/ros/jazzy/opt/gz_cmake_vendor:/home/inteli/ponderada_navegacao/install/cg_teleop:/home/inteli/ponderada_navegacao/install/cg:/opt/ros/jazzy DEBUGINFOD_URLS=https://debuginfod.ubuntu.com PYTHONPATH=/home/inteli/ponderada_navegacao/install/cg_interfaces/lib/python3.12/site-packages:/home/inteli/ponderada_navegacao/install/cg_teleop/lib/python3.12/site-packages:/home/inteli/ponderada_navegacao/install/cg/lib/python3.12/site-packages:/opt/ros/jazzy/lib/python3.12/site-packages /usr/bin/cmake --build /home/inteli/ponderada_navegacao/build/navegacao -- -j8 -l8
[18.735s] DEBUG:colcon.colcon_core.event_handler.log_command:Invoking command in '/home/inteli/ponderada_navegacao/build/navegacao': CMAKE_PREFIX_PATH=/home/inteli/ponderada_navegacao/install/cg_interfaces:/home/inteli/ponderada_navegacao/install/navegacao:/opt/ros/jazzy/opt/gz_math_vendor:/opt/ros/jazzy/opt/gz_utils_vendor:/opt/ros/jazzy/opt/gz_cmake_vendor:/home/inteli/ponderada_navegacao/install/cg_teleop:/home/inteli/ponderada_navegacao/install/cg:/opt/ros/jazzy DEBUGINFOD_URLS=https://debuginfod.ubuntu.com PYTHONPATH=/home/inteli/ponderada_navegacao/install/cg_interfaces/lib/python3.12/site-packages:/home/inteli/ponderada_navegacao/install/cg_teleop/lib/python3.12/site-packages:/home/inteli/ponderada_navegacao/install/cg/lib/python3.12/site-packages:/opt/ros/jazzy/lib/python3.12/site-packages /usr/bin/cmake --install /home/inteli/ponderada_navegacao/build/navegacao
[18.792s] Level 1:colcon.colcon_core.environment:create_environment_scripts_only(navegacao)
[18.797s] Level 1:colcon.colcon_core.environment:checking '/home/inteli/ponderada_navegacao/install/navegacao' for CMake module files
[18.800s] DEBUG:colcon.colcon_core.event_handler.log_command:Invoked command in '/home/inteli/ponderada_navegacao/build/navegacao' returned '0': CMAKE_PREFIX_PATH=/home/inteli/ponderada_navegacao/install/cg_interfaces:/home/inteli/ponderada_navegacao/install/navegacao:/opt/ros/jazzy/opt/gz_math_vendor:/opt/ros/jazzy/opt/gz_utils_vendor:/opt/ros/jazzy/opt/gz_cmake_vendor:/home/inteli/ponderada_navegacao/install/cg_teleop:/home/inteli/ponderada_navegacao/install/cg:/opt/ros/jazzy DEBUGINFOD_URLS=https://debuginfod.ubuntu.com PYTHONPATH=/home/inteli/ponderada_navegacao/install/cg_interfaces/lib/python3.12/site-packages:/home/inteli/ponderada_navegacao/install/cg_teleop/lib/python3.12/site-packages:/home/inteli/ponderada_navegacao/install/cg/lib/python3.12/site-packages:/opt/ros/jazzy/lib/python3.12/site-packages /usr/bin/cmake --install /home/inteli/ponderada_navegacao/build/navegacao
[18.801s] Level 1:colcon.colcon_core.environment:checking '/home/inteli/ponderada_navegacao/install/navegacao' for CMake config files
[18.801s] Level 1:colcon.colcon_core.shell:create_environment_hook('navegacao', 'cmake_prefix_path')
[18.802s] INFO:colcon.colcon_core.shell:Creating environment hook '/home/inteli/ponderada_navegacao/install/navegacao/share/navegacao/hook/cmake_prefix_path.ps1'
[18.803s] INFO:colcon.colcon_core.shell:Creating environment descriptor '/home/inteli/ponderada_navegacao/install/navegacao/share/navegacao/hook/cmake_prefix_path.dsv'
[18.804s] INFO:colcon.colcon_core.shell:Creating environment hook '/home/inteli/ponderada_navegacao/install/navegacao/share/navegacao/hook/cmake_prefix_path.sh'
[18.805s] Level 1:colcon.colcon_core.environment:checking '/home/inteli/ponderada_navegacao/install/navegacao/lib'
[18.806s] Level 1:colcon.colcon_core.environment:checking '/home/inteli/ponderada_navegacao/install/navegacao/bin'
[18.807s] Level 1:colcon.colcon_core.environment:checking '/home/inteli/ponderada_navegacao/install/navegacao/lib/pkgconfig/navegacao.pc'
[18.807s] Level 1:colcon.colcon_core.environment:checking '/home/inteli/ponderada_navegacao/install/navegacao/lib/python3.12/site-packages'
[18.808s] Level 1:colcon.colcon_core.environment:checking '/home/inteli/ponderada_navegacao/install/navegacao/bin'
[18.810s] INFO:colcon.colcon_core.shell:Creating package script '/home/inteli/ponderada_navegacao/install/navegacao/share/navegacao/package.ps1'
[18.811s] INFO:colcon.colcon_core.shell:Creating package descriptor '/home/inteli/ponderada_navegacao/install/navegacao/share/navegacao/package.dsv'
[18.813s] INFO:colcon.colcon_core.shell:Creating package script '/home/inteli/ponderada_navegacao/install/navegacao/share/navegacao/package.sh'
[18.814s] INFO:colcon.colcon_core.shell:Creating package script '/home/inteli/ponderada_navegacao/install/navegacao/share/navegacao/package.bash'
[18.815s] INFO:colcon.colcon_core.shell:Creating package script '/home/inteli/ponderada_navegacao/install/navegacao/share/navegacao/package.zsh'
[18.816s] Level 1:colcon.colcon_core.environment:create_file_with_runtime_dependencies(/home/inteli/ponderada_navegacao/install/navegacao/share/colcon-core/packages/navegacao)
[18.818s] Level 1:colcon.colcon_core.environment:create_environment_scripts_only(navegacao)
[18.818s] Level 1:colcon.colcon_core.environment:checking '/home/inteli/ponderada_navegacao/install/navegacao' for CMake module files
[18.819s] Level 1:colcon.colcon_core.environment:checking '/home/inteli/ponderada_navegacao/install/navegacao' for CMake config files
[18.819s] Level 1:colcon.colcon_core.shell:create_environment_hook('navegacao', 'cmake_prefix_path')
[18.819s] INFO:colcon.colcon_core.shell:Creating environment hook '/home/inteli/ponderada_navegacao/install/navegacao/share/navegacao/hook/cmake_prefix_path.ps1'
[18.821s] INFO:colcon.colcon_core.shell:Creating environment descriptor '/home/inteli/ponderada_navegacao/install/navegacao/share/navegacao/hook/cmake_prefix_path.dsv'
[18.821s] INFO:colcon.colcon_core.shell:Creating environment hook '/home/inteli/ponderada_navegacao/install/navegacao/share/navegacao/hook/cmake_prefix_path.sh'
[18.822s] Level 1:colcon.colcon_core.environment:checking '/home/inteli/ponderada_navegacao/install/navegacao/lib'
[18.823s] Level 1:colcon.colcon_core.environment:checking '/home/inteli/ponderada_navegacao/install/navegacao/bin'
[18.823s] Level 1:colcon.colcon_core.environment:checking '/home/inteli/ponderada_navegacao/install/navegacao/lib/pkgconfig/navegacao.pc'
[18.823s] Level 1:colcon.colcon_core.environment:checking '/home/inteli/ponderada_navegacao/install/navegacao/lib/python3.12/site-packages'
[18.824s] Level 1:colcon.colcon_core.environment:checking '/home/inteli/ponderada_navegacao/install/navegacao/bin'
[18.824s] INFO:colcon.colcon_core.shell:Creating package script '/home/inteli/ponderada_navegacao/install/navegacao/share/navegacao/package.ps1'
[18.825s] INFO:colcon.colcon_core.shell:Creating package descriptor '/home/inteli/ponderada_navegacao/install/navegacao/share/navegacao/package.dsv'
[18.826s] INFO:colcon.colcon_core.shell:Creating package script '/home/inteli/ponderada_navegacao/install/navegacao/share/navegacao/package.sh'
[18.826s] INFO:colcon.colcon_core.shell:Creating package script '/home/inteli/ponderada_navegacao/install/navegacao/share/navegacao/package.bash'
[18.827s] INFO:colcon.colcon_core.shell:Creating package script '/home/inteli/ponderada_navegacao/install/navegacao/share/navegacao/package.zsh'
[18.827s] Level 1:colcon.colcon_core.environment:create_file_with_runtime_dependencies(/home/inteli/ponderada_navegacao/install/navegacao/share/colcon-core/packages/navegacao)
[18.828s] DEBUG:colcon.colcon_parallel_executor.executor.parallel:closing loop
[18.829s] DEBUG:colcon.colcon_parallel_executor.executor.parallel:loop closed
[18.829s] DEBUG:colcon.colcon_parallel_executor.executor.parallel:run_until_complete finished with '0'
[18.829s] DEBUG:colcon.colcon_core.event_reactor:joining thread
[18.838s] INFO:colcon.colcon_core.plugin_system:Skipping extension 'colcon_notification.desktop_notification.terminal_notifier': Not used on non-Darwin systems
[18.838s] INFO:colcon.colcon_core.plugin_system:Skipping extension 'colcon_notification.desktop_notification.win32': Not used on non-Windows systems
[18.838s] INFO:colcon.colcon_notification.desktop_notification:Sending desktop notification using 'notify2'
[18.889s] DEBUG:colcon.colcon_core.event_reactor:joined thread
[18.889s] INFO:colcon.colcon_core.shell:Creating prefix script '/home/inteli/ponderada_navegacao/install/local_setup.ps1'
[18.891s] INFO:colcon.colcon_core.shell:Creating prefix util module '/home/inteli/ponderada_navegacao/install/_local_setup_util_ps1.py'
[18.893s] INFO:colcon.colcon_core.shell:Creating prefix chain script '/home/inteli/ponderada_navegacao/install/setup.ps1'
[18.895s] INFO:colcon.colcon_core.shell:Creating prefix script '/home/inteli/ponderada_navegacao/install/local_setup.sh'
[18.895s] INFO:colcon.colcon_core.shell:Creating prefix util module '/home/inteli/ponderada_navegacao/install/_local_setup_util_sh.py'
[18.896s] INFO:colcon.colcon_core.shell:Creating prefix chain script '/home/inteli/ponderada_navegacao/install/setup.sh'
[18.898s] INFO:colcon.colcon_core.shell:Creating prefix script '/home/inteli/ponderada_navegacao/install/local_setup.bash'
[18.899s] INFO:colcon.colcon_core.shell:Creating prefix chain script '/home/inteli/ponderada_navegacao/install/setup.bash'
[18.900s] INFO:colcon.colcon_core.shell:Creating prefix script '/home/inteli/ponderada_navegacao/install/local_setup.zsh'
[18.901s] INFO:colcon.colcon_core.shell:Creating prefix chain script '/home/inteli/ponderada_navegacao/install/setup.zsh'
